#
# A fatal error has been detected by the Java Runtime Environment:
#
#  EXCEPTION_ACCESS_VIOLATION (0xc0000005) at pc=0x00007ffa8329d870, pid=17528, tid=33028
#
# JRE version: OpenJDK Runtime Environment Temurin-17.0.2+8 (17.0.2+8) (build 17.0.2+8)
# Java VM: OpenJDK 64-Bit Server VM Temurin-17.0.2+8 (17.0.2+8, mixed mode, tiered, compressed oops, compressed class ptrs, g1 gc, windows-amd64)
# Problematic frame:
# C  [Proba.dll+0xd870]
#
# No core dump will be written. Minidumps are not enabled by default on client versions of Windows
#
# If you would like to submit a bug report, please visit:
#   https://github.com/adoptium/adoptium-support/issues
# The crash happened outside the Java Virtual Machine in native code.
# See problematic frame for where to report the bug.
#

---------------  S U M M A R Y ------------

Command Line: -Djava.library.path=C:\Users\Lenovo\eclipse-workspace\POOP\src -Dfile.encoding=Cp1252 -XX:+ShowCodeDetailsInExceptionMessages olympicgames.OlympicGames

Host: Intel(R) Core(TM) i5-8265U CPU @ 1.60GHz, 8 cores, 15G,  Windows 11 , 64 bit Build 22000 (10.0.22000.675)
Time: Sat Jun 11 22:32:18 2022 Central Europe Daylight Time elapsed time: 5.138584 seconds (0d 0h 0m 5s)

---------------  T H R E A D  ---------------

Current thread (0x000001dcdde9f130):  JavaThread "main" [_thread_in_native, id=33028, stack(0x0000009901d00000,0x0000009901e00000)]

Stack: [0x0000009901d00000,0x0000009901e00000],  sp=0x0000009901dff050,  free space=1020k
Native frames: (J=compiled Java code, j=interpreted, Vv=VM code, C=native code)
C  [Proba.dll+0xd870]

Java frames: (J=compiled Java code, j=interpreted, Vv=VM code)
j  olympicgames.OlympicGames.numOfParticipants(Ljava/lang/Long;Ljava/lang/Long;Ljava/lang/String;III)Ljava/util/HashMap;+0
j  olympicgames.OlympicGames.main([Ljava/lang/String;)V+64
v  ~StubRoutines::call_stub

siginfo: EXCEPTION_ACCESS_VIOLATION (0xc0000005), writing address 0x0000000000056528


Register to memory mapping:

RIP=0x00007ffa8329d870 Proba.dll
RAX=353568 is a compressed pointer to class: 0x0000000800056520
java.lang.Long {0x0000000800056528}
 - instance size:     3
 - klass size:        79
 - access:            public final synchronized 
 - state:             fully_initialized
 - name:              'java/lang/Long'
 - super:             'java/lang/Number'
 - sub:               
 - arrays:            NULL
 - methods:           Array<T>(0x000001dcfcd25ad8)
 - method ordering:   Array<T>(0x000001dcfcc00018)
 - default_methods:   Array<T>(0x0000000000000000)
 - local interfaces:  Array<T>(0x000001dcfcd25a58)
 - trans. interfaces: Array<T>(0x000001dcfcd29920)
 - constants:         constant pool [506] {0x000001dcfcd24950} for 'java/lang/Long' cache=0x000001dcfcf736f8
 - class loader data:  loader data: 0x000001dcddf7ee40 of 'bootstrap'
 - source file:       'Long.java'
 - class annotations:       Array<T>(0x000001dcfcd298c0)
 - class type annotations:  Array<T>(0x0000000000000000)
 - field annotations:       Array<T>(0x0000000000000000)
 - field type annotations:  Array<T>(0x0000000000000000)
 - generic signature: 'Ljava/lang/Number;Ljava/lang/Comparable<Ljava/lang/Long;>;Ljava/lang/constant/Constable;Ljava/lang/constant/ConstantDesc;'
 - inner classes:     Array<T>(0x000001dcfcd298d0)
 - nest members:     Array<T>(0x000001dcfcd298f0)
 - permitted subclasses:     Array<T>(0x000001dcfcc00028)
 - java mirror:       a 'java/lang/Class'{0x0000000713a05410} = 'java/lang/Long'
 - vtable length      11  (start addr: 0x00000008000566e8)
 - itable length      11 (start addr: 0x0000000800056740)
 - ---- static fields (5 words):
 - public static final 'MIN_VALUE' 'J' @120 
 - public static final 'MAX_VALUE' 'J' @128 
 - public static final 'TYPE' 'Ljava/lang/Class;' @112 
 - public static final 'SIZE' 'I' @144 
 - public static final 'BYTES' 'I' @148 
 - private static final 'serialVersionUID' 'J' @136 
 - ---- non-static fields (3 words):
 - private final 'value' 'J' @16 
 - non-static oop maps: 
RBX=0x000001dcfd60a6d0 points into unknown readable memory: 0x0000000000000000 | 00 00 00 00 00 00 00 00
RCX=0x000000007ffe0380 points into unknown readable memory: 0x0000000000000000 | 00 00 00 00 00 00 00 00
RDX=0x000000000008000c is an unknown value
RSP=0x0000009901dff050 is pointing into the stack for thread: 0x000001dcdde9f130
RBP=0x0000000713b723a0 is an oop: java.lang.Long 
{0x0000000713b723a0} - klass: 'java/lang/Long'
 - ---- fields (total size 3 words):
 - private final 'value' 'J' @16  2048655232432 (fd5e0db0 1dc)
RSI=0x0000000000000120 is an unknown value
RDI=0x0000000713b72280 is an oop: java.lang.Long 
{0x0000000713b72280} - klass: 'java/lang/Long'
 - ---- fields (total size 3 words):
 - private final 'value' 'J' @16  2048655166192 (fd5d0af0 1dc)
R8 =0x0000000000000008 is an unknown value
R9 =0x000000000000000d is an unknown value
R10=0x0 is NULL
R11=0xff0000000000001f is an unknown value
R12=0x0000009901dff438 is pointing into the stack for thread: 0x000001dcdde9f130
R13=0x0 is NULL
R14=0x0000009901dff280 is pointing into the stack for thread: 0x000001dcdde9f130
R15=0x0 is NULL


Registers:
RAX=0x0000000000056520, RBX=0x000001dcfd60a6d0, RCX=0x000000007ffe0380, RDX=0x000000000008000c
RSP=0x0000009901dff050, RBP=0x0000000713b723a0, RSI=0x0000000000000120, RDI=0x0000000713b72280
R8 =0x0000000000000008, R9 =0x000000000000000d, R10=0x0000000000000000, R11=0xff0000000000001f
R12=0x0000009901dff438, R13=0x0000000000000000, R14=0x0000009901dff280, R15=0x0000000000000000
RIP=0x00007ffa8329d870, EFLAGS=0x0000000000010202

Top of Stack: (sp=0x0000009901dff050)
0x0000009901dff050:   000001dc812f19b0 000001dc812f19b0
0x0000009901dff060:   0000009900000000 000001dcdbbe1200
0x0000009901dff070:   000001dcfd5e1a70 0000000000000000
0x0000009901dff080:   0000009901dff280 0000009901dff200
0x0000009901dff090:   0000009901dff420 00007ffa8329cec7
0x0000009901dff0a0:   0000000000000000 0000000000000009
0x0000009901dff0b0:   0000009901dff4c0 00007ffab0f35cf8
0x0000009901dff0c0:   0000000000000044 00007ffab39499fd
0x0000009901dff0d0:   0000000001790090 0000000000000050
0x0000009901dff0e0:   000001dc00000000 00007ffab0f350f8
0x0000009901dff0f0:   00007ffab102f4f8 0000000000000006
0x0000009901dff100:   0000000000000000 000001dcdbbe1080
0x0000009901dff110:   000001dc00000007 000001dcdbbe0000
0x0000009901dff120:   0000000000000050 000001dcdbbe02b4
0x0000009901dff130:   0000009901dff280 0000009901dff200
0x0000009901dff140:   0000009901dff240 0000340841b2010c 

Instructions: (pc=0x00007ffa8329d870)
0x00007ffa8329d770:   8b ce e8 39 ee ff ff 48 8b 6c 24 50 49 8b c7 4d
0x00007ffa8329d780:   89 75 08 4c 8b 74 24 20 49 89 3f 48 83 c4 28 41
0x00007ffa8329d790:   5f 41 5d 5f 5b c3 48 89 3a 49 8b c7 48 83 c4 28
0x00007ffa8329d7a0:   41 5f 41 5d 5f 5b c3 cc cc cc cc cc cc cc cc cc
0x00007ffa8329d7b0:   48 89 5c 24 18 55 56 57 41 56 41 57 48 83 ec 20
0x00007ffa8329d7c0:   45 33 ff 4c 8b f1 4c 89 39 4c 89 79 08 4c 89 79
0x00007ffa8329d7d0:   10 48 8b 3a 48 8b 6a 08 48 3b fd 0f 84 bd 00 00
0x00007ffa8329d7e0:   00 48 8b f5 48 b8 ff ff ff ff ff ff ff 0f 48 2b
0x00007ffa8329d7f0:   f7 48 c1 fe 04 48 3b f0 0f 87 b4 00 00 00 48 c1
0x00007ffa8329d800:   e6 04 48 81 fe 00 10 00 00 72 2c 48 8d 4e 27 48
0x00007ffa8329d810:   3b ce 0f 86 9a 00 00 00 e8 a3 65 00 00 48 85 c0
0x00007ffa8329d820:   74 0e 48 8d 58 27 48 83 e3 e0 48 89 43 f8 eb 1c
0x00007ffa8329d830:   ff 15 3a 8b 00 00 cc 48 85 f6 74 0d 48 8b ce e8
0x00007ffa8329d840:   7c 65 00 00 48 8b d8 eb 03 49 8b df 49 89 1e 48
0x00007ffa8329d850:   8d 04 1e 49 89 5e 08 49 89 46 10 0f 1f 44 00 00
0x00007ffa8329d860:   4c 89 3b 4c 89 7b 08 48 8b 47 08 48 85 c0 74 04
0x00007ffa8329d870:   f0 ff 40 08 48 8b 07 48 89 03 48 8b 47 08 48 83
0x00007ffa8329d880:   c7 10 48 89 43 08 48 83 c3 10 48 3b fd 75 d1 48
0x00007ffa8329d890:   8b d3 48 8b cb e8 16 ed ff ff 49 89 5e 08 48 8b
0x00007ffa8329d8a0:   5c 24 60 49 8b c6 48 83 c4 20 41 5f 41 5e 5f 5e
0x00007ffa8329d8b0:   5d c3 e8 d9 39 ff ff cc cc cc cc cc cc cc cc cc
0x00007ffa8329d8c0:   48 89 5c 24 18 57 48 83 ec 20 48 8b 19 48 8b f9
0x00007ffa8329d8d0:   48 85 db 0f 84 87 00 00 00 48 89 74 24 38 48 8b
0x00007ffa8329d8e0:   71 08 48 3b de 74 14 48 8b cb e8 51 fa ff ff 48
0x00007ffa8329d8f0:   83 c3 60 48 3b de 75 ef 48 8b 1f 48 8b 4f 10 48
0x00007ffa8329d900:   b8 ab aa aa aa aa aa aa 2a 48 8b 74 24 38 48 2b
0x00007ffa8329d910:   cb 48 f7 e9 48 c1 fa 04 48 8b c2 48 c1 e8 3f 48
0x00007ffa8329d920:   03 d0 48 8d 14 52 48 c1 e2 05 48 81 fa 00 10 00
0x00007ffa8329d930:   00 72 18 48 8b 43 f8 48 83 c2 27 48 2b d8 48 83
0x00007ffa8329d940:   c3 f8 48 83 fb 1f 77 23 48 8b d8 48 8b cb e8 a9
0x00007ffa8329d950:   64 00 00 33 c0 48 89 07 48 89 47 08 48 89 47 10
0x00007ffa8329d960:   48 8b 5c 24 40 48 83 c4 20 5f c3 ff 15 ff 89 00 


Stack slot to memory mapping:
stack at sp + 0 slots: 0x000001dc812f19b0 points into unknown readable memory: 0x000001dc812f13b0 | b0 13 2f 81 dc 01 00 00
stack at sp + 1 slots: 0x000001dc812f19b0 points into unknown readable memory: 0x000001dc812f13b0 | b0 13 2f 81 dc 01 00 00
stack at sp + 2 slots: 0x0000009900000000 is an unknown value
stack at sp + 3 slots: 0x000001dcdbbe1200 points into unknown readable memory: 0x000001dcdbbe0cc0 | c0 0c be db dc 01 00 00
stack at sp + 4 slots: 0x000001dcfd5e1a70 points into unknown readable memory: 0x6c6c6162746f6f46 | 46 6f 6f 74 62 61 6c 6c
stack at sp + 5 slots: 0x0 is NULL
stack at sp + 6 slots: 0x0000009901dff280 is pointing into the stack for thread: 0x000001dcdde9f130
stack at sp + 7 slots: 0x0000009901dff200 is pointing into the stack for thread: 0x000001dcdde9f130


---------------  P R O C E S S  ---------------

Threads class SMR info:
_java_thread_list=0x000001dcfd5ac930, length=12, elements={
0x000001dcdde9f130, 0x000001dcfc8fa6c0, 0x000001dcfc8fb7b0, 0x000001dcfd44c280,
0x000001dcfd44cc30, 0x000001dcfd44d5e0, 0x000001dcfd44df90, 0x000001dcfd44fa60,
0x000001dcfd40ae90, 0x000001dcfd40db90, 0x000001dcfd5ce150, 0x000001dcfd5d1a50
}

Java Threads: ( => current thread )
=>0x000001dcdde9f130 JavaThread "main" [_thread_in_native, id=33028, stack(0x0000009901d00000,0x0000009901e00000)]
  0x000001dcfc8fa6c0 JavaThread "Reference Handler" daemon [_thread_blocked, id=32940, stack(0x0000009902400000,0x0000009902500000)]
  0x000001dcfc8fb7b0 JavaThread "Finalizer" daemon [_thread_blocked, id=29416, stack(0x0000009902500000,0x0000009902600000)]
  0x000001dcfd44c280 JavaThread "Signal Dispatcher" daemon [_thread_blocked, id=26120, stack(0x0000009902600000,0x0000009902700000)]
  0x000001dcfd44cc30 JavaThread "Attach Listener" daemon [_thread_blocked, id=39548, stack(0x0000009902700000,0x0000009902800000)]
  0x000001dcfd44d5e0 JavaThread "Service Thread" daemon [_thread_blocked, id=26140, stack(0x0000009902800000,0x0000009902900000)]
  0x000001dcfd44df90 JavaThread "Monitor Deflation Thread" daemon [_thread_blocked, id=5624, stack(0x0000009902900000,0x0000009902a00000)]
  0x000001dcfd44fa60 JavaThread "C2 CompilerThread0" daemon [_thread_blocked, id=26668, stack(0x0000009902a00000,0x0000009902b00000)]
  0x000001dcfd40ae90 JavaThread "C1 CompilerThread0" daemon [_thread_blocked, id=36924, stack(0x0000009902b00000,0x0000009902c00000)]
  0x000001dcfd40db90 JavaThread "Sweeper thread" daemon [_thread_blocked, id=28928, stack(0x0000009902c00000,0x0000009902d00000)]
  0x000001dcfd5ce150 JavaThread "Notification Thread" daemon [_thread_blocked, id=6368, stack(0x0000009902d00000,0x0000009902e00000)]
  0x000001dcfd5d1a50 JavaThread "Common-Cleaner" daemon [_thread_blocked, id=31396, stack(0x0000009902f00000,0x0000009903000000)]

Other Threads:
  0x000001dcfc8f4f00 VMThread "VM Thread" [stack: 0x0000009902300000,0x0000009902400000] [id=40204]
  0x000001dcddf0f4c0 WatcherThread [stack: 0x0000009902e00000,0x0000009902f00000] [id=16888]
  0x000001dcddeedb90 GCTaskThread "GC Thread#0" [stack: 0x0000009901e00000,0x0000009901f00000] [id=40912]
  0x000001dcddefe6e0 ConcurrentGCThread "G1 Main Marker" [stack: 0x0000009901f00000,0x0000009902000000] [id=24976]
  0x000001dcddeff890 ConcurrentGCThread "G1 Conc#0" [stack: 0x0000009902000000,0x0000009902100000] [id=20660]
  0x000001dcddf78c00 ConcurrentGCThread "G1 Refine#0" [stack: 0x0000009902100000,0x0000009902200000] [id=27324]
  0x000001dcfc772710 ConcurrentGCThread "G1 Service" [stack: 0x0000009902200000,0x0000009902300000] [id=34716]

Threads with active compile tasks:

VM state: not at safepoint (normal execution)

VM Mutex/Monitor currently owned by a thread: None

Heap address: 0x0000000703e00000, size: 4034 MB, Compressed Oops mode: Zero based, Oop shift amount: 3

CDS archive(s) not mapped
Compressed class space mapped at: 0x0000000800000000-0x0000000840000000, reserved size: 1073741824
Narrow klass base: 0x0000000800000000, Narrow klass shift: 0, Narrow klass range: 0x40000000

GC Precious Log:
 CPUs: 8 total, 8 available
 Memory: 16131M
 Large Page Support: Disabled
 NUMA Support: Disabled
 Compressed Oops: Enabled (Zero based)
 Heap Region Size: 2M
 Heap Min Capacity: 8M
 Heap Initial Capacity: 254M
 Heap Max Capacity: 4034M
 Pre-touch: Disabled
 Parallel Workers: 8
 Concurrent Workers: 2
 Concurrent Refinement Workers: 8
 Periodic GC: Disabled

Heap:
 garbage-first heap   total 260096K, used 0K [0x0000000703e00000, 0x0000000800000000)
  region size 2048K, 1 young (2048K), 0 survivors (0K)
 Metaspace       used 3854K, committed 4032K, reserved 1056768K
  class space    used 314K, committed 384K, reserved 1048576K

Heap Regions: E=young(eden), S=young(survivor), O=old, HS=humongous(starts), HC=humongous(continues), CS=collection set, F=free, OA=open archive, CA=closed archive, TAMS=top-at-mark-start (previous, next)
|   0|0x0000000703e00000, 0x0000000703e00000, 0x0000000704000000|  0%| F|  |TAMS 0x0000000703e00000, 0x0000000703e00000| Untracked 
|   1|0x0000000704000000, 0x0000000704000000, 0x0000000704200000|  0%| F|  |TAMS 0x0000000704000000, 0x0000000704000000| Untracked 
|   2|0x0000000704200000, 0x0000000704200000, 0x0000000704400000|  0%| F|  |TAMS 0x0000000704200000, 0x0000000704200000| Untracked 
|   3|0x0000000704400000, 0x0000000704400000, 0x0000000704600000|  0%| F|  |TAMS 0x0000000704400000, 0x0000000704400000| Untracked 
|   4|0x0000000704600000, 0x0000000704600000, 0x0000000704800000|  0%| F|  |TAMS 0x0000000704600000, 0x0000000704600000| Untracked 
|   5|0x0000000704800000, 0x0000000704800000, 0x0000000704a00000|  0%| F|  |TAMS 0x0000000704800000, 0x0000000704800000| Untracked 
|   6|0x0000000704a00000, 0x0000000704a00000, 0x0000000704c00000|  0%| F|  |TAMS 0x0000000704a00000, 0x0000000704a00000| Untracked 
|   7|0x0000000704c00000, 0x0000000704c00000, 0x0000000704e00000|  0%| F|  |TAMS 0x0000000704c00000, 0x0000000704c00000| Untracked 
|   8|0x0000000704e00000, 0x0000000704e00000, 0x0000000705000000|  0%| F|  |TAMS 0x0000000704e00000, 0x0000000704e00000| Untracked 
|   9|0x0000000705000000, 0x0000000705000000, 0x0000000705200000|  0%| F|  |TAMS 0x0000000705000000, 0x0000000705000000| Untracked 
|  10|0x0000000705200000, 0x0000000705200000, 0x0000000705400000|  0%| F|  |TAMS 0x0000000705200000, 0x0000000705200000| Untracked 
|  11|0x0000000705400000, 0x0000000705400000, 0x0000000705600000|  0%| F|  |TAMS 0x0000000705400000, 0x0000000705400000| Untracked 
|  12|0x0000000705600000, 0x0000000705600000, 0x0000000705800000|  0%| F|  |TAMS 0x0000000705600000, 0x0000000705600000| Untracked 
|  13|0x0000000705800000, 0x0000000705800000, 0x0000000705a00000|  0%| F|  |TAMS 0x0000000705800000, 0x0000000705800000| Untracked 
|  14|0x0000000705a00000, 0x0000000705a00000, 0x0000000705c00000|  0%| F|  |TAMS 0x0000000705a00000, 0x0000000705a00000| Untracked 
|  15|0x0000000705c00000, 0x0000000705c00000, 0x0000000705e00000|  0%| F|  |TAMS 0x0000000705c00000, 0x0000000705c00000| Untracked 
|  16|0x0000000705e00000, 0x0000000705e00000, 0x0000000706000000|  0%| F|  |TAMS 0x0000000705e00000, 0x0000000705e00000| Untracked 
|  17|0x0000000706000000, 0x0000000706000000, 0x0000000706200000|  0%| F|  |TAMS 0x0000000706000000, 0x0000000706000000| Untracked 
|  18|0x0000000706200000, 0x0000000706200000, 0x0000000706400000|  0%| F|  |TAMS 0x0000000706200000, 0x0000000706200000| Untracked 
|  19|0x0000000706400000, 0x0000000706400000, 0x0000000706600000|  0%| F|  |TAMS 0x0000000706400000, 0x0000000706400000| Untracked 
|  20|0x0000000706600000, 0x0000000706600000, 0x0000000706800000|  0%| F|  |TAMS 0x0000000706600000, 0x0000000706600000| Untracked 
|  21|0x0000000706800000, 0x0000000706800000, 0x0000000706a00000|  0%| F|  |TAMS 0x0000000706800000, 0x0000000706800000| Untracked 
|  22|0x0000000706a00000, 0x0000000706a00000, 0x0000000706c00000|  0%| F|  |TAMS 0x0000000706a00000, 0x0000000706a00000| Untracked 
|  23|0x0000000706c00000, 0x0000000706c00000, 0x0000000706e00000|  0%| F|  |TAMS 0x0000000706c00000, 0x0000000706c00000| Untracked 
|  24|0x0000000706e00000, 0x0000000706e00000, 0x0000000707000000|  0%| F|  |TAMS 0x0000000706e00000, 0x0000000706e00000| Untracked 
|  25|0x0000000707000000, 0x0000000707000000, 0x0000000707200000|  0%| F|  |TAMS 0x0000000707000000, 0x0000000707000000| Untracked 
|  26|0x0000000707200000, 0x0000000707200000, 0x0000000707400000|  0%| F|  |TAMS 0x0000000707200000, 0x0000000707200000| Untracked 
|  27|0x0000000707400000, 0x0000000707400000, 0x0000000707600000|  0%| F|  |TAMS 0x0000000707400000, 0x0000000707400000| Untracked 
|  28|0x0000000707600000, 0x0000000707600000, 0x0000000707800000|  0%| F|  |TAMS 0x0000000707600000, 0x0000000707600000| Untracked 
|  29|0x0000000707800000, 0x0000000707800000, 0x0000000707a00000|  0%| F|  |TAMS 0x0000000707800000, 0x0000000707800000| Untracked 
|  30|0x0000000707a00000, 0x0000000707a00000, 0x0000000707c00000|  0%| F|  |TAMS 0x0000000707a00000, 0x0000000707a00000| Untracked 
|  31|0x0000000707c00000, 0x0000000707c00000, 0x0000000707e00000|  0%| F|  |TAMS 0x0000000707c00000, 0x0000000707c00000| Untracked 
|  32|0x0000000707e00000, 0x0000000707e00000, 0x0000000708000000|  0%| F|  |TAMS 0x0000000707e00000, 0x0000000707e00000| Untracked 
|  33|0x0000000708000000, 0x0000000708000000, 0x0000000708200000|  0%| F|  |TAMS 0x0000000708000000, 0x0000000708000000| Untracked 
|  34|0x0000000708200000, 0x0000000708200000, 0x0000000708400000|  0%| F|  |TAMS 0x0000000708200000, 0x0000000708200000| Untracked 
|  35|0x0000000708400000, 0x0000000708400000, 0x0000000708600000|  0%| F|  |TAMS 0x0000000708400000, 0x0000000708400000| Untracked 
|  36|0x0000000708600000, 0x0000000708600000, 0x0000000708800000|  0%| F|  |TAMS 0x0000000708600000, 0x0000000708600000| Untracked 
|  37|0x0000000708800000, 0x0000000708800000, 0x0000000708a00000|  0%| F|  |TAMS 0x0000000708800000, 0x0000000708800000| Untracked 
|  38|0x0000000708a00000, 0x0000000708a00000, 0x0000000708c00000|  0%| F|  |TAMS 0x0000000708a00000, 0x0000000708a00000| Untracked 
|  39|0x0000000708c00000, 0x0000000708c00000, 0x0000000708e00000|  0%| F|  |TAMS 0x0000000708c00000, 0x0000000708c00000| Untracked 
|  40|0x0000000708e00000, 0x0000000708e00000, 0x0000000709000000|  0%| F|  |TAMS 0x0000000708e00000, 0x0000000708e00000| Untracked 
|  41|0x0000000709000000, 0x0000000709000000, 0x0000000709200000|  0%| F|  |TAMS 0x0000000709000000, 0x0000000709000000| Untracked 
|  42|0x0000000709200000, 0x0000000709200000, 0x0000000709400000|  0%| F|  |TAMS 0x0000000709200000, 0x0000000709200000| Untracked 
|  43|0x0000000709400000, 0x0000000709400000, 0x0000000709600000|  0%| F|  |TAMS 0x0000000709400000, 0x0000000709400000| Untracked 
|  44|0x0000000709600000, 0x0000000709600000, 0x0000000709800000|  0%| F|  |TAMS 0x0000000709600000, 0x0000000709600000| Untracked 
|  45|0x0000000709800000, 0x0000000709800000, 0x0000000709a00000|  0%| F|  |TAMS 0x0000000709800000, 0x0000000709800000| Untracked 
|  46|0x0000000709a00000, 0x0000000709a00000, 0x0000000709c00000|  0%| F|  |TAMS 0x0000000709a00000, 0x0000000709a00000| Untracked 
|  47|0x0000000709c00000, 0x0000000709c00000, 0x0000000709e00000|  0%| F|  |TAMS 0x0000000709c00000, 0x0000000709c00000| Untracked 
|  48|0x0000000709e00000, 0x0000000709e00000, 0x000000070a000000|  0%| F|  |TAMS 0x0000000709e00000, 0x0000000709e00000| Untracked 
|  49|0x000000070a000000, 0x000000070a000000, 0x000000070a200000|  0%| F|  |TAMS 0x000000070a000000, 0x000000070a000000| Untracked 
|  50|0x000000070a200000, 0x000000070a200000, 0x000000070a400000|  0%| F|  |TAMS 0x000000070a200000, 0x000000070a200000| Untracked 
|  51|0x000000070a400000, 0x000000070a400000, 0x000000070a600000|  0%| F|  |TAMS 0x000000070a400000, 0x000000070a400000| Untracked 
|  52|0x000000070a600000, 0x000000070a600000, 0x000000070a800000|  0%| F|  |TAMS 0x000000070a600000, 0x000000070a600000| Untracked 
|  53|0x000000070a800000, 0x000000070a800000, 0x000000070aa00000|  0%| F|  |TAMS 0x000000070a800000, 0x000000070a800000| Untracked 
|  54|0x000000070aa00000, 0x000000070aa00000, 0x000000070ac00000|  0%| F|  |TAMS 0x000000070aa00000, 0x000000070aa00000| Untracked 
|  55|0x000000070ac00000, 0x000000070ac00000, 0x000000070ae00000|  0%| F|  |TAMS 0x000000070ac00000, 0x000000070ac00000| Untracked 
|  56|0x000000070ae00000, 0x000000070ae00000, 0x000000070b000000|  0%| F|  |TAMS 0x000000070ae00000, 0x000000070ae00000| Untracked 
|  57|0x000000070b000000, 0x000000070b000000, 0x000000070b200000|  0%| F|  |TAMS 0x000000070b000000, 0x000000070b000000| Untracked 
|  58|0x000000070b200000, 0x000000070b200000, 0x000000070b400000|  0%| F|  |TAMS 0x000000070b200000, 0x000000070b200000| Untracked 
|  59|0x000000070b400000, 0x000000070b400000, 0x000000070b600000|  0%| F|  |TAMS 0x000000070b400000, 0x000000070b400000| Untracked 
|  60|0x000000070b600000, 0x000000070b600000, 0x000000070b800000|  0%| F|  |TAMS 0x000000070b600000, 0x000000070b600000| Untracked 
|  61|0x000000070b800000, 0x000000070b800000, 0x000000070ba00000|  0%| F|  |TAMS 0x000000070b800000, 0x000000070b800000| Untracked 
|  62|0x000000070ba00000, 0x000000070ba00000, 0x000000070bc00000|  0%| F|  |TAMS 0x000000070ba00000, 0x000000070ba00000| Untracked 
|  63|0x000000070bc00000, 0x000000070bc00000, 0x000000070be00000|  0%| F|  |TAMS 0x000000070bc00000, 0x000000070bc00000| Untracked 
|  64|0x000000070be00000, 0x000000070be00000, 0x000000070c000000|  0%| F|  |TAMS 0x000000070be00000, 0x000000070be00000| Untracked 
|  65|0x000000070c000000, 0x000000070c000000, 0x000000070c200000|  0%| F|  |TAMS 0x000000070c000000, 0x000000070c000000| Untracked 
|  66|0x000000070c200000, 0x000000070c200000, 0x000000070c400000|  0%| F|  |TAMS 0x000000070c200000, 0x000000070c200000| Untracked 
|  67|0x000000070c400000, 0x000000070c400000, 0x000000070c600000|  0%| F|  |TAMS 0x000000070c400000, 0x000000070c400000| Untracked 
|  68|0x000000070c600000, 0x000000070c600000, 0x000000070c800000|  0%| F|  |TAMS 0x000000070c600000, 0x000000070c600000| Untracked 
|  69|0x000000070c800000, 0x000000070c800000, 0x000000070ca00000|  0%| F|  |TAMS 0x000000070c800000, 0x000000070c800000| Untracked 
|  70|0x000000070ca00000, 0x000000070ca00000, 0x000000070cc00000|  0%| F|  |TAMS 0x000000070ca00000, 0x000000070ca00000| Untracked 
|  71|0x000000070cc00000, 0x000000070cc00000, 0x000000070ce00000|  0%| F|  |TAMS 0x000000070cc00000, 0x000000070cc00000| Untracked 
|  72|0x000000070ce00000, 0x000000070ce00000, 0x000000070d000000|  0%| F|  |TAMS 0x000000070ce00000, 0x000000070ce00000| Untracked 
|  73|0x000000070d000000, 0x000000070d000000, 0x000000070d200000|  0%| F|  |TAMS 0x000000070d000000, 0x000000070d000000| Untracked 
|  74|0x000000070d200000, 0x000000070d200000, 0x000000070d400000|  0%| F|  |TAMS 0x000000070d200000, 0x000000070d200000| Untracked 
|  75|0x000000070d400000, 0x000000070d400000, 0x000000070d600000|  0%| F|  |TAMS 0x000000070d400000, 0x000000070d400000| Untracked 
|  76|0x000000070d600000, 0x000000070d600000, 0x000000070d800000|  0%| F|  |TAMS 0x000000070d600000, 0x000000070d600000| Untracked 
|  77|0x000000070d800000, 0x000000070d800000, 0x000000070da00000|  0%| F|  |TAMS 0x000000070d800000, 0x000000070d800000| Untracked 
|  78|0x000000070da00000, 0x000000070da00000, 0x000000070dc00000|  0%| F|  |TAMS 0x000000070da00000, 0x000000070da00000| Untracked 
|  79|0x000000070dc00000, 0x000000070dc00000, 0x000000070de00000|  0%| F|  |TAMS 0x000000070dc00000, 0x000000070dc00000| Untracked 
|  80|0x000000070de00000, 0x000000070de00000, 0x000000070e000000|  0%| F|  |TAMS 0x000000070de00000, 0x000000070de00000| Untracked 
|  81|0x000000070e000000, 0x000000070e000000, 0x000000070e200000|  0%| F|  |TAMS 0x000000070e000000, 0x000000070e000000| Untracked 
|  82|0x000000070e200000, 0x000000070e200000, 0x000000070e400000|  0%| F|  |TAMS 0x000000070e200000, 0x000000070e200000| Untracked 
|  83|0x000000070e400000, 0x000000070e400000, 0x000000070e600000|  0%| F|  |TAMS 0x000000070e400000, 0x000000070e400000| Untracked 
|  84|0x000000070e600000, 0x000000070e600000, 0x000000070e800000|  0%| F|  |TAMS 0x000000070e600000, 0x000000070e600000| Untracked 
|  85|0x000000070e800000, 0x000000070e800000, 0x000000070ea00000|  0%| F|  |TAMS 0x000000070e800000, 0x000000070e800000| Untracked 
|  86|0x000000070ea00000, 0x000000070ea00000, 0x000000070ec00000|  0%| F|  |TAMS 0x000000070ea00000, 0x000000070ea00000| Untracked 
|  87|0x000000070ec00000, 0x000000070ec00000, 0x000000070ee00000|  0%| F|  |TAMS 0x000000070ec00000, 0x000000070ec00000| Untracked 
|  88|0x000000070ee00000, 0x000000070ee00000, 0x000000070f000000|  0%| F|  |TAMS 0x000000070ee00000, 0x000000070ee00000| Untracked 
|  89|0x000000070f000000, 0x000000070f000000, 0x000000070f200000|  0%| F|  |TAMS 0x000000070f000000, 0x000000070f000000| Untracked 
|  90|0x000000070f200000, 0x000000070f200000, 0x000000070f400000|  0%| F|  |TAMS 0x000000070f200000, 0x000000070f200000| Untracked 
|  91|0x000000070f400000, 0x000000070f400000, 0x000000070f600000|  0%| F|  |TAMS 0x000000070f400000, 0x000000070f400000| Untracked 
|  92|0x000000070f600000, 0x000000070f600000, 0x000000070f800000|  0%| F|  |TAMS 0x000000070f600000, 0x000000070f600000| Untracked 
|  93|0x000000070f800000, 0x000000070f800000, 0x000000070fa00000|  0%| F|  |TAMS 0x000000070f800000, 0x000000070f800000| Untracked 
|  94|0x000000070fa00000, 0x000000070fa00000, 0x000000070fc00000|  0%| F|  |TAMS 0x000000070fa00000, 0x000000070fa00000| Untracked 
|  95|0x000000070fc00000, 0x000000070fc00000, 0x000000070fe00000|  0%| F|  |TAMS 0x000000070fc00000, 0x000000070fc00000| Untracked 
|  96|0x000000070fe00000, 0x000000070fe00000, 0x0000000710000000|  0%| F|  |TAMS 0x000000070fe00000, 0x000000070fe00000| Untracked 
|  97|0x0000000710000000, 0x0000000710000000, 0x0000000710200000|  0%| F|  |TAMS 0x0000000710000000, 0x0000000710000000| Untracked 
|  98|0x0000000710200000, 0x0000000710200000, 0x0000000710400000|  0%| F|  |TAMS 0x0000000710200000, 0x0000000710200000| Untracked 
|  99|0x0000000710400000, 0x0000000710400000, 0x0000000710600000|  0%| F|  |TAMS 0x0000000710400000, 0x0000000710400000| Untracked 
| 100|0x0000000710600000, 0x0000000710600000, 0x0000000710800000|  0%| F|  |TAMS 0x0000000710600000, 0x0000000710600000| Untracked 
| 101|0x0000000710800000, 0x0000000710800000, 0x0000000710a00000|  0%| F|  |TAMS 0x0000000710800000, 0x0000000710800000| Untracked 
| 102|0x0000000710a00000, 0x0000000710a00000, 0x0000000710c00000|  0%| F|  |TAMS 0x0000000710a00000, 0x0000000710a00000| Untracked 
| 103|0x0000000710c00000, 0x0000000710c00000, 0x0000000710e00000|  0%| F|  |TAMS 0x0000000710c00000, 0x0000000710c00000| Untracked 
| 104|0x0000000710e00000, 0x0000000710e00000, 0x0000000711000000|  0%| F|  |TAMS 0x0000000710e00000, 0x0000000710e00000| Untracked 
| 105|0x0000000711000000, 0x0000000711000000, 0x0000000711200000|  0%| F|  |TAMS 0x0000000711000000, 0x0000000711000000| Untracked 
| 106|0x0000000711200000, 0x0000000711200000, 0x0000000711400000|  0%| F|  |TAMS 0x0000000711200000, 0x0000000711200000| Untracked 
| 107|0x0000000711400000, 0x0000000711400000, 0x0000000711600000|  0%| F|  |TAMS 0x0000000711400000, 0x0000000711400000| Untracked 
| 108|0x0000000711600000, 0x0000000711600000, 0x0000000711800000|  0%| F|  |TAMS 0x0000000711600000, 0x0000000711600000| Untracked 
| 109|0x0000000711800000, 0x0000000711800000, 0x0000000711a00000|  0%| F|  |TAMS 0x0000000711800000, 0x0000000711800000| Untracked 
| 110|0x0000000711a00000, 0x0000000711a00000, 0x0000000711c00000|  0%| F|  |TAMS 0x0000000711a00000, 0x0000000711a00000| Untracked 
| 111|0x0000000711c00000, 0x0000000711c00000, 0x0000000711e00000|  0%| F|  |TAMS 0x0000000711c00000, 0x0000000711c00000| Untracked 
| 112|0x0000000711e00000, 0x0000000711e00000, 0x0000000712000000|  0%| F|  |TAMS 0x0000000711e00000, 0x0000000711e00000| Untracked 
| 113|0x0000000712000000, 0x0000000712000000, 0x0000000712200000|  0%| F|  |TAMS 0x0000000712000000, 0x0000000712000000| Untracked 
| 114|0x0000000712200000, 0x0000000712200000, 0x0000000712400000|  0%| F|  |TAMS 0x0000000712200000, 0x0000000712200000| Untracked 
| 115|0x0000000712400000, 0x0000000712400000, 0x0000000712600000|  0%| F|  |TAMS 0x0000000712400000, 0x0000000712400000| Untracked 
| 116|0x0000000712600000, 0x0000000712600000, 0x0000000712800000|  0%| F|  |TAMS 0x0000000712600000, 0x0000000712600000| Untracked 
| 117|0x0000000712800000, 0x0000000712800000, 0x0000000712a00000|  0%| F|  |TAMS 0x0000000712800000, 0x0000000712800000| Untracked 
| 118|0x0000000712a00000, 0x0000000712a00000, 0x0000000712c00000|  0%| F|  |TAMS 0x0000000712a00000, 0x0000000712a00000| Untracked 
| 119|0x0000000712c00000, 0x0000000712c00000, 0x0000000712e00000|  0%| F|  |TAMS 0x0000000712c00000, 0x0000000712c00000| Untracked 
| 120|0x0000000712e00000, 0x0000000712e00000, 0x0000000713000000|  0%| F|  |TAMS 0x0000000712e00000, 0x0000000712e00000| Untracked 
| 121|0x0000000713000000, 0x0000000713000000, 0x0000000713200000|  0%| F|  |TAMS 0x0000000713000000, 0x0000000713000000| Untracked 
| 122|0x0000000713200000, 0x0000000713200000, 0x0000000713400000|  0%| F|  |TAMS 0x0000000713200000, 0x0000000713200000| Untracked 
| 123|0x0000000713400000, 0x0000000713400000, 0x0000000713600000|  0%| F|  |TAMS 0x0000000713400000, 0x0000000713400000| Untracked 
| 124|0x0000000713600000, 0x0000000713600000, 0x0000000713800000|  0%| F|  |TAMS 0x0000000713600000, 0x0000000713600000| Untracked 
| 125|0x0000000713800000, 0x0000000713800000, 0x0000000713a00000|  0%| F|  |TAMS 0x0000000713800000, 0x0000000713800000| Untracked 
| 126|0x0000000713a00000, 0x0000000713bc2a40, 0x0000000713c00000| 88%| E|  |TAMS 0x0000000713a00000, 0x0000000713a00000| Complete 

Card table byte_map: [0x000001dcf1080000,0x000001dcf1870000] _byte_map_base: 0x000001dced861000

Marking Bits (Prev, Next): (CMBitMap*) 0x000001dcddeee1a0, (CMBitMap*) 0x000001dcddeee1e0
 Prev Bits: [0x000001dcf2060000, 0x000001dcf5f68000)
 Next Bits: [0x000001dcf5f70000, 0x000001dcf9e78000)

Polling page: 0x000001dcdd680000

Metaspace:

Usage:
  Non-class:      3.46 MB used.
      Class:    314.24 KB used.
       Both:      3.76 MB used.

Virtual space:
  Non-class space:        8.00 MB reserved,       3.56 MB ( 45%) committed,  1 nodes.
      Class space:        1.00 GB reserved,     384.00 KB ( <1%) committed,  1 nodes.
             Both:        1.01 GB reserved,       3.94 MB ( <1%) committed. 

Chunk freelists:
   Non-Class:  4.00 MB
       Class:  3.62 MB
        Both:  7.62 MB

MaxMetaspaceSize: unlimited
CompressedClassSpaceSize: 1.00 GB
Initial GC threshold: 21.00 MB
Current GC threshold: 21.00 MB
CDS: off
MetaspaceReclaimPolicy: balanced
 - commit_granule_bytes: 65536.
 - commit_granule_words: 8192.
 - virtual_space_node_default_size: 1048576.
 - enlarge_chunks_in_place: 1.
 - new_chunks_are_fully_committed: 0.
 - uncommit_free_chunks: 1.
 - use_allocation_guard: 0.
 - handle_deallocations: 1.


Internal statistics:

num_allocs_failed_limit: 0.
num_arena_births: 4.
num_arena_deaths: 0.
num_vsnodes_births: 2.
num_vsnodes_deaths: 0.
num_space_committed: 63.
num_space_uncommitted: 0.
num_chunks_returned_to_freelist: 0.
num_chunks_taken_from_freelist: 6.
num_chunk_merges: 0.
num_chunk_splits: 2.
num_chunks_enlarged: 0.
num_purges: 0.
num_inconsistent_stats: 0.

CodeHeap 'non-profiled nmethods': size=120000Kb used=12Kb max_used=12Kb free=119987Kb
 bounds [0x000001dce9030000, 0x000001dce92a0000, 0x000001dcf0560000]
CodeHeap 'profiled nmethods': size=120000Kb used=85Kb max_used=85Kb free=119914Kb
 bounds [0x000001dce1b00000, 0x000001dce1d70000, 0x000001dce9030000]
CodeHeap 'non-nmethods': size=5760Kb used=1033Kb max_used=1037Kb free=4726Kb
 bounds [0x000001dce1560000, 0x000001dce17d0000, 0x000001dce1b00000]
 total_blobs=353 nmethods=65 adapters=201
 compilation: enabled
              stopped_count=0, restarted_count=0
 full_count=0

Compilation events (20 events):
Event: 0.110 Thread 0x000001dcfd40ae90   58       3       java.util.HashSet::add (20 bytes)
Event: 0.110 Thread 0x000001dcfd40ae90 nmethod 58 0x000001dce1b13b10 code [0x000001dce1b13cc0, 0x000001dce1b13e88]
Event: 0.110 Thread 0x000001dcfd40ae90   60       3       java.lang.module.ResolvedModule::name (11 bytes)
Event: 0.111 Thread 0x000001dcfd40ae90 nmethod 60 0x000001dce1b13f90 code [0x000001dce1b14120, 0x000001dce1b14298]
Event: 0.111 Thread 0x000001dcfd40ae90   55       1       java.lang.module.ModuleDescriptor::isAutomatic (5 bytes)
Event: 0.111 Thread 0x000001dcfd40ae90 nmethod 55 0x000001dce9032590 code [0x000001dce9032720, 0x000001dce90327f8]
Event: 0.111 Thread 0x000001dcfd40ae90   59       1       java.lang.module.ResolvedModule::configuration (5 bytes)
Event: 0.111 Thread 0x000001dcfd40ae90 nmethod 59 0x000001dce9032890 code [0x000001dce9032a20, 0x000001dce9032af8]
Event: 0.111 Thread 0x000001dcfd40ae90   57       1       java.lang.module.ModuleDescriptor$Exports::targets (5 bytes)
Event: 0.111 Thread 0x000001dcfd40ae90 nmethod 57 0x000001dce9032b90 code [0x000001dce9032d20, 0x000001dce9032df8]
Event: 0.111 Thread 0x000001dcfd40ae90   61       3       java.util.ImmutableCollections$Set12::iterator (9 bytes)
Event: 0.111 Thread 0x000001dcfd40ae90 nmethod 61 0x000001dce1b14390 code [0x000001dce1b14540, 0x000001dce1b14838]
Event: 0.111 Thread 0x000001dcfd40ae90   62       3       java.util.ImmutableCollections$Set12$1::<init> (32 bytes)
Event: 0.111 Thread 0x000001dcfd40ae90 nmethod 62 0x000001dce1b14910 code [0x000001dce1b14ac0, 0x000001dce1b14cf8]
Event: 0.112 Thread 0x000001dcfd40ae90   63       1       java.util.ImmutableCollections$Set12::isEmpty (2 bytes)
Event: 0.112 Thread 0x000001dcfd40ae90 nmethod 63 0x000001dce9032e90 code [0x000001dce9033020, 0x000001dce90330f8]
Event: 0.116 Thread 0x000001dcfd40ae90   64       3       java.lang.AbstractStringBuilder::ensureCapacityInternal (39 bytes)
Event: 0.116 Thread 0x000001dcfd40ae90 nmethod 64 0x000001dce1b14e10 code [0x000001dce1b14fc0, 0x000001dce1b151f8]
Event: 0.120 Thread 0x000001dcfd40ae90   65       3       java.lang.String::isEmpty (14 bytes)
Event: 0.120 Thread 0x000001dcfd40ae90 nmethod 65 0x000001dce1b15310 code [0x000001dce1b154a0, 0x000001dce1b15618]

GC Heap History (0 events):
No events

Deoptimization events (0 events):
No events

Classes unloaded (0 events):
No events

Classes redefined (0 events):
No events

Internal exceptions (0 events):
No events

VM Operations (2 events):
Event: 2.046 Executing VM operation: Cleanup
Event: 2.046 Executing VM operation: Cleanup done

Events (20 events):
Event: 0.136 loading class java/nio/CharBuffer
Event: 0.136 loading class java/lang/Readable
Event: 0.136 loading class java/lang/Readable done
Event: 0.136 loading class java/nio/CharBuffer done
Event: 0.136 loading class java/nio/HeapCharBuffer
Event: 0.136 loading class java/nio/HeapCharBuffer done
Event: 0.136 loading class java/nio/charset/CoderResult
Event: 0.136 loading class java/nio/charset/CoderResult done
Event: 0.137 loading class java/util/concurrent/ConcurrentHashMap$ValuesView
Event: 0.137 loading class java/util/concurrent/ConcurrentHashMap$CollectionView
Event: 0.137 loading class java/util/concurrent/ConcurrentHashMap$CollectionView done
Event: 0.137 loading class java/util/concurrent/ConcurrentHashMap$ValuesView done
Event: 0.137 loading class java/util/concurrent/ConcurrentHashMap$ValueIterator
Event: 0.137 loading class java/util/Enumeration
Event: 0.137 loading class java/util/Enumeration done
Event: 0.137 loading class java/util/concurrent/ConcurrentHashMap$BaseIterator
Event: 0.137 loading class java/util/concurrent/ConcurrentHashMap$Traverser
Event: 0.137 loading class java/util/concurrent/ConcurrentHashMap$Traverser done
Event: 0.137 loading class java/util/concurrent/ConcurrentHashMap$BaseIterator done
Event: 0.137 loading class java/util/concurrent/ConcurrentHashMap$ValueIterator done


Dynamic libraries:
0x00007ff71d320000 - 0x00007ff71d32e000 	C:\Users\Lenovo\.p2\pool\plugins\org.eclipse.justj.openjdk.hotspot.jre.full.win32.x86_64_17.0.2.v20220201-1208\jre\bin\javaw.exe
0x00007ffab3920000 - 0x00007ffab3b29000 	C:\WINDOWS\SYSTEM32\ntdll.dll
0x00007ffab2710000 - 0x00007ffab27cd000 	C:\WINDOWS\System32\KERNEL32.DLL
0x00007ffab1050000 - 0x00007ffab13c9000 	C:\WINDOWS\System32\KERNELBASE.dll
0x00007ffab0f30000 - 0x00007ffab1041000 	C:\WINDOWS\System32\ucrtbase.dll
0x00007ffa9ac70000 - 0x00007ffa9ac88000 	C:\Users\Lenovo\.p2\pool\plugins\org.eclipse.justj.openjdk.hotspot.jre.full.win32.x86_64_17.0.2.v20220201-1208\jre\bin\jli.dll
0x00007ffa8e470000 - 0x00007ffa8e489000 	C:\Users\Lenovo\.p2\pool\plugins\org.eclipse.justj.openjdk.hotspot.jre.full.win32.x86_64_17.0.2.v20220201-1208\jre\bin\VCRUNTIME140.dll
0x00007ffab1e50000 - 0x00007ffab1ffc000 	C:\WINDOWS\System32\USER32.dll
0x00007ffa93c20000 - 0x00007ffa93ec5000 	C:\WINDOWS\WinSxS\amd64_microsoft.windows.common-controls_6595b64144ccf1df_6.0.22000.120_none_9d947278b86cc467\COMCTL32.dll
0x00007ffab1660000 - 0x00007ffab1686000 	C:\WINDOWS\System32\win32u.dll
0x00007ffab2880000 - 0x00007ffab2923000 	C:\WINDOWS\System32\msvcrt.dll
0x00007ffab3890000 - 0x00007ffab38b9000 	C:\WINDOWS\System32\GDI32.dll
0x00007ffab0e10000 - 0x00007ffab0f22000 	C:\WINDOWS\System32\gdi32full.dll
0x00007ffab15c0000 - 0x00007ffab165d000 	C:\WINDOWS\System32\msvcp_win.dll
0x00007ffab3160000 - 0x00007ffab3191000 	C:\WINDOWS\System32\IMM32.DLL
0x00007ffa9c040000 - 0x00007ffa9c04c000 	C:\Users\Lenovo\.p2\pool\plugins\org.eclipse.justj.openjdk.hotspot.jre.full.win32.x86_64_17.0.2.v20220201-1208\jre\bin\vcruntime140_1.dll
0x00007ffa559e0000 - 0x00007ffa55a71000 	C:\Users\Lenovo\.p2\pool\plugins\org.eclipse.justj.openjdk.hotspot.jre.full.win32.x86_64_17.0.2.v20220201-1208\jre\bin\msvcp140.dll
0x00007ffa2bc60000 - 0x00007ffa2c8a7000 	C:\Users\Lenovo\.p2\pool\plugins\org.eclipse.justj.openjdk.hotspot.jre.full.win32.x86_64_17.0.2.v20220201-1208\jre\bin\server\jvm.dll
0x00007ffab27d0000 - 0x00007ffab287e000 	C:\WINDOWS\System32\ADVAPI32.dll
0x00007ffab2390000 - 0x00007ffab242e000 	C:\WINDOWS\System32\sechost.dll
0x00007ffab18c0000 - 0x00007ffab19e0000 	C:\WINDOWS\System32\RPCRT4.dll
0x00007ffab2930000 - 0x00007ffab2938000 	C:\WINDOWS\System32\PSAPI.DLL
0x00007ffaa8ec0000 - 0x00007ffaa8eca000 	C:\WINDOWS\SYSTEM32\VERSION.dll
0x00007ffaa9690000 - 0x00007ffaa96c3000 	C:\WINDOWS\SYSTEM32\WINMM.dll
0x00007ffa9c7e0000 - 0x00007ffa9c7e9000 	C:\WINDOWS\SYSTEM32\WSOCK32.dll
0x00007ffab2640000 - 0x00007ffab26af000 	C:\WINDOWS\System32\WS2_32.dll
0x00007ffaaffc0000 - 0x00007ffaaffd8000 	C:\WINDOWS\SYSTEM32\kernel.appcore.dll
0x00007ffa9c790000 - 0x00007ffa9c79a000 	C:\Users\Lenovo\.p2\pool\plugins\org.eclipse.justj.openjdk.hotspot.jre.full.win32.x86_64_17.0.2.v20220201-1208\jre\bin\jimage.dll
0x00007ffaaeac0000 - 0x00007ffaaece1000 	C:\WINDOWS\SYSTEM32\DBGHELP.DLL
0x00007ffaa5110000 - 0x00007ffaa5141000 	C:\WINDOWS\SYSTEM32\dbgcore.DLL
0x00007ffab13d0000 - 0x00007ffab144f000 	C:\WINDOWS\System32\bcryptPrimitives.dll
0x00007ffa8bd40000 - 0x00007ffa8bd65000 	C:\Users\Lenovo\.p2\pool\plugins\org.eclipse.justj.openjdk.hotspot.jre.full.win32.x86_64_17.0.2.v20220201-1208\jre\bin\java.dll
0x00007ffa92a80000 - 0x00007ffa92a98000 	C:\Users\Lenovo\.p2\pool\plugins\org.eclipse.justj.openjdk.hotspot.jre.full.win32.x86_64_17.0.2.v20220201-1208\jre\bin\zip.dll
0x00007ffab29b0000 - 0x00007ffab315f000 	C:\WINDOWS\System32\SHELL32.dll
0x00007ffaaef50000 - 0x00007ffaaf7b8000 	C:\WINDOWS\SYSTEM32\windows.storage.dll
0x00007ffab3490000 - 0x00007ffab3808000 	C:\WINDOWS\System32\combase.dll
0x00007ffaaede0000 - 0x00007ffaaef46000 	C:\WINDOWS\SYSTEM32\wintypes.dll
0x00007ffab17d0000 - 0x00007ffab18ba000 	C:\WINDOWS\System32\SHCORE.dll
0x00007ffab2230000 - 0x00007ffab228d000 	C:\WINDOWS\System32\shlwapi.dll
0x00007ffab0d40000 - 0x00007ffab0d61000 	C:\WINDOWS\SYSTEM32\profapi.dll
0x00007ffa83290000 - 0x00007ffa832b2000 	C:\Users\Lenovo\eclipse-workspace\POOP\src\Proba.dll

dbghelp: loaded successfully - version: 4.0.5 - missing functions: none
symbol engine: initialized successfully - sym options: 0x614 - pdb path: .;C:\Users\Lenovo\.p2\pool\plugins\org.eclipse.justj.openjdk.hotspot.jre.full.win32.x86_64_17.0.2.v20220201-1208\jre\bin;C:\WINDOWS\SYSTEM32;C:\WINDOWS\WinSxS\amd64_microsoft.windows.common-controls_6595b64144ccf1df_6.0.22000.120_none_9d947278b86cc467;C:\Users\Lenovo\.p2\pool\plugins\org.eclipse.justj.openjdk.hotspot.jre.full.win32.x86_64_17.0.2.v20220201-1208\jre\bin\server;C:\Users\Lenovo\eclipse-workspace\POOP\src

VM Arguments:
jvm_args: -Djava.library.path=C:\Users\Lenovo\eclipse-workspace\POOP\src -Dfile.encoding=Cp1252 -XX:+ShowCodeDetailsInExceptionMessages 
java_command: olympicgames.OlympicGames
java_class_path (initial): C:\Users\Lenovo\eclipse-workspace\POOP\bin
Launcher Type: SUN_STANDARD

[Global flags]
     intx CICompilerCount                          = 4                                         {product} {ergonomic}
     uint ConcGCThreads                            = 2                                         {product} {ergonomic}
     uint G1ConcRefinementThreads                  = 8                                         {product} {ergonomic}
   size_t G1HeapRegionSize                         = 2097152                                   {product} {ergonomic}
    uintx GCDrainStackTargetSize                   = 64                                        {product} {ergonomic}
   size_t InitialHeapSize                          = 266338304                                 {product} {ergonomic}
   size_t MarkStackSize                            = 4194304                                   {product} {ergonomic}
   size_t MaxHeapSize                              = 4229955584                                {product} {ergonomic}
   size_t MaxNewSize                               = 2537553920                                {product} {ergonomic}
   size_t MinHeapDeltaBytes                        = 2097152                                   {product} {ergonomic}
   size_t MinHeapSize                              = 8388608                                   {product} {ergonomic}
    uintx NonNMethodCodeHeapSize                   = 5839372                                {pd product} {ergonomic}
    uintx NonProfiledCodeHeapSize                  = 122909434                              {pd product} {ergonomic}
    uintx ProfiledCodeHeapSize                     = 122909434                              {pd product} {ergonomic}
    uintx ReservedCodeCacheSize                    = 251658240                              {pd product} {ergonomic}
     bool SegmentedCodeCache                       = true                                      {product} {ergonomic}
     bool ShowCodeDetailsInExceptionMessages       = true                                   {manageable} {command line}
   size_t SoftMaxHeapSize                          = 4229955584                             {manageable} {ergonomic}
     bool UseCompressedClassPointers               = true                           {product lp64_product} {ergonomic}
     bool UseCompressedOops                        = true                           {product lp64_product} {ergonomic}
     bool UseG1GC                                  = true                                      {product} {ergonomic}
     bool UseLargePagesIndividualAllocation        = false                                  {pd product} {ergonomic}

Logging:
Log output configuration:
 #0: stdout all=warning uptime,level,tags
 #1: stderr all=off uptime,level,tags

Environment Variables:
JAVA_HOME=C:\Program Files\Microsoft\jdk-11.0.14.101-hotspot\
PATH=C:/Users/Lenovo/.p2/pool/plugins/org.eclipse.justj.openjdk.hotspot.jre.full.win32.x86_64_17.0.2.v20220201-1208/jre/bin/server;C:/Users/Lenovo/.p2/pool/plugins/org.eclipse.justj.openjdk.hotspot.jre.full.win32.x86_64_17.0.2.v20220201-1208/jre/bin;C:\Program Files (x86)\Common Files\Oracle\Java\javapath;C:\Program Files (x86)\VMware\VMware Player\bin\;C:\WINDOWS\system32;C:\WINDOWS;C:\WINDOWS\System32\Wbem;C:\WINDOWS\System32\WindowsPowerShell\v1.0\;C:\WINDOWS\System32\OpenSSH\;C:\Program Files\Git\cmd;C:\Program Files\Java\jdk1.8.0_202\bin;C:\swigwin-4.0.2;C:\Users\Lenovo\AppData\Local\Microsoft\WindowsApps;C:\Users\Lenovo\AppData\Local\Programs\Microsoft VS Code\bin;C:\Users\Lenovo\AppData\Local\GitHubDesktop\bin;\MinGW\bin;C:\Users\Lenovo\AppData\Local\Programs\MiKTeX\miktex\bin\x64\;;C:\WINDOWS\system32;
USERNAME=Lenovo
OS=Windows_NT
PROCESSOR_IDENTIFIER=Intel64 Family 6 Model 142 Stepping 11, GenuineIntel



---------------  S Y S T E M  ---------------

OS:
 Windows 11 , 64 bit Build 22000 (10.0.22000.675)
OS uptime: 29 days 4:03 hours
Hyper-V role detected

CPU: total 8 (initial active 8) (4 cores per cpu, 2 threads per core) family 6 model 142 stepping 11 microcode 0xde, cx8, cmov, fxsr, ht, mmx, 3dnowpref, sse, sse2, sse3, ssse3, sse4.1, sse4.2, popcnt, lzcnt, tsc, tscinvbit, avx, avx2, aes, erms, clmul, bmi1, bmi2, adx, fma, vzeroupper, clflush, clflushopt, hv

Memory: 4k page, system-wide physical 16131M (4988M free)
TotalPageFile size 25342M (AvailPageFile size 8321M)
current process WorkingSet (physical memory assigned to process): 115M, peak: 116M
current process commit charge ("private bytes"): 424M, peak: 425M

vm_info: OpenJDK 64-Bit Server VM (17.0.2+8) for windows-amd64 JRE (17.0.2+8), built on Jan 20 2022 04:52:34 by "" with MS VC++ 16.7 (VS2019)

END.
