#
# A fatal error has been detected by the Java Runtime Environment:
#
#  EXCEPTION_ACCESS_VIOLATION (0xc0000005) at pc=0x00007ffa84eee3ae, pid=21304, tid=32448
#
# JRE version: OpenJDK Runtime Environment Temurin-17.0.2+8 (17.0.2+8) (build 17.0.2+8)
# Java VM: OpenJDK 64-Bit Server VM Temurin-17.0.2+8 (17.0.2+8, mixed mode, tiered, compressed oops, compressed class ptrs, g1 gc, windows-amd64)
# Problematic frame:
# C  [Proba.dll+0xe3ae]
#
# No core dump will be written. Minidumps are not enabled by default on client versions of Windows
#
# If you would like to submit a bug report, please visit:
#   https://github.com/adoptium/adoptium-support/issues
# The crash happened outside the Java Virtual Machine in native code.
# See problematic frame for where to report the bug.
#

---------------  S U M M A R Y ------------

Command Line: -Djava.library.path=C:\Users\Lenovo\eclipse-workspace\POOP\src -Dfile.encoding=Cp1252 -XX:+ShowCodeDetailsInExceptionMessages olympicgames.OlympicGames

Host: Intel(R) Core(TM) i5-8265U CPU @ 1.60GHz, 8 cores, 15G,  Windows 11 , 64 bit Build 22000 (10.0.22000.675)
Time: Sat Jun 11 23:22:27 2022 Central Europe Daylight Time elapsed time: 6.269616 seconds (0d 0h 0m 6s)

---------------  T H R E A D  ---------------

Current thread (0x000001d6b48fafb0):  JavaThread "main" [_thread_in_native, id=32448, stack(0x0000001cb4d00000,0x0000001cb4e00000)]

Stack: [0x0000001cb4d00000,0x0000001cb4e00000],  sp=0x0000001cb4dff2d0,  free space=1020k
Native frames: (J=compiled Java code, j=interpreted, Vv=VM code, C=native code)
C  [Proba.dll+0xe3ae]

Java frames: (J=compiled Java code, j=interpreted, Vv=VM code)
j  olympicgames.OlympicGames.numOfParticipants(Ljava/lang/Long;Ljava/lang/Long;Ljava/lang/String;III)Ljava/util/HashMap;+0
j  olympicgames.OlympicGames.main([Ljava/lang/String;)V+64
v  ~StubRoutines::call_stub

siginfo: EXCEPTION_ACCESS_VIOLATION (0xc0000005), reading address 0xffffffffffffffff


Register to memory mapping:

RIP=0x00007ffa84eee3ae Proba.dll
RAX=0x0 is NULL
RBX=0x00000000000000d0 is an unknown value
RCX=0x0000001cb4dff5b8 is pointing into the stack for thread: 0x000001d6b48fafb0
RDX=0x1000e9a82bf030d6 is an unknown value
RSP=0x0000001cb4dff2d0 is pointing into the stack for thread: 0x000001d6b48fafb0
RBP=0x0000001cb4dff520 is pointing into the stack for thread: 0x000001d6b48fafb0
RSI=0x0000001cb4dff700 is pointing into the stack for thread: 0x000001d6b48fafb0
RDI=0x000001d6d6413050 points into unknown readable memory: 0x0000000000000000 | 00 00 00 00 00 00 00 00
R8 =0x000001d6d6413030 points into unknown readable memory: 0x000001d6d64126a0 | a0 26 41 d6 d6 01 00 00
R9 =0x00000000000000d0 is an unknown value
R10=0x0 is NULL
R11=0x4df16700078dc818 is an unknown value
R12=0x000001d6d64126a0 points into unknown readable memory: 0x000001d6d64126a0 | a0 26 41 d6 d6 01 00 00
R13=0x1000e9a82bf030d6 is an unknown value
R14=0x000001d6d6413030 points into unknown readable memory: 0x000001d6d64126a0 | a0 26 41 d6 d6 01 00 00
R15=0x0000001cb4dff5b8 is pointing into the stack for thread: 0x000001d6b48fafb0


Registers:
RAX=0x0000000000000000, RBX=0x00000000000000d0, RCX=0x0000001cb4dff5b8, RDX=0x1000e9a82bf030d6
RSP=0x0000001cb4dff2d0, RBP=0x0000001cb4dff520, RSI=0x0000001cb4dff700, RDI=0x000001d6d6413050
R8 =0x000001d6d6413030, R9 =0x00000000000000d0, R10=0x0000000000000000, R11=0x4df16700078dc818
R12=0x000001d6d64126a0, R13=0x1000e9a82bf030d6, R14=0x000001d6d6413030, R15=0x0000001cb4dff5b8
RIP=0x00007ffa84eee3ae, EFLAGS=0x0000000000010202

Top of Stack: (sp=0x0000001cb4dff2d0)
0x0000001cb4dff2d0:   0000001cb4dff5b8 0000001cb4dff700
0x0000001cb4dff2e0:   0000001cb4dff520 00007ffab0f400a6
0x0000001cb4dff2f0:   000001d6d6413030 0000001cb4dff5b8
0x0000001cb4dff300:   0000000000000000 00007ffab3990000
0x0000001cb4dff310:   0000001cb4dff5b8 00007ffa84ef425f
0x0000001cb4dff320:   0000001cb4dff5b8 000001d6d6413030
0x0000001cb4dff330:   000001d6b48fb568 000001d6d6413030
0x0000001cb4dff340:   000001d6d6413050 00007ffa84eee453
0x0000001cb4dff350:   0000001cb4dff700 00000000000000d0
0x0000001cb4dff360:   00000000000000d0 0000001cb4dff700
0x0000001cb4dff370:   000001d6d6413030 0000001cb4dff5b8
0x0000001cb4dff380:   0000001cb4dff5b8 000001d6d6413030
0x0000001cb4dff390:   000001d6d6413050 00007ffa84ef425f
0x0000001cb4dff3a0:   000001d6d88e2ed0 000001d6b48fb258
0x0000001cb4dff3b0:   0000000000000000 0000000000000000
0x0000001cb4dff3c0:   0000001cb4dff5b8 00007ffa84eed7de 

Instructions: (pc=0x00007ffa84eee3ae)
0x00007ffa84eee2ae:   48 89 4c 24 30 48 8b 31 80 7a 19 00 0f 85 a6 00
0x00007ffa84eee2be:   00 00 48 89 4c 24 20 48 c7 44 24 28 00 00 00 00
0x00007ffa84eee2ce:   b9 30 00 00 00 e8 68 5f 00 00 48 8b f8 48 89 44
0x00007ffa84eee2de:   24 28 48 8d 48 20 48 c7 01 00 00 00 00 48 c7 41
0x00007ffa84eee2ee:   08 00 00 00 00 49 8b 46 28 48 85 c0 74 09 f0 ff
0x00007ffa84eee2fe:   40 08 48 8b 7c 24 28 49 8b 46 20 48 89 01 49 8b
0x00007ffa84eee30e:   46 28 48 89 41 08 48 89 37 48 89 77 10 66 c7 47
0x00007ffa84eee31e:   18 00 00 4c 89 67 08 41 0f b6 46 18 88 47 18 80
0x00007ffa84eee32e:   7e 19 00 48 0f 45 f7 48 89 74 24 20 44 0f b6 cb
0x00007ffa84eee33e:   4c 8b c7 49 8b 16 49 8b cf e8 44 ff ff ff 48 89
0x00007ffa84eee34e:   07 44 0f b6 cb 4c 8b c7 49 8b 56 10 49 8b cf e8
0x00007ffa84eee35e:   2e ff ff ff 48 89 47 10 48 8b c6 48 8b 9c 24 80
0x00007ffa84eee36e:   00 00 00 48 83 c4 40 41 5f 41 5e 41 5c 5f 5e c3
0x00007ffa84eee37e:   cc cc 48 89 5c 24 18 48 89 74 24 20 57 41 54 41
0x00007ffa84eee38e:   55 41 56 41 57 48 83 ec 50 41 0f b6 d9 4c 89 44
0x00007ffa84eee39e:   24 20 4c 8b ea 4c 8b f9 48 89 4c 24 28 4c 8b 21
0x00007ffa84eee3ae:   80 7a 19 00 0f 85 b5 00 00 00 48 89 4c 24 30 48
0x00007ffa84eee3be:   c7 44 24 38 00 00 00 00 b9 80 00 00 00 e8 70 5e
0x00007ffa84eee3ce:   00 00 4c 8b f0 48 89 44 24 38 48 8d 78 20 48 89
0x00007ffa84eee3de:   7c 24 40 49 8d 55 20 48 8b cf e8 e3 56 ff ff 90
0x00007ffa84eee3ee:   41 8b 45 40 89 47 20 49 8d 55 48 48 8d 4f 28 e8
0x00007ffa84eee3fe:   ce 56 ff ff 90 49 8d 55 68 48 8d 4f 48 e8 30 f6
0x00007ffa84eee40e:   ff ff 90 4d 89 26 4d 89 66 10 66 41 c7 46 18 00
0x00007ffa84eee41e:   00 48 8b 44 24 20 49 89 46 08 41 0f b6 45 18 41
0x00007ffa84eee42e:   88 46 18 41 80 7c 24 19 00 4d 0f 45 e6 4c 89 64
0x00007ffa84eee43e:   24 20 44 0f b6 cb 4d 8b c6 49 8b 55 00 49 8b cf
0x00007ffa84eee44e:   e8 2d ff ff ff 49 89 06 44 0f b6 cb 4d 8b c6 49
0x00007ffa84eee45e:   8b 55 10 49 8b cf e8 17 ff ff ff 49 89 46 10 49
0x00007ffa84eee46e:   8b c4 4c 8d 5c 24 50 49 8b 5b 40 49 8b 73 48 49
0x00007ffa84eee47e:   8b e3 41 5f 41 5e 41 5d 41 5c 5f c3 cc cc cc cc
0x00007ffa84eee48e:   cc cc 48 89 5c 24 18 56 57 41 54 41 56 41 57 48
0x00007ffa84eee49e:   83 ec 40 41 0f b6 d9 4d 8b e0 4c 8b fa 4c 8b f1 


Stack slot to memory mapping:
stack at sp + 0 slots: 0x0000001cb4dff5b8 is pointing into the stack for thread: 0x000001d6b48fafb0
stack at sp + 1 slots: 0x0000001cb4dff700 is pointing into the stack for thread: 0x000001d6b48fafb0
stack at sp + 2 slots: 0x0000001cb4dff520 is pointing into the stack for thread: 0x000001d6b48fafb0
stack at sp + 3 slots: 0x00007ffab0f400a6 ucrtbase.dll
stack at sp + 4 slots: 0x000001d6d6413030 points into unknown readable memory: 0x000001d6d64126a0 | a0 26 41 d6 d6 01 00 00
stack at sp + 5 slots: 0x0000001cb4dff5b8 is pointing into the stack for thread: 0x000001d6b48fafb0
stack at sp + 6 slots: 0x0 is NULL
stack at sp + 7 slots: 0x00007ffab3990000 ntdll.dll


---------------  P R O C E S S  ---------------

Threads class SMR info:
_java_thread_list=0x000001d6d5db5770, length=12, elements={
0x000001d6b48fafb0, 0x000001d6d5c41020, 0x000001d6d5c42ca0, 0x000001d6d53da610,
0x000001d6d53daed0, 0x000001d6d53db790, 0x000001d6d53de900, 0x000001d6d5c61460,
0x000001d6d5c69f10, 0x000001d6d5c6cd00, 0x000001d6d5ddc100, 0x000001d6d5defa70
}

Java Threads: ( => current thread )
=>0x000001d6b48fafb0 JavaThread "main" [_thread_in_native, id=32448, stack(0x0000001cb4d00000,0x0000001cb4e00000)]
  0x000001d6d5c41020 JavaThread "Reference Handler" daemon [_thread_blocked, id=25348, stack(0x0000001cb5400000,0x0000001cb5500000)]
  0x000001d6d5c42ca0 JavaThread "Finalizer" daemon [_thread_blocked, id=34252, stack(0x0000001cb5500000,0x0000001cb5600000)]
  0x000001d6d53da610 JavaThread "Signal Dispatcher" daemon [_thread_blocked, id=504, stack(0x0000001cb5600000,0x0000001cb5700000)]
  0x000001d6d53daed0 JavaThread "Attach Listener" daemon [_thread_blocked, id=21536, stack(0x0000001cb5700000,0x0000001cb5800000)]
  0x000001d6d53db790 JavaThread "Service Thread" daemon [_thread_blocked, id=12828, stack(0x0000001cb5800000,0x0000001cb5900000)]
  0x000001d6d53de900 JavaThread "Monitor Deflation Thread" daemon [_thread_blocked, id=13472, stack(0x0000001cb5900000,0x0000001cb5a00000)]
  0x000001d6d5c61460 JavaThread "C2 CompilerThread0" daemon [_thread_blocked, id=32284, stack(0x0000001cb5a00000,0x0000001cb5b00000)]
  0x000001d6d5c69f10 JavaThread "C1 CompilerThread0" daemon [_thread_blocked, id=34136, stack(0x0000001cb5b00000,0x0000001cb5c00000)]
  0x000001d6d5c6cd00 JavaThread "Sweeper thread" daemon [_thread_blocked, id=11180, stack(0x0000001cb5c00000,0x0000001cb5d00000)]
  0x000001d6d5ddc100 JavaThread "Notification Thread" daemon [_thread_blocked, id=9432, stack(0x0000001cb5d00000,0x0000001cb5e00000)]
  0x000001d6d5defa70 JavaThread "Common-Cleaner" daemon [_thread_blocked, id=30320, stack(0x0000001cb5f00000,0x0000001cb6000000)]

Other Threads:
  0x000001d6d5c04a80 VMThread "VM Thread" [stack: 0x0000001cb5300000,0x0000001cb5400000] [id=37780]
  0x000001d6b69f0da0 WatcherThread [stack: 0x0000001cb5e00000,0x0000001cb5f00000] [id=21292]
  0x000001d6b69ced50 GCTaskThread "GC Thread#0" [stack: 0x0000001cb4e00000,0x0000001cb4f00000] [id=38644]
  0x000001d6b69df7a0 ConcurrentGCThread "G1 Main Marker" [stack: 0x0000001cb4f00000,0x0000001cb5000000] [id=21676]
  0x000001d6b69e08c0 ConcurrentGCThread "G1 Conc#0" [stack: 0x0000001cb5000000,0x0000001cb5100000] [id=40404]
  0x000001d6d52420c0 ConcurrentGCThread "G1 Refine#0" [stack: 0x0000001cb5100000,0x0000001cb5200000] [id=36548]
  0x000001d6d52429e0 ConcurrentGCThread "G1 Service" [stack: 0x0000001cb5200000,0x0000001cb5300000] [id=8436]

Threads with active compile tasks:

VM state: not at safepoint (normal execution)

VM Mutex/Monitor currently owned by a thread: None

Heap address: 0x0000000703e00000, size: 4034 MB, Compressed Oops mode: Zero based, Oop shift amount: 3

CDS archive(s) not mapped
Compressed class space mapped at: 0x0000000800000000-0x0000000840000000, reserved size: 1073741824
Narrow klass base: 0x0000000800000000, Narrow klass shift: 0, Narrow klass range: 0x40000000

GC Precious Log:
 CPUs: 8 total, 8 available
 Memory: 16131M
 Large Page Support: Disabled
 NUMA Support: Disabled
 Compressed Oops: Enabled (Zero based)
 Heap Region Size: 2M
 Heap Min Capacity: 8M
 Heap Initial Capacity: 254M
 Heap Max Capacity: 4034M
 Pre-touch: Disabled
 Parallel Workers: 8
 Concurrent Workers: 2
 Concurrent Refinement Workers: 8
 Periodic GC: Disabled

Heap:
 garbage-first heap   total 260096K, used 0K [0x0000000703e00000, 0x0000000800000000)
  region size 2048K, 1 young (2048K), 0 survivors (0K)
 Metaspace       used 3852K, committed 4032K, reserved 1056768K
  class space    used 314K, committed 384K, reserved 1048576K

Heap Regions: E=young(eden), S=young(survivor), O=old, HS=humongous(starts), HC=humongous(continues), CS=collection set, F=free, OA=open archive, CA=closed archive, TAMS=top-at-mark-start (previous, next)
|   0|0x0000000703e00000, 0x0000000703e00000, 0x0000000704000000|  0%| F|  |TAMS 0x0000000703e00000, 0x0000000703e00000| Untracked 
|   1|0x0000000704000000, 0x0000000704000000, 0x0000000704200000|  0%| F|  |TAMS 0x0000000704000000, 0x0000000704000000| Untracked 
|   2|0x0000000704200000, 0x0000000704200000, 0x0000000704400000|  0%| F|  |TAMS 0x0000000704200000, 0x0000000704200000| Untracked 
|   3|0x0000000704400000, 0x0000000704400000, 0x0000000704600000|  0%| F|  |TAMS 0x0000000704400000, 0x0000000704400000| Untracked 
|   4|0x0000000704600000, 0x0000000704600000, 0x0000000704800000|  0%| F|  |TAMS 0x0000000704600000, 0x0000000704600000| Untracked 
|   5|0x0000000704800000, 0x0000000704800000, 0x0000000704a00000|  0%| F|  |TAMS 0x0000000704800000, 0x0000000704800000| Untracked 
|   6|0x0000000704a00000, 0x0000000704a00000, 0x0000000704c00000|  0%| F|  |TAMS 0x0000000704a00000, 0x0000000704a00000| Untracked 
|   7|0x0000000704c00000, 0x0000000704c00000, 0x0000000704e00000|  0%| F|  |TAMS 0x0000000704c00000, 0x0000000704c00000| Untracked 
|   8|0x0000000704e00000, 0x0000000704e00000, 0x0000000705000000|  0%| F|  |TAMS 0x0000000704e00000, 0x0000000704e00000| Untracked 
|   9|0x0000000705000000, 0x0000000705000000, 0x0000000705200000|  0%| F|  |TAMS 0x0000000705000000, 0x0000000705000000| Untracked 
|  10|0x0000000705200000, 0x0000000705200000, 0x0000000705400000|  0%| F|  |TAMS 0x0000000705200000, 0x0000000705200000| Untracked 
|  11|0x0000000705400000, 0x0000000705400000, 0x0000000705600000|  0%| F|  |TAMS 0x0000000705400000, 0x0000000705400000| Untracked 
|  12|0x0000000705600000, 0x0000000705600000, 0x0000000705800000|  0%| F|  |TAMS 0x0000000705600000, 0x0000000705600000| Untracked 
|  13|0x0000000705800000, 0x0000000705800000, 0x0000000705a00000|  0%| F|  |TAMS 0x0000000705800000, 0x0000000705800000| Untracked 
|  14|0x0000000705a00000, 0x0000000705a00000, 0x0000000705c00000|  0%| F|  |TAMS 0x0000000705a00000, 0x0000000705a00000| Untracked 
|  15|0x0000000705c00000, 0x0000000705c00000, 0x0000000705e00000|  0%| F|  |TAMS 0x0000000705c00000, 0x0000000705c00000| Untracked 
|  16|0x0000000705e00000, 0x0000000705e00000, 0x0000000706000000|  0%| F|  |TAMS 0x0000000705e00000, 0x0000000705e00000| Untracked 
|  17|0x0000000706000000, 0x0000000706000000, 0x0000000706200000|  0%| F|  |TAMS 0x0000000706000000, 0x0000000706000000| Untracked 
|  18|0x0000000706200000, 0x0000000706200000, 0x0000000706400000|  0%| F|  |TAMS 0x0000000706200000, 0x0000000706200000| Untracked 
|  19|0x0000000706400000, 0x0000000706400000, 0x0000000706600000|  0%| F|  |TAMS 0x0000000706400000, 0x0000000706400000| Untracked 
|  20|0x0000000706600000, 0x0000000706600000, 0x0000000706800000|  0%| F|  |TAMS 0x0000000706600000, 0x0000000706600000| Untracked 
|  21|0x0000000706800000, 0x0000000706800000, 0x0000000706a00000|  0%| F|  |TAMS 0x0000000706800000, 0x0000000706800000| Untracked 
|  22|0x0000000706a00000, 0x0000000706a00000, 0x0000000706c00000|  0%| F|  |TAMS 0x0000000706a00000, 0x0000000706a00000| Untracked 
|  23|0x0000000706c00000, 0x0000000706c00000, 0x0000000706e00000|  0%| F|  |TAMS 0x0000000706c00000, 0x0000000706c00000| Untracked 
|  24|0x0000000706e00000, 0x0000000706e00000, 0x0000000707000000|  0%| F|  |TAMS 0x0000000706e00000, 0x0000000706e00000| Untracked 
|  25|0x0000000707000000, 0x0000000707000000, 0x0000000707200000|  0%| F|  |TAMS 0x0000000707000000, 0x0000000707000000| Untracked 
|  26|0x0000000707200000, 0x0000000707200000, 0x0000000707400000|  0%| F|  |TAMS 0x0000000707200000, 0x0000000707200000| Untracked 
|  27|0x0000000707400000, 0x0000000707400000, 0x0000000707600000|  0%| F|  |TAMS 0x0000000707400000, 0x0000000707400000| Untracked 
|  28|0x0000000707600000, 0x0000000707600000, 0x0000000707800000|  0%| F|  |TAMS 0x0000000707600000, 0x0000000707600000| Untracked 
|  29|0x0000000707800000, 0x0000000707800000, 0x0000000707a00000|  0%| F|  |TAMS 0x0000000707800000, 0x0000000707800000| Untracked 
|  30|0x0000000707a00000, 0x0000000707a00000, 0x0000000707c00000|  0%| F|  |TAMS 0x0000000707a00000, 0x0000000707a00000| Untracked 
|  31|0x0000000707c00000, 0x0000000707c00000, 0x0000000707e00000|  0%| F|  |TAMS 0x0000000707c00000, 0x0000000707c00000| Untracked 
|  32|0x0000000707e00000, 0x0000000707e00000, 0x0000000708000000|  0%| F|  |TAMS 0x0000000707e00000, 0x0000000707e00000| Untracked 
|  33|0x0000000708000000, 0x0000000708000000, 0x0000000708200000|  0%| F|  |TAMS 0x0000000708000000, 0x0000000708000000| Untracked 
|  34|0x0000000708200000, 0x0000000708200000, 0x0000000708400000|  0%| F|  |TAMS 0x0000000708200000, 0x0000000708200000| Untracked 
|  35|0x0000000708400000, 0x0000000708400000, 0x0000000708600000|  0%| F|  |TAMS 0x0000000708400000, 0x0000000708400000| Untracked 
|  36|0x0000000708600000, 0x0000000708600000, 0x0000000708800000|  0%| F|  |TAMS 0x0000000708600000, 0x0000000708600000| Untracked 
|  37|0x0000000708800000, 0x0000000708800000, 0x0000000708a00000|  0%| F|  |TAMS 0x0000000708800000, 0x0000000708800000| Untracked 
|  38|0x0000000708a00000, 0x0000000708a00000, 0x0000000708c00000|  0%| F|  |TAMS 0x0000000708a00000, 0x0000000708a00000| Untracked 
|  39|0x0000000708c00000, 0x0000000708c00000, 0x0000000708e00000|  0%| F|  |TAMS 0x0000000708c00000, 0x0000000708c00000| Untracked 
|  40|0x0000000708e00000, 0x0000000708e00000, 0x0000000709000000|  0%| F|  |TAMS 0x0000000708e00000, 0x0000000708e00000| Untracked 
|  41|0x0000000709000000, 0x0000000709000000, 0x0000000709200000|  0%| F|  |TAMS 0x0000000709000000, 0x0000000709000000| Untracked 
|  42|0x0000000709200000, 0x0000000709200000, 0x0000000709400000|  0%| F|  |TAMS 0x0000000709200000, 0x0000000709200000| Untracked 
|  43|0x0000000709400000, 0x0000000709400000, 0x0000000709600000|  0%| F|  |TAMS 0x0000000709400000, 0x0000000709400000| Untracked 
|  44|0x0000000709600000, 0x0000000709600000, 0x0000000709800000|  0%| F|  |TAMS 0x0000000709600000, 0x0000000709600000| Untracked 
|  45|0x0000000709800000, 0x0000000709800000, 0x0000000709a00000|  0%| F|  |TAMS 0x0000000709800000, 0x0000000709800000| Untracked 
|  46|0x0000000709a00000, 0x0000000709a00000, 0x0000000709c00000|  0%| F|  |TAMS 0x0000000709a00000, 0x0000000709a00000| Untracked 
|  47|0x0000000709c00000, 0x0000000709c00000, 0x0000000709e00000|  0%| F|  |TAMS 0x0000000709c00000, 0x0000000709c00000| Untracked 
|  48|0x0000000709e00000, 0x0000000709e00000, 0x000000070a000000|  0%| F|  |TAMS 0x0000000709e00000, 0x0000000709e00000| Untracked 
|  49|0x000000070a000000, 0x000000070a000000, 0x000000070a200000|  0%| F|  |TAMS 0x000000070a000000, 0x000000070a000000| Untracked 
|  50|0x000000070a200000, 0x000000070a200000, 0x000000070a400000|  0%| F|  |TAMS 0x000000070a200000, 0x000000070a200000| Untracked 
|  51|0x000000070a400000, 0x000000070a400000, 0x000000070a600000|  0%| F|  |TAMS 0x000000070a400000, 0x000000070a400000| Untracked 
|  52|0x000000070a600000, 0x000000070a600000, 0x000000070a800000|  0%| F|  |TAMS 0x000000070a600000, 0x000000070a600000| Untracked 
|  53|0x000000070a800000, 0x000000070a800000, 0x000000070aa00000|  0%| F|  |TAMS 0x000000070a800000, 0x000000070a800000| Untracked 
|  54|0x000000070aa00000, 0x000000070aa00000, 0x000000070ac00000|  0%| F|  |TAMS 0x000000070aa00000, 0x000000070aa00000| Untracked 
|  55|0x000000070ac00000, 0x000000070ac00000, 0x000000070ae00000|  0%| F|  |TAMS 0x000000070ac00000, 0x000000070ac00000| Untracked 
|  56|0x000000070ae00000, 0x000000070ae00000, 0x000000070b000000|  0%| F|  |TAMS 0x000000070ae00000, 0x000000070ae00000| Untracked 
|  57|0x000000070b000000, 0x000000070b000000, 0x000000070b200000|  0%| F|  |TAMS 0x000000070b000000, 0x000000070b000000| Untracked 
|  58|0x000000070b200000, 0x000000070b200000, 0x000000070b400000|  0%| F|  |TAMS 0x000000070b200000, 0x000000070b200000| Untracked 
|  59|0x000000070b400000, 0x000000070b400000, 0x000000070b600000|  0%| F|  |TAMS 0x000000070b400000, 0x000000070b400000| Untracked 
|  60|0x000000070b600000, 0x000000070b600000, 0x000000070b800000|  0%| F|  |TAMS 0x000000070b600000, 0x000000070b600000| Untracked 
|  61|0x000000070b800000, 0x000000070b800000, 0x000000070ba00000|  0%| F|  |TAMS 0x000000070b800000, 0x000000070b800000| Untracked 
|  62|0x000000070ba00000, 0x000000070ba00000, 0x000000070bc00000|  0%| F|  |TAMS 0x000000070ba00000, 0x000000070ba00000| Untracked 
|  63|0x000000070bc00000, 0x000000070bc00000, 0x000000070be00000|  0%| F|  |TAMS 0x000000070bc00000, 0x000000070bc00000| Untracked 
|  64|0x000000070be00000, 0x000000070be00000, 0x000000070c000000|  0%| F|  |TAMS 0x000000070be00000, 0x000000070be00000| Untracked 
|  65|0x000000070c000000, 0x000000070c000000, 0x000000070c200000|  0%| F|  |TAMS 0x000000070c000000, 0x000000070c000000| Untracked 
|  66|0x000000070c200000, 0x000000070c200000, 0x000000070c400000|  0%| F|  |TAMS 0x000000070c200000, 0x000000070c200000| Untracked 
|  67|0x000000070c400000, 0x000000070c400000, 0x000000070c600000|  0%| F|  |TAMS 0x000000070c400000, 0x000000070c400000| Untracked 
|  68|0x000000070c600000, 0x000000070c600000, 0x000000070c800000|  0%| F|  |TAMS 0x000000070c600000, 0x000000070c600000| Untracked 
|  69|0x000000070c800000, 0x000000070c800000, 0x000000070ca00000|  0%| F|  |TAMS 0x000000070c800000, 0x000000070c800000| Untracked 
|  70|0x000000070ca00000, 0x000000070ca00000, 0x000000070cc00000|  0%| F|  |TAMS 0x000000070ca00000, 0x000000070ca00000| Untracked 
|  71|0x000000070cc00000, 0x000000070cc00000, 0x000000070ce00000|  0%| F|  |TAMS 0x000000070cc00000, 0x000000070cc00000| Untracked 
|  72|0x000000070ce00000, 0x000000070ce00000, 0x000000070d000000|  0%| F|  |TAMS 0x000000070ce00000, 0x000000070ce00000| Untracked 
|  73|0x000000070d000000, 0x000000070d000000, 0x000000070d200000|  0%| F|  |TAMS 0x000000070d000000, 0x000000070d000000| Untracked 
|  74|0x000000070d200000, 0x000000070d200000, 0x000000070d400000|  0%| F|  |TAMS 0x000000070d200000, 0x000000070d200000| Untracked 
|  75|0x000000070d400000, 0x000000070d400000, 0x000000070d600000|  0%| F|  |TAMS 0x000000070d400000, 0x000000070d400000| Untracked 
|  76|0x000000070d600000, 0x000000070d600000, 0x000000070d800000|  0%| F|  |TAMS 0x000000070d600000, 0x000000070d600000| Untracked 
|  77|0x000000070d800000, 0x000000070d800000, 0x000000070da00000|  0%| F|  |TAMS 0x000000070d800000, 0x000000070d800000| Untracked 
|  78|0x000000070da00000, 0x000000070da00000, 0x000000070dc00000|  0%| F|  |TAMS 0x000000070da00000, 0x000000070da00000| Untracked 
|  79|0x000000070dc00000, 0x000000070dc00000, 0x000000070de00000|  0%| F|  |TAMS 0x000000070dc00000, 0x000000070dc00000| Untracked 
|  80|0x000000070de00000, 0x000000070de00000, 0x000000070e000000|  0%| F|  |TAMS 0x000000070de00000, 0x000000070de00000| Untracked 
|  81|0x000000070e000000, 0x000000070e000000, 0x000000070e200000|  0%| F|  |TAMS 0x000000070e000000, 0x000000070e000000| Untracked 
|  82|0x000000070e200000, 0x000000070e200000, 0x000000070e400000|  0%| F|  |TAMS 0x000000070e200000, 0x000000070e200000| Untracked 
|  83|0x000000070e400000, 0x000000070e400000, 0x000000070e600000|  0%| F|  |TAMS 0x000000070e400000, 0x000000070e400000| Untracked 
|  84|0x000000070e600000, 0x000000070e600000, 0x000000070e800000|  0%| F|  |TAMS 0x000000070e600000, 0x000000070e600000| Untracked 
|  85|0x000000070e800000, 0x000000070e800000, 0x000000070ea00000|  0%| F|  |TAMS 0x000000070e800000, 0x000000070e800000| Untracked 
|  86|0x000000070ea00000, 0x000000070ea00000, 0x000000070ec00000|  0%| F|  |TAMS 0x000000070ea00000, 0x000000070ea00000| Untracked 
|  87|0x000000070ec00000, 0x000000070ec00000, 0x000000070ee00000|  0%| F|  |TAMS 0x000000070ec00000, 0x000000070ec00000| Untracked 
|  88|0x000000070ee00000, 0x000000070ee00000, 0x000000070f000000|  0%| F|  |TAMS 0x000000070ee00000, 0x000000070ee00000| Untracked 
|  89|0x000000070f000000, 0x000000070f000000, 0x000000070f200000|  0%| F|  |TAMS 0x000000070f000000, 0x000000070f000000| Untracked 
|  90|0x000000070f200000, 0x000000070f200000, 0x000000070f400000|  0%| F|  |TAMS 0x000000070f200000, 0x000000070f200000| Untracked 
|  91|0x000000070f400000, 0x000000070f400000, 0x000000070f600000|  0%| F|  |TAMS 0x000000070f400000, 0x000000070f400000| Untracked 
|  92|0x000000070f600000, 0x000000070f600000, 0x000000070f800000|  0%| F|  |TAMS 0x000000070f600000, 0x000000070f600000| Untracked 
|  93|0x000000070f800000, 0x000000070f800000, 0x000000070fa00000|  0%| F|  |TAMS 0x000000070f800000, 0x000000070f800000| Untracked 
|  94|0x000000070fa00000, 0x000000070fa00000, 0x000000070fc00000|  0%| F|  |TAMS 0x000000070fa00000, 0x000000070fa00000| Untracked 
|  95|0x000000070fc00000, 0x000000070fc00000, 0x000000070fe00000|  0%| F|  |TAMS 0x000000070fc00000, 0x000000070fc00000| Untracked 
|  96|0x000000070fe00000, 0x000000070fe00000, 0x0000000710000000|  0%| F|  |TAMS 0x000000070fe00000, 0x000000070fe00000| Untracked 
|  97|0x0000000710000000, 0x0000000710000000, 0x0000000710200000|  0%| F|  |TAMS 0x0000000710000000, 0x0000000710000000| Untracked 
|  98|0x0000000710200000, 0x0000000710200000, 0x0000000710400000|  0%| F|  |TAMS 0x0000000710200000, 0x0000000710200000| Untracked 
|  99|0x0000000710400000, 0x0000000710400000, 0x0000000710600000|  0%| F|  |TAMS 0x0000000710400000, 0x0000000710400000| Untracked 
| 100|0x0000000710600000, 0x0000000710600000, 0x0000000710800000|  0%| F|  |TAMS 0x0000000710600000, 0x0000000710600000| Untracked 
| 101|0x0000000710800000, 0x0000000710800000, 0x0000000710a00000|  0%| F|  |TAMS 0x0000000710800000, 0x0000000710800000| Untracked 
| 102|0x0000000710a00000, 0x0000000710a00000, 0x0000000710c00000|  0%| F|  |TAMS 0x0000000710a00000, 0x0000000710a00000| Untracked 
| 103|0x0000000710c00000, 0x0000000710c00000, 0x0000000710e00000|  0%| F|  |TAMS 0x0000000710c00000, 0x0000000710c00000| Untracked 
| 104|0x0000000710e00000, 0x0000000710e00000, 0x0000000711000000|  0%| F|  |TAMS 0x0000000710e00000, 0x0000000710e00000| Untracked 
| 105|0x0000000711000000, 0x0000000711000000, 0x0000000711200000|  0%| F|  |TAMS 0x0000000711000000, 0x0000000711000000| Untracked 
| 106|0x0000000711200000, 0x0000000711200000, 0x0000000711400000|  0%| F|  |TAMS 0x0000000711200000, 0x0000000711200000| Untracked 
| 107|0x0000000711400000, 0x0000000711400000, 0x0000000711600000|  0%| F|  |TAMS 0x0000000711400000, 0x0000000711400000| Untracked 
| 108|0x0000000711600000, 0x0000000711600000, 0x0000000711800000|  0%| F|  |TAMS 0x0000000711600000, 0x0000000711600000| Untracked 
| 109|0x0000000711800000, 0x0000000711800000, 0x0000000711a00000|  0%| F|  |TAMS 0x0000000711800000, 0x0000000711800000| Untracked 
| 110|0x0000000711a00000, 0x0000000711a00000, 0x0000000711c00000|  0%| F|  |TAMS 0x0000000711a00000, 0x0000000711a00000| Untracked 
| 111|0x0000000711c00000, 0x0000000711c00000, 0x0000000711e00000|  0%| F|  |TAMS 0x0000000711c00000, 0x0000000711c00000| Untracked 
| 112|0x0000000711e00000, 0x0000000711e00000, 0x0000000712000000|  0%| F|  |TAMS 0x0000000711e00000, 0x0000000711e00000| Untracked 
| 113|0x0000000712000000, 0x0000000712000000, 0x0000000712200000|  0%| F|  |TAMS 0x0000000712000000, 0x0000000712000000| Untracked 
| 114|0x0000000712200000, 0x0000000712200000, 0x0000000712400000|  0%| F|  |TAMS 0x0000000712200000, 0x0000000712200000| Untracked 
| 115|0x0000000712400000, 0x0000000712400000, 0x0000000712600000|  0%| F|  |TAMS 0x0000000712400000, 0x0000000712400000| Untracked 
| 116|0x0000000712600000, 0x0000000712600000, 0x0000000712800000|  0%| F|  |TAMS 0x0000000712600000, 0x0000000712600000| Untracked 
| 117|0x0000000712800000, 0x0000000712800000, 0x0000000712a00000|  0%| F|  |TAMS 0x0000000712800000, 0x0000000712800000| Untracked 
| 118|0x0000000712a00000, 0x0000000712a00000, 0x0000000712c00000|  0%| F|  |TAMS 0x0000000712a00000, 0x0000000712a00000| Untracked 
| 119|0x0000000712c00000, 0x0000000712c00000, 0x0000000712e00000|  0%| F|  |TAMS 0x0000000712c00000, 0x0000000712c00000| Untracked 
| 120|0x0000000712e00000, 0x0000000712e00000, 0x0000000713000000|  0%| F|  |TAMS 0x0000000712e00000, 0x0000000712e00000| Untracked 
| 121|0x0000000713000000, 0x0000000713000000, 0x0000000713200000|  0%| F|  |TAMS 0x0000000713000000, 0x0000000713000000| Untracked 
| 122|0x0000000713200000, 0x0000000713200000, 0x0000000713400000|  0%| F|  |TAMS 0x0000000713200000, 0x0000000713200000| Untracked 
| 123|0x0000000713400000, 0x0000000713400000, 0x0000000713600000|  0%| F|  |TAMS 0x0000000713400000, 0x0000000713400000| Untracked 
| 124|0x0000000713600000, 0x0000000713600000, 0x0000000713800000|  0%| F|  |TAMS 0x0000000713600000, 0x0000000713600000| Untracked 
| 125|0x0000000713800000, 0x0000000713800000, 0x0000000713a00000|  0%| F|  |TAMS 0x0000000713800000, 0x0000000713800000| Untracked 
| 126|0x0000000713a00000, 0x0000000713bc2a50, 0x0000000713c00000| 88%| E|  |TAMS 0x0000000713a00000, 0x0000000713a00000| Complete 

Card table byte_map: [0x000001d6c9b60000,0x000001d6ca350000] _byte_map_base: 0x000001d6c6341000

Marking Bits (Prev, Next): (CMBitMap*) 0x000001d6b69cf260, (CMBitMap*) 0x000001d6b69cf2a0
 Prev Bits: [0x000001d6cab40000, 0x000001d6cea48000)
 Next Bits: [0x000001d6cea50000, 0x000001d6d2958000)

Polling page: 0x000001d6b4980000

Metaspace:

Usage:
  Non-class:      3.46 MB used.
      Class:    314.24 KB used.
       Both:      3.76 MB used.

Virtual space:
  Non-class space:        8.00 MB reserved,       3.56 MB ( 45%) committed,  1 nodes.
      Class space:        1.00 GB reserved,     384.00 KB ( <1%) committed,  1 nodes.
             Both:        1.01 GB reserved,       3.94 MB ( <1%) committed. 

Chunk freelists:
   Non-Class:  4.00 MB
       Class:  3.62 MB
        Both:  7.62 MB

MaxMetaspaceSize: unlimited
CompressedClassSpaceSize: 1.00 GB
Initial GC threshold: 21.00 MB
Current GC threshold: 21.00 MB
CDS: off
MetaspaceReclaimPolicy: balanced
 - commit_granule_bytes: 65536.
 - commit_granule_words: 8192.
 - virtual_space_node_default_size: 1048576.
 - enlarge_chunks_in_place: 1.
 - new_chunks_are_fully_committed: 0.
 - uncommit_free_chunks: 1.
 - use_allocation_guard: 0.
 - handle_deallocations: 1.


Internal statistics:

num_allocs_failed_limit: 0.
num_arena_births: 4.
num_arena_deaths: 0.
num_vsnodes_births: 2.
num_vsnodes_deaths: 0.
num_space_committed: 63.
num_space_uncommitted: 0.
num_chunks_returned_to_freelist: 0.
num_chunks_taken_from_freelist: 6.
num_chunk_merges: 0.
num_chunk_splits: 2.
num_chunks_enlarged: 0.
num_purges: 0.
num_inconsistent_stats: 0.

CodeHeap 'non-profiled nmethods': size=120000Kb used=12Kb max_used=12Kb free=119987Kb
 bounds [0x000001d6c1b10000, 0x000001d6c1d80000, 0x000001d6c9040000]
CodeHeap 'profiled nmethods': size=120000Kb used=80Kb max_used=80Kb free=119919Kb
 bounds [0x000001d6ba5e0000, 0x000001d6ba850000, 0x000001d6c1b10000]
CodeHeap 'non-nmethods': size=5760Kb used=1033Kb max_used=1037Kb free=4726Kb
 bounds [0x000001d6ba040000, 0x000001d6ba2b0000, 0x000001d6ba5e0000]
 total_blobs=349 nmethods=61 adapters=201
 compilation: enabled
              stopped_count=0, restarted_count=0
 full_count=0

Compilation events (20 events):
Event: 0.088 Thread 0x000001d6d5c69f10   54       3       java.util.HashMap::get (19 bytes)
Event: 0.088 Thread 0x000001d6d5c69f10 nmethod 54 0x000001d6ba5f3210 code [0x000001d6ba5f33c0, 0x000001d6ba5f3588]
Event: 0.088 Thread 0x000001d6d5c69f10   52       1       java.lang.module.ModuleDescriptor$Exports::source (5 bytes)
Event: 0.088 Thread 0x000001d6d5c69f10 nmethod 52 0x000001d6c1b11f90 code [0x000001d6c1b12120, 0x000001d6c1b121f8]
Event: 0.088 Thread 0x000001d6d5c69f10   56       3       java.util.ImmutableCollections$Set12$1::hasNext (13 bytes)
Event: 0.088 Thread 0x000001d6d5c69f10 nmethod 56 0x000001d6ba5f3690 code [0x000001d6ba5f3820, 0x000001d6ba5f3998]
Event: 0.088 Thread 0x000001d6d5c69f10   53       1       java.lang.module.ModuleDescriptor::isAutomatic (5 bytes)
Event: 0.089 Thread 0x000001d6d5c69f10 nmethod 53 0x000001d6c1b12290 code [0x000001d6c1b12420, 0x000001d6c1b124f8]
Event: 0.089 Thread 0x000001d6d5c69f10   57       1       java.lang.module.ResolvedModule::configuration (5 bytes)
Event: 0.089 Thread 0x000001d6d5c69f10 nmethod 57 0x000001d6c1b12590 code [0x000001d6c1b12720, 0x000001d6c1b127f8]
Event: 0.089 Thread 0x000001d6d5c69f10   58       1       java.lang.module.ModuleDescriptor$Exports::targets (5 bytes)
Event: 0.089 Thread 0x000001d6d5c69f10 nmethod 58 0x000001d6c1b12890 code [0x000001d6c1b12a20, 0x000001d6c1b12af8]
Event: 0.089 Thread 0x000001d6d5c69f10   47       1       java.lang.module.ResolvedModule::reference (5 bytes)
Event: 0.089 Thread 0x000001d6d5c69f10 nmethod 47 0x000001d6c1b12b90 code [0x000001d6c1b12d20, 0x000001d6c1b12df8]
Event: 0.089 Thread 0x000001d6d5c69f10   59       1       java.util.ImmutableCollections$Set12::isEmpty (2 bytes)
Event: 0.089 Thread 0x000001d6d5c69f10 nmethod 59 0x000001d6c1b12e90 code [0x000001d6c1b13020, 0x000001d6c1b130f8]
Event: 0.093 Thread 0x000001d6d5c69f10   60       3       java.lang.AbstractStringBuilder::ensureCapacityInternal (39 bytes)
Event: 0.093 Thread 0x000001d6d5c69f10 nmethod 60 0x000001d6ba5f3a10 code [0x000001d6ba5f3bc0, 0x000001d6ba5f3df8]
Event: 0.096 Thread 0x000001d6d5c69f10   61       3       java.lang.String::isEmpty (14 bytes)
Event: 0.096 Thread 0x000001d6d5c69f10 nmethod 61 0x000001d6ba5f3f10 code [0x000001d6ba5f40a0, 0x000001d6ba5f4218]

GC Heap History (0 events):
No events

Deoptimization events (0 events):
No events

Classes unloaded (0 events):
No events

Classes redefined (0 events):
No events

Internal exceptions (0 events):
No events

VM Operations (2 events):
Event: 1.040 Executing VM operation: Cleanup
Event: 1.040 Executing VM operation: Cleanup done

Events (20 events):
Event: 0.113 loading class java/nio/CharBuffer
Event: 0.113 loading class java/lang/Readable
Event: 0.113 loading class java/lang/Readable done
Event: 0.113 loading class java/nio/CharBuffer done
Event: 0.113 loading class java/nio/HeapCharBuffer
Event: 0.113 loading class java/nio/HeapCharBuffer done
Event: 0.113 loading class java/nio/charset/CoderResult
Event: 0.113 loading class java/nio/charset/CoderResult done
Event: 0.113 loading class java/util/concurrent/ConcurrentHashMap$ValuesView
Event: 0.113 loading class java/util/concurrent/ConcurrentHashMap$CollectionView
Event: 0.114 loading class java/util/concurrent/ConcurrentHashMap$CollectionView done
Event: 0.114 loading class java/util/concurrent/ConcurrentHashMap$ValuesView done
Event: 0.114 loading class java/util/concurrent/ConcurrentHashMap$ValueIterator
Event: 0.114 loading class java/util/Enumeration
Event: 0.114 loading class java/util/Enumeration done
Event: 0.114 loading class java/util/concurrent/ConcurrentHashMap$BaseIterator
Event: 0.114 loading class java/util/concurrent/ConcurrentHashMap$Traverser
Event: 0.114 loading class java/util/concurrent/ConcurrentHashMap$Traverser done
Event: 0.114 loading class java/util/concurrent/ConcurrentHashMap$BaseIterator done
Event: 0.114 loading class java/util/concurrent/ConcurrentHashMap$ValueIterator done


Dynamic libraries:
0x00007ff71d320000 - 0x00007ff71d32e000 	C:\Users\Lenovo\.p2\pool\plugins\org.eclipse.justj.openjdk.hotspot.jre.full.win32.x86_64_17.0.2.v20220201-1208\jre\bin\javaw.exe
0x00007ffab3920000 - 0x00007ffab3b29000 	C:\WINDOWS\SYSTEM32\ntdll.dll
0x00007ffab2710000 - 0x00007ffab27cd000 	C:\WINDOWS\System32\KERNEL32.DLL
0x00007ffab1050000 - 0x00007ffab13c9000 	C:\WINDOWS\System32\KERNELBASE.dll
0x00007ffab0f30000 - 0x00007ffab1041000 	C:\WINDOWS\System32\ucrtbase.dll
0x00007ffa90500000 - 0x00007ffa90519000 	C:\Users\Lenovo\.p2\pool\plugins\org.eclipse.justj.openjdk.hotspot.jre.full.win32.x86_64_17.0.2.v20220201-1208\jre\bin\VCRUNTIME140.dll
0x00007ffa904e0000 - 0x00007ffa904f8000 	C:\Users\Lenovo\.p2\pool\plugins\org.eclipse.justj.openjdk.hotspot.jre.full.win32.x86_64_17.0.2.v20220201-1208\jre\bin\jli.dll
0x00007ffab1e50000 - 0x00007ffab1ffc000 	C:\WINDOWS\System32\USER32.dll
0x00007ffa93c20000 - 0x00007ffa93ec5000 	C:\WINDOWS\WinSxS\amd64_microsoft.windows.common-controls_6595b64144ccf1df_6.0.22000.120_none_9d947278b86cc467\COMCTL32.dll
0x00007ffab1660000 - 0x00007ffab1686000 	C:\WINDOWS\System32\win32u.dll
0x00007ffab2880000 - 0x00007ffab2923000 	C:\WINDOWS\System32\msvcrt.dll
0x00007ffab3890000 - 0x00007ffab38b9000 	C:\WINDOWS\System32\GDI32.dll
0x00007ffab0e10000 - 0x00007ffab0f22000 	C:\WINDOWS\System32\gdi32full.dll
0x00007ffab15c0000 - 0x00007ffab165d000 	C:\WINDOWS\System32\msvcp_win.dll
0x00007ffab3160000 - 0x00007ffab3191000 	C:\WINDOWS\System32\IMM32.DLL
0x00007ffa9ac40000 - 0x00007ffa9ac4c000 	C:\Users\Lenovo\.p2\pool\plugins\org.eclipse.justj.openjdk.hotspot.jre.full.win32.x86_64_17.0.2.v20220201-1208\jre\bin\vcruntime140_1.dll
0x00007ffa559e0000 - 0x00007ffa55a71000 	C:\Users\Lenovo\.p2\pool\plugins\org.eclipse.justj.openjdk.hotspot.jre.full.win32.x86_64_17.0.2.v20220201-1208\jre\bin\msvcp140.dll
0x00007ffa2bc60000 - 0x00007ffa2c8a7000 	C:\Users\Lenovo\.p2\pool\plugins\org.eclipse.justj.openjdk.hotspot.jre.full.win32.x86_64_17.0.2.v20220201-1208\jre\bin\server\jvm.dll
0x00007ffab27d0000 - 0x00007ffab287e000 	C:\WINDOWS\System32\ADVAPI32.dll
0x00007ffab2390000 - 0x00007ffab242e000 	C:\WINDOWS\System32\sechost.dll
0x00007ffab18c0000 - 0x00007ffab19e0000 	C:\WINDOWS\System32\RPCRT4.dll
0x00007ffab2930000 - 0x00007ffab2938000 	C:\WINDOWS\System32\PSAPI.DLL
0x00007ffa9c7e0000 - 0x00007ffa9c7e9000 	C:\WINDOWS\SYSTEM32\WSOCK32.dll
0x00007ffaa9690000 - 0x00007ffaa96c3000 	C:\WINDOWS\SYSTEM32\WINMM.dll
0x00007ffaa8ec0000 - 0x00007ffaa8eca000 	C:\WINDOWS\SYSTEM32\VERSION.dll
0x00007ffab2640000 - 0x00007ffab26af000 	C:\WINDOWS\System32\WS2_32.dll
0x00007ffaaffc0000 - 0x00007ffaaffd8000 	C:\WINDOWS\SYSTEM32\kernel.appcore.dll
0x00007ffa9c790000 - 0x00007ffa9c79a000 	C:\Users\Lenovo\.p2\pool\plugins\org.eclipse.justj.openjdk.hotspot.jre.full.win32.x86_64_17.0.2.v20220201-1208\jre\bin\jimage.dll
0x00007ffaaeac0000 - 0x00007ffaaece1000 	C:\WINDOWS\SYSTEM32\DBGHELP.DLL
0x00007ffaa5110000 - 0x00007ffaa5141000 	C:\WINDOWS\SYSTEM32\dbgcore.DLL
0x00007ffab13d0000 - 0x00007ffab144f000 	C:\WINDOWS\System32\bcryptPrimitives.dll
0x00007ffa8bd40000 - 0x00007ffa8bd65000 	C:\Users\Lenovo\.p2\pool\plugins\org.eclipse.justj.openjdk.hotspot.jre.full.win32.x86_64_17.0.2.v20220201-1208\jre\bin\java.dll
0x00007ffa92a80000 - 0x00007ffa92a98000 	C:\Users\Lenovo\.p2\pool\plugins\org.eclipse.justj.openjdk.hotspot.jre.full.win32.x86_64_17.0.2.v20220201-1208\jre\bin\zip.dll
0x00007ffab29b0000 - 0x00007ffab315f000 	C:\WINDOWS\System32\SHELL32.dll
0x00007ffaaef50000 - 0x00007ffaaf7b8000 	C:\WINDOWS\SYSTEM32\windows.storage.dll
0x00007ffab3490000 - 0x00007ffab3808000 	C:\WINDOWS\System32\combase.dll
0x00007ffaaede0000 - 0x00007ffaaef46000 	C:\WINDOWS\SYSTEM32\wintypes.dll
0x00007ffab17d0000 - 0x00007ffab18ba000 	C:\WINDOWS\System32\SHCORE.dll
0x00007ffab2230000 - 0x00007ffab228d000 	C:\WINDOWS\System32\shlwapi.dll
0x00007ffab0d40000 - 0x00007ffab0d61000 	C:\WINDOWS\SYSTEM32\profapi.dll
0x00007ffa84ee0000 - 0x00007ffa84f02000 	C:\Users\Lenovo\eclipse-workspace\POOP\src\Proba.dll

dbghelp: loaded successfully - version: 4.0.5 - missing functions: none
symbol engine: initialized successfully - sym options: 0x614 - pdb path: .;C:\Users\Lenovo\.p2\pool\plugins\org.eclipse.justj.openjdk.hotspot.jre.full.win32.x86_64_17.0.2.v20220201-1208\jre\bin;C:\WINDOWS\SYSTEM32;C:\WINDOWS\WinSxS\amd64_microsoft.windows.common-controls_6595b64144ccf1df_6.0.22000.120_none_9d947278b86cc467;C:\Users\Lenovo\.p2\pool\plugins\org.eclipse.justj.openjdk.hotspot.jre.full.win32.x86_64_17.0.2.v20220201-1208\jre\bin\server;C:\Users\Lenovo\eclipse-workspace\POOP\src

VM Arguments:
jvm_args: -Djava.library.path=C:\Users\Lenovo\eclipse-workspace\POOP\src -Dfile.encoding=Cp1252 -XX:+ShowCodeDetailsInExceptionMessages 
java_command: olympicgames.OlympicGames
java_class_path (initial): C:\Users\Lenovo\eclipse-workspace\POOP\bin
Launcher Type: SUN_STANDARD

[Global flags]
     intx CICompilerCount                          = 4                                         {product} {ergonomic}
     uint ConcGCThreads                            = 2                                         {product} {ergonomic}
     uint G1ConcRefinementThreads                  = 8                                         {product} {ergonomic}
   size_t G1HeapRegionSize                         = 2097152                                   {product} {ergonomic}
    uintx GCDrainStackTargetSize                   = 64                                        {product} {ergonomic}
   size_t InitialHeapSize                          = 266338304                                 {product} {ergonomic}
   size_t MarkStackSize                            = 4194304                                   {product} {ergonomic}
   size_t MaxHeapSize                              = 4229955584                                {product} {ergonomic}
   size_t MaxNewSize                               = 2537553920                                {product} {ergonomic}
   size_t MinHeapDeltaBytes                        = 2097152                                   {product} {ergonomic}
   size_t MinHeapSize                              = 8388608                                   {product} {ergonomic}
    uintx NonNMethodCodeHeapSize                   = 5839372                                {pd product} {ergonomic}
    uintx NonProfiledCodeHeapSize                  = 122909434                              {pd product} {ergonomic}
    uintx ProfiledCodeHeapSize                     = 122909434                              {pd product} {ergonomic}
    uintx ReservedCodeCacheSize                    = 251658240                              {pd product} {ergonomic}
     bool SegmentedCodeCache                       = true                                      {product} {ergonomic}
     bool ShowCodeDetailsInExceptionMessages       = true                                   {manageable} {command line}
   size_t SoftMaxHeapSize                          = 4229955584                             {manageable} {ergonomic}
     bool UseCompressedClassPointers               = true                           {product lp64_product} {ergonomic}
     bool UseCompressedOops                        = true                           {product lp64_product} {ergonomic}
     bool UseG1GC                                  = true                                      {product} {ergonomic}
     bool UseLargePagesIndividualAllocation        = false                                  {pd product} {ergonomic}

Logging:
Log output configuration:
 #0: stdout all=warning uptime,level,tags
 #1: stderr all=off uptime,level,tags

Environment Variables:
JAVA_HOME=C:\Program Files\Microsoft\jdk-11.0.14.101-hotspot\
PATH=C:/Users/Lenovo/.p2/pool/plugins/org.eclipse.justj.openjdk.hotspot.jre.full.win32.x86_64_17.0.2.v20220201-1208/jre/bin/server;C:/Users/Lenovo/.p2/pool/plugins/org.eclipse.justj.openjdk.hotspot.jre.full.win32.x86_64_17.0.2.v20220201-1208/jre/bin;C:\Program Files (x86)\Common Files\Oracle\Java\javapath;C:\Program Files (x86)\VMware\VMware Player\bin\;C:\WINDOWS\system32;C:\WINDOWS;C:\WINDOWS\System32\Wbem;C:\WINDOWS\System32\WindowsPowerShell\v1.0\;C:\WINDOWS\System32\OpenSSH\;C:\Program Files\Git\cmd;C:\Program Files\Java\jdk1.8.0_202\bin;C:\swigwin-4.0.2;C:\Users\Lenovo\AppData\Local\Microsoft\WindowsApps;C:\Users\Lenovo\AppData\Local\Programs\Microsoft VS Code\bin;C:\Users\Lenovo\AppData\Local\GitHubDesktop\bin;\MinGW\bin;C:\Users\Lenovo\AppData\Local\Programs\MiKTeX\miktex\bin\x64\;;C:\WINDOWS\system32;
USERNAME=Lenovo
OS=Windows_NT
PROCESSOR_IDENTIFIER=Intel64 Family 6 Model 142 Stepping 11, GenuineIntel



---------------  S Y S T E M  ---------------

OS:
 Windows 11 , 64 bit Build 22000 (10.0.22000.675)
OS uptime: 29 days 4:53 hours
Hyper-V role detected

CPU: total 8 (initial active 8) (4 cores per cpu, 2 threads per core) family 6 model 142 stepping 11 microcode 0xde, cx8, cmov, fxsr, ht, mmx, 3dnowpref, sse, sse2, sse3, ssse3, sse4.1, sse4.2, popcnt, lzcnt, tsc, tscinvbit, avx, avx2, aes, erms, clmul, bmi1, bmi2, adx, fma, vzeroupper, clflush, clflushopt, hv

Memory: 4k page, system-wide physical 16131M (5387M free)
TotalPageFile size 25342M (AvailPageFile size 7848M)
current process WorkingSet (physical memory assigned to process): 115M, peak: 116M
current process commit charge ("private bytes"): 424M, peak: 425M

vm_info: OpenJDK 64-Bit Server VM (17.0.2+8) for windows-amd64 JRE (17.0.2+8), built on Jan 20 2022 04:52:34 by "" with MS VC++ 16.7 (VS2019)

END.
