#
# A fatal error has been detected by the Java Runtime Environment:
#
#  EXCEPTION_ACCESS_VIOLATION (0xc0000005) at pc=0x00007ffa8329da30, pid=33116, tid=28160
#
# JRE version: OpenJDK Runtime Environment Temurin-17.0.2+8 (17.0.2+8) (build 17.0.2+8)
# Java VM: OpenJDK 64-Bit Server VM Temurin-17.0.2+8 (17.0.2+8, mixed mode, tiered, compressed oops, compressed class ptrs, g1 gc, windows-amd64)
# Problematic frame:
# C  [Proba.dll+0xda30]
#
# No core dump will be written. Minidumps are not enabled by default on client versions of Windows
#
# If you would like to submit a bug report, please visit:
#   https://github.com/adoptium/adoptium-support/issues
# The crash happened outside the Java Virtual Machine in native code.
# See problematic frame for where to report the bug.
#

---------------  S U M M A R Y ------------

Command Line: -Djava.library.path=C:\Users\Lenovo\eclipse-workspace\POOP\src -Dfile.encoding=Cp1252 -XX:+ShowCodeDetailsInExceptionMessages olympicgames.OlympicGames

Host: Intel(R) Core(TM) i5-8265U CPU @ 1.60GHz, 8 cores, 15G,  Windows 11 , 64 bit Build 22000 (10.0.22000.675)
Time: Sat Jun 11 22:37:38 2022 Central Europe Daylight Time elapsed time: 5.766801 seconds (0d 0h 0m 5s)

---------------  T H R E A D  ---------------

Current thread (0x000001a807b70720):  JavaThread "main" [_thread_in_native, id=28160, stack(0x0000008dfae00000,0x0000008dfaf00000)]

Stack: [0x0000008dfae00000,0x0000008dfaf00000],  sp=0x0000008dfaeff210,  free space=1020k
Native frames: (J=compiled Java code, j=interpreted, Vv=VM code, C=native code)
C  [Proba.dll+0xda30]

Java frames: (J=compiled Java code, j=interpreted, Vv=VM code)
j  olympicgames.OlympicGames.numOfParticipants(Ljava/lang/Long;Ljava/lang/Long;Ljava/lang/String;III)Ljava/util/HashMap;+0
j  olympicgames.OlympicGames.main([Ljava/lang/String;)V+64
v  ~StubRoutines::call_stub

siginfo: EXCEPTION_ACCESS_VIOLATION (0xc0000005), writing address 0x0000000000056528


Register to memory mapping:

RIP=0x00007ffa8329da30 Proba.dll
RAX=353568 is a compressed pointer to class: 0x0000000800056520
java.lang.Long {0x0000000800056528}
 - instance size:     3
 - klass size:        79
 - access:            public final synchronized 
 - state:             fully_initialized
 - name:              'java/lang/Long'
 - super:             'java/lang/Number'
 - sub:               
 - arrays:            NULL
 - methods:           Array<T>(0x000001a826925ad8)
 - method ordering:   Array<T>(0x000001a826800018)
 - default_methods:   Array<T>(0x0000000000000000)
 - local interfaces:  Array<T>(0x000001a826925a58)
 - trans. interfaces: Array<T>(0x000001a826929920)
 - constants:         constant pool [506] {0x000001a826924950} for 'java/lang/Long' cache=0x000001a826b72d20
 - class loader data:  loader data: 0x000001a807c4ee90 of 'bootstrap'
 - source file:       'Long.java'
 - class annotations:       Array<T>(0x000001a8269298c0)
 - class type annotations:  Array<T>(0x0000000000000000)
 - field annotations:       Array<T>(0x0000000000000000)
 - field type annotations:  Array<T>(0x0000000000000000)
 - generic signature: 'Ljava/lang/Number;Ljava/lang/Comparable<Ljava/lang/Long;>;Ljava/lang/constant/Constable;Ljava/lang/constant/ConstantDesc;'
 - inner classes:     Array<T>(0x000001a8269298d0)
 - nest members:     Array<T>(0x000001a8269298f0)
 - permitted subclasses:     Array<T>(0x000001a826800028)
 - java mirror:       a 'java/lang/Class'{0x0000000713a05410} = 'java/lang/Long'
 - vtable length      11  (start addr: 0x00000008000566e8)
 - itable length      11 (start addr: 0x0000000800056740)
 - ---- static fields (5 words):
 - public static final 'MIN_VALUE' 'J' @120 
 - public static final 'MAX_VALUE' 'J' @128 
 - public static final 'TYPE' 'Ljava/lang/Class;' @112 
 - public static final 'SIZE' 'I' @144 
 - public static final 'BYTES' 'I' @148 
 - private static final 'serialVersionUID' 'J' @136 
 - ---- non-static fields (3 words):
 - private final 'value' 'J' @16 
 - non-static oop maps: 
RBX=0x000001a8265e83e0 points into unknown readable memory: 0x0000000000000000 | 00 00 00 00 00 00 00 00
RCX=0x000000007ffe0380 points into unknown readable memory: 0x0000000000000000 | 00 00 00 00 00 00 00 00
RDX=0x000000000003000c is an unknown value
RSP=0x0000008dfaeff210 is pointing into the stack for thread: 0x000001a807b70720
RBP=0x0000000713b72488 is an oop: java.lang.Long 
{0x0000000713b72488} - klass: 'java/lang/Long'
 - ---- fields (total size 3 words):
 - private final 'value' 'J' @16  1821722395504 (271dc370 1a8)
RSI=0x0000000000000120 is an unknown value
RDI=0x0000000713b72368 is an oop: java.lang.Long 
{0x0000000713b72368} - klass: 'java/lang/Long'
 - ---- fields (total size 3 words):
 - private final 'value' 'J' @16  1821722389984 (271dade0 1a8)
R8 =0x0000000000000003 is an unknown value
R9 =0x000000000000000d is an unknown value
R10=0x0 is NULL
R11=0xe0000000000003ff is an unknown value
R12=0x0000008dfaeff5f0 is pointing into the stack for thread: 0x000001a807b70720
R13=0x0 is NULL
R14=0x0000008dfaeff440 is pointing into the stack for thread: 0x000001a807b70720
R15=0x0 is NULL


Registers:
RAX=0x0000000000056520, RBX=0x000001a8265e83e0, RCX=0x000000007ffe0380, RDX=0x000000000003000c
RSP=0x0000008dfaeff210, RBP=0x0000000713b72488, RSI=0x0000000000000120, RDI=0x0000000713b72368
R8 =0x0000000000000003, R9 =0x000000000000000d, R10=0x0000000000000000, R11=0xe0000000000003ff
R12=0x0000008dfaeff5f0, R13=0x0000000000000000, R14=0x0000008dfaeff440, R15=0x0000000000000000
RIP=0x00007ffa8329da30, EFLAGS=0x0000000000010202

Top of Stack: (sp=0x0000008dfaeff210)
0x0000008dfaeff210:   0000000000000048 00007ffab0f35b1a
0x0000008dfaeff220:   0000008dfaeff350 0000000000000000
0x0000008dfaeff230:   000001a8273149e0 0000000000000000
0x0000008dfaeff240:   0000008dfaeff440 0000008dfaeff3c0
0x0000008dfaeff250:   0000008dfaeff5e0 00007ffa8329d087
0x0000008dfaeff260:   0000004800000000 0000000000000009
0x0000008dfaeff270:   0000008dfaeff678 00007ffa00000000
0x0000008dfaeff280:   0000000000000000 00007ffab39499fd
0x0000008dfaeff290:   000000000145008d 0000000000000050
0x0000008dfaeff2a0:   000001a800000000 00000000ffffffff
0x0000008dfaeff2b0:   0000008dfaeff350 0000000000000048
0x0000008dfaeff2c0:   0000000000000000 000001a8059b1080
0x0000008dfaeff2d0:   000001a8273149e0 000001a8059b0000
0x0000008dfaeff2e0:   0000000000000050 000001a8059b02b4
0x0000008dfaeff2f0:   0000008dfaeff440 0000008dfaeff3c0
0x0000008dfaeff300:   0000008d00000001 0000f4b1fcd20b77 

Instructions: (pc=0x00007ffa8329da30)
0x00007ffa8329d930:   8b ce e8 79 ec ff ff 48 8b 6c 24 50 49 8b c7 4d
0x00007ffa8329d940:   89 75 08 4c 8b 74 24 20 49 89 3f 48 83 c4 28 41
0x00007ffa8329d950:   5f 41 5d 5f 5b c3 48 89 3a 49 8b c7 48 83 c4 28
0x00007ffa8329d960:   41 5f 41 5d 5f 5b c3 cc cc cc cc cc cc cc cc cc
0x00007ffa8329d970:   48 89 5c 24 18 55 56 57 41 56 41 57 48 83 ec 20
0x00007ffa8329d980:   45 33 ff 4c 8b f1 4c 89 39 4c 89 79 08 4c 89 79
0x00007ffa8329d990:   10 48 8b 3a 48 8b 6a 08 48 3b fd 0f 84 bd 00 00
0x00007ffa8329d9a0:   00 48 8b f5 48 b8 ff ff ff ff ff ff ff 0f 48 2b
0x00007ffa8329d9b0:   f7 48 c1 fe 04 48 3b f0 0f 87 b4 00 00 00 48 c1
0x00007ffa8329d9c0:   e6 04 48 81 fe 00 10 00 00 72 2c 48 8d 4e 27 48
0x00007ffa8329d9d0:   3b ce 0f 86 9a 00 00 00 e8 c3 66 00 00 48 85 c0
0x00007ffa8329d9e0:   74 0e 48 8d 58 27 48 83 e3 e0 48 89 43 f8 eb 1c
0x00007ffa8329d9f0:   ff 15 7a 89 00 00 cc 48 85 f6 74 0d 48 8b ce e8
0x00007ffa8329da00:   9c 66 00 00 48 8b d8 eb 03 49 8b df 49 89 1e 48
0x00007ffa8329da10:   8d 04 1e 49 89 5e 08 49 89 46 10 0f 1f 44 00 00
0x00007ffa8329da20:   4c 89 3b 4c 89 7b 08 48 8b 47 08 48 85 c0 74 04
0x00007ffa8329da30:   f0 ff 40 08 48 8b 07 48 89 03 48 8b 47 08 48 83
0x00007ffa8329da40:   c7 10 48 89 43 08 48 83 c3 10 48 3b fd 75 d1 48
0x00007ffa8329da50:   8b d3 48 8b cb e8 56 eb ff ff 49 89 5e 08 48 8b
0x00007ffa8329da60:   5c 24 60 49 8b c6 48 83 c4 20 41 5f 41 5e 5f 5e
0x00007ffa8329da70:   5d c3 e8 19 38 ff ff cc cc cc cc cc cc cc cc cc
0x00007ffa8329da80:   48 89 5c 24 18 57 48 83 ec 20 48 8b 19 48 8b f9
0x00007ffa8329da90:   48 85 db 0f 84 87 00 00 00 48 89 74 24 38 48 8b
0x00007ffa8329daa0:   71 08 48 3b de 74 14 48 8b cb e8 51 fa ff ff 48
0x00007ffa8329dab0:   83 c3 60 48 3b de 75 ef 48 8b 1f 48 8b 4f 10 48
0x00007ffa8329dac0:   b8 ab aa aa aa aa aa aa 2a 48 8b 74 24 38 48 2b
0x00007ffa8329dad0:   cb 48 f7 e9 48 c1 fa 04 48 8b c2 48 c1 e8 3f 48
0x00007ffa8329dae0:   03 d0 48 8d 14 52 48 c1 e2 05 48 81 fa 00 10 00
0x00007ffa8329daf0:   00 72 18 48 8b 43 f8 48 83 c2 27 48 2b d8 48 83
0x00007ffa8329db00:   c3 f8 48 83 fb 1f 77 23 48 8b d8 48 8b cb e8 c9
0x00007ffa8329db10:   65 00 00 33 c0 48 89 07 48 89 47 08 48 89 47 10
0x00007ffa8329db20:   48 8b 5c 24 40 48 83 c4 20 5f c3 ff 15 3f 88 00 


Stack slot to memory mapping:
stack at sp + 0 slots: 0x0000000000000048 is an unknown value
stack at sp + 1 slots: 0x00007ffab0f35b1a ucrtbase.dll
stack at sp + 2 slots: 0x0000008dfaeff350 is pointing into the stack for thread: 0x000001a807b70720
stack at sp + 3 slots: 0x0 is NULL
stack at sp + 4 slots: 0x000001a8273149e0 points into unknown readable memory: 0x6c6c6162746f6f46 | 46 6f 6f 74 62 61 6c 6c
stack at sp + 5 slots: 0x0 is NULL
stack at sp + 6 slots: 0x0000008dfaeff440 is pointing into the stack for thread: 0x000001a807b70720
stack at sp + 7 slots: 0x0000008dfaeff3c0 is pointing into the stack for thread: 0x000001a807b70720


---------------  P R O C E S S  ---------------

Threads class SMR info:
_java_thread_list=0x000001a8271ad580, length=12, elements={
0x000001a807b70720, 0x000001a82659fb70, 0x000001a827041810, 0x000001a82702b940,
0x000001a82702c200, 0x000001a82702cac0, 0x000001a82702e0c0, 0x000001a82707db20,
0x000001a82707e420, 0x000001a8270874f0, 0x000001a8271cfe10, 0x000001a8271da7a0
}

Java Threads: ( => current thread )
=>0x000001a807b70720 JavaThread "main" [_thread_in_native, id=28160, stack(0x0000008dfae00000,0x0000008dfaf00000)]
  0x000001a82659fb70 JavaThread "Reference Handler" daemon [_thread_blocked, id=7144, stack(0x0000008dfb500000,0x0000008dfb600000)]
  0x000001a827041810 JavaThread "Finalizer" daemon [_thread_blocked, id=28636, stack(0x0000008dfb600000,0x0000008dfb700000)]
  0x000001a82702b940 JavaThread "Signal Dispatcher" daemon [_thread_blocked, id=38564, stack(0x0000008dfb700000,0x0000008dfb800000)]
  0x000001a82702c200 JavaThread "Attach Listener" daemon [_thread_blocked, id=24464, stack(0x0000008dfb800000,0x0000008dfb900000)]
  0x000001a82702cac0 JavaThread "Service Thread" daemon [_thread_blocked, id=24636, stack(0x0000008dfb900000,0x0000008dfba00000)]
  0x000001a82702e0c0 JavaThread "Monitor Deflation Thread" daemon [_thread_blocked, id=20908, stack(0x0000008dfba00000,0x0000008dfbb00000)]
  0x000001a82707db20 JavaThread "C2 CompilerThread0" daemon [_thread_blocked, id=37732, stack(0x0000008dfbb00000,0x0000008dfbc00000)]
  0x000001a82707e420 JavaThread "C1 CompilerThread0" daemon [_thread_blocked, id=25924, stack(0x0000008dfbc00000,0x0000008dfbd00000)]
  0x000001a8270874f0 JavaThread "Sweeper thread" daemon [_thread_blocked, id=13392, stack(0x0000008dfbd00000,0x0000008dfbe00000)]
  0x000001a8271cfe10 JavaThread "Notification Thread" daemon [_thread_blocked, id=22464, stack(0x0000008dfbe00000,0x0000008dfbf00000)]
  0x000001a8271da7a0 JavaThread "Common-Cleaner" daemon [_thread_blocked, id=35808, stack(0x0000008dfc000000,0x0000008dfc100000)]

Other Threads:
  0x000001a82659f650 VMThread "VM Thread" [stack: 0x0000008dfb400000,0x0000008dfb500000] [id=21728]
  0x000001a807bdd0a0 WatcherThread [stack: 0x0000008dfbf00000,0x0000008dfc000000] [id=3668]
  0x000001a807bbea10 GCTaskThread "GC Thread#0" [stack: 0x0000008dfaf00000,0x0000008dfb000000] [id=38820]
  0x000001a807bcf460 ConcurrentGCThread "G1 Main Marker" [stack: 0x0000008dfb000000,0x0000008dfb100000] [id=36312]
  0x000001a807bd0580 ConcurrentGCThread "G1 Conc#0" [stack: 0x0000008dfb100000,0x0000008dfb200000] [id=30352]
  0x000001a8264520c0 ConcurrentGCThread "G1 Refine#0" [stack: 0x0000008dfb200000,0x0000008dfb300000] [id=34480]
  0x000001a8264537a0 ConcurrentGCThread "G1 Service" [stack: 0x0000008dfb300000,0x0000008dfb400000] [id=25220]

Threads with active compile tasks:

VM state: not at safepoint (normal execution)

VM Mutex/Monitor currently owned by a thread: None

Heap address: 0x0000000703e00000, size: 4034 MB, Compressed Oops mode: Zero based, Oop shift amount: 3

CDS archive(s) not mapped
Compressed class space mapped at: 0x0000000800000000-0x0000000840000000, reserved size: 1073741824
Narrow klass base: 0x0000000800000000, Narrow klass shift: 0, Narrow klass range: 0x40000000

GC Precious Log:
 CPUs: 8 total, 8 available
 Memory: 16131M
 Large Page Support: Disabled
 NUMA Support: Disabled
 Compressed Oops: Enabled (Zero based)
 Heap Region Size: 2M
 Heap Min Capacity: 8M
 Heap Initial Capacity: 254M
 Heap Max Capacity: 4034M
 Pre-touch: Disabled
 Parallel Workers: 8
 Concurrent Workers: 2
 Concurrent Refinement Workers: 8
 Periodic GC: Disabled

Heap:
 garbage-first heap   total 260096K, used 0K [0x0000000703e00000, 0x0000000800000000)
  region size 2048K, 1 young (2048K), 0 survivors (0K)
 Metaspace       used 3851K, committed 4032K, reserved 1056768K
  class space    used 314K, committed 384K, reserved 1048576K

Heap Regions: E=young(eden), S=young(survivor), O=old, HS=humongous(starts), HC=humongous(continues), CS=collection set, F=free, OA=open archive, CA=closed archive, TAMS=top-at-mark-start (previous, next)
|   0|0x0000000703e00000, 0x0000000703e00000, 0x0000000704000000|  0%| F|  |TAMS 0x0000000703e00000, 0x0000000703e00000| Untracked 
|   1|0x0000000704000000, 0x0000000704000000, 0x0000000704200000|  0%| F|  |TAMS 0x0000000704000000, 0x0000000704000000| Untracked 
|   2|0x0000000704200000, 0x0000000704200000, 0x0000000704400000|  0%| F|  |TAMS 0x0000000704200000, 0x0000000704200000| Untracked 
|   3|0x0000000704400000, 0x0000000704400000, 0x0000000704600000|  0%| F|  |TAMS 0x0000000704400000, 0x0000000704400000| Untracked 
|   4|0x0000000704600000, 0x0000000704600000, 0x0000000704800000|  0%| F|  |TAMS 0x0000000704600000, 0x0000000704600000| Untracked 
|   5|0x0000000704800000, 0x0000000704800000, 0x0000000704a00000|  0%| F|  |TAMS 0x0000000704800000, 0x0000000704800000| Untracked 
|   6|0x0000000704a00000, 0x0000000704a00000, 0x0000000704c00000|  0%| F|  |TAMS 0x0000000704a00000, 0x0000000704a00000| Untracked 
|   7|0x0000000704c00000, 0x0000000704c00000, 0x0000000704e00000|  0%| F|  |TAMS 0x0000000704c00000, 0x0000000704c00000| Untracked 
|   8|0x0000000704e00000, 0x0000000704e00000, 0x0000000705000000|  0%| F|  |TAMS 0x0000000704e00000, 0x0000000704e00000| Untracked 
|   9|0x0000000705000000, 0x0000000705000000, 0x0000000705200000|  0%| F|  |TAMS 0x0000000705000000, 0x0000000705000000| Untracked 
|  10|0x0000000705200000, 0x0000000705200000, 0x0000000705400000|  0%| F|  |TAMS 0x0000000705200000, 0x0000000705200000| Untracked 
|  11|0x0000000705400000, 0x0000000705400000, 0x0000000705600000|  0%| F|  |TAMS 0x0000000705400000, 0x0000000705400000| Untracked 
|  12|0x0000000705600000, 0x0000000705600000, 0x0000000705800000|  0%| F|  |TAMS 0x0000000705600000, 0x0000000705600000| Untracked 
|  13|0x0000000705800000, 0x0000000705800000, 0x0000000705a00000|  0%| F|  |TAMS 0x0000000705800000, 0x0000000705800000| Untracked 
|  14|0x0000000705a00000, 0x0000000705a00000, 0x0000000705c00000|  0%| F|  |TAMS 0x0000000705a00000, 0x0000000705a00000| Untracked 
|  15|0x0000000705c00000, 0x0000000705c00000, 0x0000000705e00000|  0%| F|  |TAMS 0x0000000705c00000, 0x0000000705c00000| Untracked 
|  16|0x0000000705e00000, 0x0000000705e00000, 0x0000000706000000|  0%| F|  |TAMS 0x0000000705e00000, 0x0000000705e00000| Untracked 
|  17|0x0000000706000000, 0x0000000706000000, 0x0000000706200000|  0%| F|  |TAMS 0x0000000706000000, 0x0000000706000000| Untracked 
|  18|0x0000000706200000, 0x0000000706200000, 0x0000000706400000|  0%| F|  |TAMS 0x0000000706200000, 0x0000000706200000| Untracked 
|  19|0x0000000706400000, 0x0000000706400000, 0x0000000706600000|  0%| F|  |TAMS 0x0000000706400000, 0x0000000706400000| Untracked 
|  20|0x0000000706600000, 0x0000000706600000, 0x0000000706800000|  0%| F|  |TAMS 0x0000000706600000, 0x0000000706600000| Untracked 
|  21|0x0000000706800000, 0x0000000706800000, 0x0000000706a00000|  0%| F|  |TAMS 0x0000000706800000, 0x0000000706800000| Untracked 
|  22|0x0000000706a00000, 0x0000000706a00000, 0x0000000706c00000|  0%| F|  |TAMS 0x0000000706a00000, 0x0000000706a00000| Untracked 
|  23|0x0000000706c00000, 0x0000000706c00000, 0x0000000706e00000|  0%| F|  |TAMS 0x0000000706c00000, 0x0000000706c00000| Untracked 
|  24|0x0000000706e00000, 0x0000000706e00000, 0x0000000707000000|  0%| F|  |TAMS 0x0000000706e00000, 0x0000000706e00000| Untracked 
|  25|0x0000000707000000, 0x0000000707000000, 0x0000000707200000|  0%| F|  |TAMS 0x0000000707000000, 0x0000000707000000| Untracked 
|  26|0x0000000707200000, 0x0000000707200000, 0x0000000707400000|  0%| F|  |TAMS 0x0000000707200000, 0x0000000707200000| Untracked 
|  27|0x0000000707400000, 0x0000000707400000, 0x0000000707600000|  0%| F|  |TAMS 0x0000000707400000, 0x0000000707400000| Untracked 
|  28|0x0000000707600000, 0x0000000707600000, 0x0000000707800000|  0%| F|  |TAMS 0x0000000707600000, 0x0000000707600000| Untracked 
|  29|0x0000000707800000, 0x0000000707800000, 0x0000000707a00000|  0%| F|  |TAMS 0x0000000707800000, 0x0000000707800000| Untracked 
|  30|0x0000000707a00000, 0x0000000707a00000, 0x0000000707c00000|  0%| F|  |TAMS 0x0000000707a00000, 0x0000000707a00000| Untracked 
|  31|0x0000000707c00000, 0x0000000707c00000, 0x0000000707e00000|  0%| F|  |TAMS 0x0000000707c00000, 0x0000000707c00000| Untracked 
|  32|0x0000000707e00000, 0x0000000707e00000, 0x0000000708000000|  0%| F|  |TAMS 0x0000000707e00000, 0x0000000707e00000| Untracked 
|  33|0x0000000708000000, 0x0000000708000000, 0x0000000708200000|  0%| F|  |TAMS 0x0000000708000000, 0x0000000708000000| Untracked 
|  34|0x0000000708200000, 0x0000000708200000, 0x0000000708400000|  0%| F|  |TAMS 0x0000000708200000, 0x0000000708200000| Untracked 
|  35|0x0000000708400000, 0x0000000708400000, 0x0000000708600000|  0%| F|  |TAMS 0x0000000708400000, 0x0000000708400000| Untracked 
|  36|0x0000000708600000, 0x0000000708600000, 0x0000000708800000|  0%| F|  |TAMS 0x0000000708600000, 0x0000000708600000| Untracked 
|  37|0x0000000708800000, 0x0000000708800000, 0x0000000708a00000|  0%| F|  |TAMS 0x0000000708800000, 0x0000000708800000| Untracked 
|  38|0x0000000708a00000, 0x0000000708a00000, 0x0000000708c00000|  0%| F|  |TAMS 0x0000000708a00000, 0x0000000708a00000| Untracked 
|  39|0x0000000708c00000, 0x0000000708c00000, 0x0000000708e00000|  0%| F|  |TAMS 0x0000000708c00000, 0x0000000708c00000| Untracked 
|  40|0x0000000708e00000, 0x0000000708e00000, 0x0000000709000000|  0%| F|  |TAMS 0x0000000708e00000, 0x0000000708e00000| Untracked 
|  41|0x0000000709000000, 0x0000000709000000, 0x0000000709200000|  0%| F|  |TAMS 0x0000000709000000, 0x0000000709000000| Untracked 
|  42|0x0000000709200000, 0x0000000709200000, 0x0000000709400000|  0%| F|  |TAMS 0x0000000709200000, 0x0000000709200000| Untracked 
|  43|0x0000000709400000, 0x0000000709400000, 0x0000000709600000|  0%| F|  |TAMS 0x0000000709400000, 0x0000000709400000| Untracked 
|  44|0x0000000709600000, 0x0000000709600000, 0x0000000709800000|  0%| F|  |TAMS 0x0000000709600000, 0x0000000709600000| Untracked 
|  45|0x0000000709800000, 0x0000000709800000, 0x0000000709a00000|  0%| F|  |TAMS 0x0000000709800000, 0x0000000709800000| Untracked 
|  46|0x0000000709a00000, 0x0000000709a00000, 0x0000000709c00000|  0%| F|  |TAMS 0x0000000709a00000, 0x0000000709a00000| Untracked 
|  47|0x0000000709c00000, 0x0000000709c00000, 0x0000000709e00000|  0%| F|  |TAMS 0x0000000709c00000, 0x0000000709c00000| Untracked 
|  48|0x0000000709e00000, 0x0000000709e00000, 0x000000070a000000|  0%| F|  |TAMS 0x0000000709e00000, 0x0000000709e00000| Untracked 
|  49|0x000000070a000000, 0x000000070a000000, 0x000000070a200000|  0%| F|  |TAMS 0x000000070a000000, 0x000000070a000000| Untracked 
|  50|0x000000070a200000, 0x000000070a200000, 0x000000070a400000|  0%| F|  |TAMS 0x000000070a200000, 0x000000070a200000| Untracked 
|  51|0x000000070a400000, 0x000000070a400000, 0x000000070a600000|  0%| F|  |TAMS 0x000000070a400000, 0x000000070a400000| Untracked 
|  52|0x000000070a600000, 0x000000070a600000, 0x000000070a800000|  0%| F|  |TAMS 0x000000070a600000, 0x000000070a600000| Untracked 
|  53|0x000000070a800000, 0x000000070a800000, 0x000000070aa00000|  0%| F|  |TAMS 0x000000070a800000, 0x000000070a800000| Untracked 
|  54|0x000000070aa00000, 0x000000070aa00000, 0x000000070ac00000|  0%| F|  |TAMS 0x000000070aa00000, 0x000000070aa00000| Untracked 
|  55|0x000000070ac00000, 0x000000070ac00000, 0x000000070ae00000|  0%| F|  |TAMS 0x000000070ac00000, 0x000000070ac00000| Untracked 
|  56|0x000000070ae00000, 0x000000070ae00000, 0x000000070b000000|  0%| F|  |TAMS 0x000000070ae00000, 0x000000070ae00000| Untracked 
|  57|0x000000070b000000, 0x000000070b000000, 0x000000070b200000|  0%| F|  |TAMS 0x000000070b000000, 0x000000070b000000| Untracked 
|  58|0x000000070b200000, 0x000000070b200000, 0x000000070b400000|  0%| F|  |TAMS 0x000000070b200000, 0x000000070b200000| Untracked 
|  59|0x000000070b400000, 0x000000070b400000, 0x000000070b600000|  0%| F|  |TAMS 0x000000070b400000, 0x000000070b400000| Untracked 
|  60|0x000000070b600000, 0x000000070b600000, 0x000000070b800000|  0%| F|  |TAMS 0x000000070b600000, 0x000000070b600000| Untracked 
|  61|0x000000070b800000, 0x000000070b800000, 0x000000070ba00000|  0%| F|  |TAMS 0x000000070b800000, 0x000000070b800000| Untracked 
|  62|0x000000070ba00000, 0x000000070ba00000, 0x000000070bc00000|  0%| F|  |TAMS 0x000000070ba00000, 0x000000070ba00000| Untracked 
|  63|0x000000070bc00000, 0x000000070bc00000, 0x000000070be00000|  0%| F|  |TAMS 0x000000070bc00000, 0x000000070bc00000| Untracked 
|  64|0x000000070be00000, 0x000000070be00000, 0x000000070c000000|  0%| F|  |TAMS 0x000000070be00000, 0x000000070be00000| Untracked 
|  65|0x000000070c000000, 0x000000070c000000, 0x000000070c200000|  0%| F|  |TAMS 0x000000070c000000, 0x000000070c000000| Untracked 
|  66|0x000000070c200000, 0x000000070c200000, 0x000000070c400000|  0%| F|  |TAMS 0x000000070c200000, 0x000000070c200000| Untracked 
|  67|0x000000070c400000, 0x000000070c400000, 0x000000070c600000|  0%| F|  |TAMS 0x000000070c400000, 0x000000070c400000| Untracked 
|  68|0x000000070c600000, 0x000000070c600000, 0x000000070c800000|  0%| F|  |TAMS 0x000000070c600000, 0x000000070c600000| Untracked 
|  69|0x000000070c800000, 0x000000070c800000, 0x000000070ca00000|  0%| F|  |TAMS 0x000000070c800000, 0x000000070c800000| Untracked 
|  70|0x000000070ca00000, 0x000000070ca00000, 0x000000070cc00000|  0%| F|  |TAMS 0x000000070ca00000, 0x000000070ca00000| Untracked 
|  71|0x000000070cc00000, 0x000000070cc00000, 0x000000070ce00000|  0%| F|  |TAMS 0x000000070cc00000, 0x000000070cc00000| Untracked 
|  72|0x000000070ce00000, 0x000000070ce00000, 0x000000070d000000|  0%| F|  |TAMS 0x000000070ce00000, 0x000000070ce00000| Untracked 
|  73|0x000000070d000000, 0x000000070d000000, 0x000000070d200000|  0%| F|  |TAMS 0x000000070d000000, 0x000000070d000000| Untracked 
|  74|0x000000070d200000, 0x000000070d200000, 0x000000070d400000|  0%| F|  |TAMS 0x000000070d200000, 0x000000070d200000| Untracked 
|  75|0x000000070d400000, 0x000000070d400000, 0x000000070d600000|  0%| F|  |TAMS 0x000000070d400000, 0x000000070d400000| Untracked 
|  76|0x000000070d600000, 0x000000070d600000, 0x000000070d800000|  0%| F|  |TAMS 0x000000070d600000, 0x000000070d600000| Untracked 
|  77|0x000000070d800000, 0x000000070d800000, 0x000000070da00000|  0%| F|  |TAMS 0x000000070d800000, 0x000000070d800000| Untracked 
|  78|0x000000070da00000, 0x000000070da00000, 0x000000070dc00000|  0%| F|  |TAMS 0x000000070da00000, 0x000000070da00000| Untracked 
|  79|0x000000070dc00000, 0x000000070dc00000, 0x000000070de00000|  0%| F|  |TAMS 0x000000070dc00000, 0x000000070dc00000| Untracked 
|  80|0x000000070de00000, 0x000000070de00000, 0x000000070e000000|  0%| F|  |TAMS 0x000000070de00000, 0x000000070de00000| Untracked 
|  81|0x000000070e000000, 0x000000070e000000, 0x000000070e200000|  0%| F|  |TAMS 0x000000070e000000, 0x000000070e000000| Untracked 
|  82|0x000000070e200000, 0x000000070e200000, 0x000000070e400000|  0%| F|  |TAMS 0x000000070e200000, 0x000000070e200000| Untracked 
|  83|0x000000070e400000, 0x000000070e400000, 0x000000070e600000|  0%| F|  |TAMS 0x000000070e400000, 0x000000070e400000| Untracked 
|  84|0x000000070e600000, 0x000000070e600000, 0x000000070e800000|  0%| F|  |TAMS 0x000000070e600000, 0x000000070e600000| Untracked 
|  85|0x000000070e800000, 0x000000070e800000, 0x000000070ea00000|  0%| F|  |TAMS 0x000000070e800000, 0x000000070e800000| Untracked 
|  86|0x000000070ea00000, 0x000000070ea00000, 0x000000070ec00000|  0%| F|  |TAMS 0x000000070ea00000, 0x000000070ea00000| Untracked 
|  87|0x000000070ec00000, 0x000000070ec00000, 0x000000070ee00000|  0%| F|  |TAMS 0x000000070ec00000, 0x000000070ec00000| Untracked 
|  88|0x000000070ee00000, 0x000000070ee00000, 0x000000070f000000|  0%| F|  |TAMS 0x000000070ee00000, 0x000000070ee00000| Untracked 
|  89|0x000000070f000000, 0x000000070f000000, 0x000000070f200000|  0%| F|  |TAMS 0x000000070f000000, 0x000000070f000000| Untracked 
|  90|0x000000070f200000, 0x000000070f200000, 0x000000070f400000|  0%| F|  |TAMS 0x000000070f200000, 0x000000070f200000| Untracked 
|  91|0x000000070f400000, 0x000000070f400000, 0x000000070f600000|  0%| F|  |TAMS 0x000000070f400000, 0x000000070f400000| Untracked 
|  92|0x000000070f600000, 0x000000070f600000, 0x000000070f800000|  0%| F|  |TAMS 0x000000070f600000, 0x000000070f600000| Untracked 
|  93|0x000000070f800000, 0x000000070f800000, 0x000000070fa00000|  0%| F|  |TAMS 0x000000070f800000, 0x000000070f800000| Untracked 
|  94|0x000000070fa00000, 0x000000070fa00000, 0x000000070fc00000|  0%| F|  |TAMS 0x000000070fa00000, 0x000000070fa00000| Untracked 
|  95|0x000000070fc00000, 0x000000070fc00000, 0x000000070fe00000|  0%| F|  |TAMS 0x000000070fc00000, 0x000000070fc00000| Untracked 
|  96|0x000000070fe00000, 0x000000070fe00000, 0x0000000710000000|  0%| F|  |TAMS 0x000000070fe00000, 0x000000070fe00000| Untracked 
|  97|0x0000000710000000, 0x0000000710000000, 0x0000000710200000|  0%| F|  |TAMS 0x0000000710000000, 0x0000000710000000| Untracked 
|  98|0x0000000710200000, 0x0000000710200000, 0x0000000710400000|  0%| F|  |TAMS 0x0000000710200000, 0x0000000710200000| Untracked 
|  99|0x0000000710400000, 0x0000000710400000, 0x0000000710600000|  0%| F|  |TAMS 0x0000000710400000, 0x0000000710400000| Untracked 
| 100|0x0000000710600000, 0x0000000710600000, 0x0000000710800000|  0%| F|  |TAMS 0x0000000710600000, 0x0000000710600000| Untracked 
| 101|0x0000000710800000, 0x0000000710800000, 0x0000000710a00000|  0%| F|  |TAMS 0x0000000710800000, 0x0000000710800000| Untracked 
| 102|0x0000000710a00000, 0x0000000710a00000, 0x0000000710c00000|  0%| F|  |TAMS 0x0000000710a00000, 0x0000000710a00000| Untracked 
| 103|0x0000000710c00000, 0x0000000710c00000, 0x0000000710e00000|  0%| F|  |TAMS 0x0000000710c00000, 0x0000000710c00000| Untracked 
| 104|0x0000000710e00000, 0x0000000710e00000, 0x0000000711000000|  0%| F|  |TAMS 0x0000000710e00000, 0x0000000710e00000| Untracked 
| 105|0x0000000711000000, 0x0000000711000000, 0x0000000711200000|  0%| F|  |TAMS 0x0000000711000000, 0x0000000711000000| Untracked 
| 106|0x0000000711200000, 0x0000000711200000, 0x0000000711400000|  0%| F|  |TAMS 0x0000000711200000, 0x0000000711200000| Untracked 
| 107|0x0000000711400000, 0x0000000711400000, 0x0000000711600000|  0%| F|  |TAMS 0x0000000711400000, 0x0000000711400000| Untracked 
| 108|0x0000000711600000, 0x0000000711600000, 0x0000000711800000|  0%| F|  |TAMS 0x0000000711600000, 0x0000000711600000| Untracked 
| 109|0x0000000711800000, 0x0000000711800000, 0x0000000711a00000|  0%| F|  |TAMS 0x0000000711800000, 0x0000000711800000| Untracked 
| 110|0x0000000711a00000, 0x0000000711a00000, 0x0000000711c00000|  0%| F|  |TAMS 0x0000000711a00000, 0x0000000711a00000| Untracked 
| 111|0x0000000711c00000, 0x0000000711c00000, 0x0000000711e00000|  0%| F|  |TAMS 0x0000000711c00000, 0x0000000711c00000| Untracked 
| 112|0x0000000711e00000, 0x0000000711e00000, 0x0000000712000000|  0%| F|  |TAMS 0x0000000711e00000, 0x0000000711e00000| Untracked 
| 113|0x0000000712000000, 0x0000000712000000, 0x0000000712200000|  0%| F|  |TAMS 0x0000000712000000, 0x0000000712000000| Untracked 
| 114|0x0000000712200000, 0x0000000712200000, 0x0000000712400000|  0%| F|  |TAMS 0x0000000712200000, 0x0000000712200000| Untracked 
| 115|0x0000000712400000, 0x0000000712400000, 0x0000000712600000|  0%| F|  |TAMS 0x0000000712400000, 0x0000000712400000| Untracked 
| 116|0x0000000712600000, 0x0000000712600000, 0x0000000712800000|  0%| F|  |TAMS 0x0000000712600000, 0x0000000712600000| Untracked 
| 117|0x0000000712800000, 0x0000000712800000, 0x0000000712a00000|  0%| F|  |TAMS 0x0000000712800000, 0x0000000712800000| Untracked 
| 118|0x0000000712a00000, 0x0000000712a00000, 0x0000000712c00000|  0%| F|  |TAMS 0x0000000712a00000, 0x0000000712a00000| Untracked 
| 119|0x0000000712c00000, 0x0000000712c00000, 0x0000000712e00000|  0%| F|  |TAMS 0x0000000712c00000, 0x0000000712c00000| Untracked 
| 120|0x0000000712e00000, 0x0000000712e00000, 0x0000000713000000|  0%| F|  |TAMS 0x0000000712e00000, 0x0000000712e00000| Untracked 
| 121|0x0000000713000000, 0x0000000713000000, 0x0000000713200000|  0%| F|  |TAMS 0x0000000713000000, 0x0000000713000000| Untracked 
| 122|0x0000000713200000, 0x0000000713200000, 0x0000000713400000|  0%| F|  |TAMS 0x0000000713200000, 0x0000000713200000| Untracked 
| 123|0x0000000713400000, 0x0000000713400000, 0x0000000713600000|  0%| F|  |TAMS 0x0000000713400000, 0x0000000713400000| Untracked 
| 124|0x0000000713600000, 0x0000000713600000, 0x0000000713800000|  0%| F|  |TAMS 0x0000000713600000, 0x0000000713600000| Untracked 
| 125|0x0000000713800000, 0x0000000713800000, 0x0000000713a00000|  0%| F|  |TAMS 0x0000000713800000, 0x0000000713800000| Untracked 
| 126|0x0000000713a00000, 0x0000000713bc2a48, 0x0000000713c00000| 88%| E|  |TAMS 0x0000000713a00000, 0x0000000713a00000| Complete 

Card table byte_map: [0x000001a81ad50000,0x000001a81b540000] _byte_map_base: 0x000001a817531000

Marking Bits (Prev, Next): (CMBitMap*) 0x000001a807bbef20, (CMBitMap*) 0x000001a807bbef60
 Prev Bits: [0x000001a81bd30000, 0x000001a81fc38000)
 Next Bits: [0x000001a81fc40000, 0x000001a823b48000)

Polling page: 0x000001a807350000

Metaspace:

Usage:
  Non-class:      3.45 MB used.
      Class:    314.24 KB used.
       Both:      3.76 MB used.

Virtual space:
  Non-class space:        8.00 MB reserved,       3.56 MB ( 45%) committed,  1 nodes.
      Class space:        1.00 GB reserved,     384.00 KB ( <1%) committed,  1 nodes.
             Both:        1.01 GB reserved,       3.94 MB ( <1%) committed. 

Chunk freelists:
   Non-Class:  4.00 MB
       Class:  3.62 MB
        Both:  7.62 MB

MaxMetaspaceSize: unlimited
CompressedClassSpaceSize: 1.00 GB
Initial GC threshold: 21.00 MB
Current GC threshold: 21.00 MB
CDS: off
MetaspaceReclaimPolicy: balanced
 - commit_granule_bytes: 65536.
 - commit_granule_words: 8192.
 - virtual_space_node_default_size: 1048576.
 - enlarge_chunks_in_place: 1.
 - new_chunks_are_fully_committed: 0.
 - uncommit_free_chunks: 1.
 - use_allocation_guard: 0.
 - handle_deallocations: 1.


Internal statistics:

num_allocs_failed_limit: 0.
num_arena_births: 4.
num_arena_deaths: 0.
num_vsnodes_births: 2.
num_vsnodes_deaths: 0.
num_space_committed: 63.
num_space_uncommitted: 0.
num_chunks_returned_to_freelist: 0.
num_chunks_taken_from_freelist: 6.
num_chunk_merges: 0.
num_chunk_splits: 2.
num_chunks_enlarged: 0.
num_purges: 0.
num_inconsistent_stats: 0.

CodeHeap 'non-profiled nmethods': size=120000Kb used=13Kb max_used=13Kb free=119986Kb
 bounds [0x000001a812d00000, 0x000001a812f70000, 0x000001a81a230000]
CodeHeap 'profiled nmethods': size=120000Kb used=86Kb max_used=86Kb free=119913Kb
 bounds [0x000001a80b7d0000, 0x000001a80ba40000, 0x000001a812d00000]
CodeHeap 'non-nmethods': size=5760Kb used=1033Kb max_used=1038Kb free=4726Kb
 bounds [0x000001a80b230000, 0x000001a80b4a0000, 0x000001a80b7d0000]
 total_blobs=350 nmethods=62 adapters=201
 compilation: enabled
              stopped_count=0, restarted_count=0
 full_count=0

Compilation events (20 events):
Event: 0.102 Thread 0x000001a82707e420   57       3       java.util.HashMap::get (19 bytes)
Event: 0.102 Thread 0x000001a82707e420 nmethod 57 0x000001a80b7e2f90 code [0x000001a80b7e3140, 0x000001a80b7e3308]
Event: 0.102 Thread 0x000001a82707e420   47       1       java.lang.module.ResolvedModule::reference (5 bytes)
Event: 0.102 Thread 0x000001a82707e420 nmethod 47 0x000001a812d02390 code [0x000001a812d02520, 0x000001a812d025f8]
Event: 0.102 Thread 0x000001a82707e420   50       1       java.lang.module.ModuleDescriptor$Exports::source (5 bytes)
Event: 0.102 Thread 0x000001a82707e420 nmethod 50 0x000001a812d02690 code [0x000001a812d02820, 0x000001a812d028f8]
Event: 0.102 Thread 0x000001a82707e420   58       1       java.lang.module.ModuleDescriptor$Exports::targets (5 bytes)
Event: 0.102 Thread 0x000001a82707e420 nmethod 58 0x000001a812d02990 code [0x000001a812d02b20, 0x000001a812d02bf8]
Event: 0.102 Thread 0x000001a82707e420   54       1       java.lang.module.ModuleDescriptor::isAutomatic (5 bytes)
Event: 0.102 Thread 0x000001a82707e420 nmethod 54 0x000001a812d02c90 code [0x000001a812d02e20, 0x000001a812d02ef8]
Event: 0.102 Thread 0x000001a82707e420   59       1       java.util.ImmutableCollections$Set12::isEmpty (2 bytes)
Event: 0.102 Thread 0x000001a82707e420 nmethod 59 0x000001a812d02f90 code [0x000001a812d03120, 0x000001a812d031f8]
Event: 0.102 Thread 0x000001a82707e420   55       1       java.lang.module.ResolvedModule::configuration (5 bytes)
Event: 0.102 Thread 0x000001a82707e420 nmethod 55 0x000001a812d03290 code [0x000001a812d03420, 0x000001a812d034f8]
Event: 0.106 Thread 0x000001a82707e420   60       3       java.lang.AbstractStringBuilder::ensureCapacityInternal (39 bytes)
Event: 0.106 Thread 0x000001a82707e420 nmethod 60 0x000001a80b7e3410 code [0x000001a80b7e35c0, 0x000001a80b7e37f8]
Event: 0.110 Thread 0x000001a82707e420   61       3       java.lang.String::isEmpty (14 bytes)
Event: 0.110 Thread 0x000001a82707e420 nmethod 61 0x000001a80b7e3910 code [0x000001a80b7e3aa0, 0x000001a80b7e3c18]
Event: 0.126 Thread 0x000001a82707e420   62       3       java.util.HashMap::resize (356 bytes)
Event: 0.127 Thread 0x000001a82707e420 nmethod 62 0x000001a80b7e3d10 code [0x000001a80b7e3fc0, 0x000001a80b7e54e8]

GC Heap History (0 events):
No events

Deoptimization events (0 events):
No events

Classes unloaded (0 events):
No events

Classes redefined (0 events):
No events

Internal exceptions (0 events):
No events

VM Operations (2 events):
Event: 1.051 Executing VM operation: Cleanup
Event: 1.051 Executing VM operation: Cleanup done

Events (20 events):
Event: 0.126 loading class java/nio/CharBuffer
Event: 0.126 loading class java/lang/Readable
Event: 0.126 loading class java/lang/Readable done
Event: 0.126 loading class java/nio/CharBuffer done
Event: 0.126 loading class java/nio/HeapCharBuffer
Event: 0.127 loading class java/nio/HeapCharBuffer done
Event: 0.127 loading class java/nio/charset/CoderResult
Event: 0.127 loading class java/nio/charset/CoderResult done
Event: 0.127 loading class java/util/concurrent/ConcurrentHashMap$ValuesView
Event: 0.127 loading class java/util/concurrent/ConcurrentHashMap$CollectionView
Event: 0.127 loading class java/util/concurrent/ConcurrentHashMap$CollectionView done
Event: 0.127 loading class java/util/concurrent/ConcurrentHashMap$ValuesView done
Event: 0.127 loading class java/util/concurrent/ConcurrentHashMap$ValueIterator
Event: 0.127 loading class java/util/Enumeration
Event: 0.127 loading class java/util/Enumeration done
Event: 0.127 loading class java/util/concurrent/ConcurrentHashMap$BaseIterator
Event: 0.127 loading class java/util/concurrent/ConcurrentHashMap$Traverser
Event: 0.128 loading class java/util/concurrent/ConcurrentHashMap$Traverser done
Event: 0.128 loading class java/util/concurrent/ConcurrentHashMap$BaseIterator done
Event: 0.128 loading class java/util/concurrent/ConcurrentHashMap$ValueIterator done


Dynamic libraries:
0x00007ff71d320000 - 0x00007ff71d32e000 	C:\Users\Lenovo\.p2\pool\plugins\org.eclipse.justj.openjdk.hotspot.jre.full.win32.x86_64_17.0.2.v20220201-1208\jre\bin\javaw.exe
0x00007ffab3920000 - 0x00007ffab3b29000 	C:\WINDOWS\SYSTEM32\ntdll.dll
0x00007ffab2710000 - 0x00007ffab27cd000 	C:\WINDOWS\System32\KERNEL32.DLL
0x00007ffab1050000 - 0x00007ffab13c9000 	C:\WINDOWS\System32\KERNELBASE.dll
0x00007ffab0f30000 - 0x00007ffab1041000 	C:\WINDOWS\System32\ucrtbase.dll
0x00007ffa8e1f0000 - 0x00007ffa8e208000 	C:\Users\Lenovo\.p2\pool\plugins\org.eclipse.justj.openjdk.hotspot.jre.full.win32.x86_64_17.0.2.v20220201-1208\jre\bin\jli.dll
0x00007ffa8e470000 - 0x00007ffa8e489000 	C:\Users\Lenovo\.p2\pool\plugins\org.eclipse.justj.openjdk.hotspot.jre.full.win32.x86_64_17.0.2.v20220201-1208\jre\bin\VCRUNTIME140.dll
0x00007ffab1e50000 - 0x00007ffab1ffc000 	C:\WINDOWS\System32\USER32.dll
0x00007ffa93c20000 - 0x00007ffa93ec5000 	C:\WINDOWS\WinSxS\amd64_microsoft.windows.common-controls_6595b64144ccf1df_6.0.22000.120_none_9d947278b86cc467\COMCTL32.dll
0x00007ffab1660000 - 0x00007ffab1686000 	C:\WINDOWS\System32\win32u.dll
0x00007ffab2880000 - 0x00007ffab2923000 	C:\WINDOWS\System32\msvcrt.dll
0x00007ffab3890000 - 0x00007ffab38b9000 	C:\WINDOWS\System32\GDI32.dll
0x00007ffab0e10000 - 0x00007ffab0f22000 	C:\WINDOWS\System32\gdi32full.dll
0x00007ffab15c0000 - 0x00007ffab165d000 	C:\WINDOWS\System32\msvcp_win.dll
0x00007ffab3160000 - 0x00007ffab3191000 	C:\WINDOWS\System32\IMM32.DLL
0x00007ffa9ac40000 - 0x00007ffa9ac4c000 	C:\Users\Lenovo\.p2\pool\plugins\org.eclipse.justj.openjdk.hotspot.jre.full.win32.x86_64_17.0.2.v20220201-1208\jre\bin\vcruntime140_1.dll
0x00007ffa72f30000 - 0x00007ffa72fc1000 	C:\Users\Lenovo\.p2\pool\plugins\org.eclipse.justj.openjdk.hotspot.jre.full.win32.x86_64_17.0.2.v20220201-1208\jre\bin\msvcp140.dll
0x00007ffa2bc60000 - 0x00007ffa2c8a7000 	C:\Users\Lenovo\.p2\pool\plugins\org.eclipse.justj.openjdk.hotspot.jre.full.win32.x86_64_17.0.2.v20220201-1208\jre\bin\server\jvm.dll
0x00007ffab27d0000 - 0x00007ffab287e000 	C:\WINDOWS\System32\ADVAPI32.dll
0x00007ffab2390000 - 0x00007ffab242e000 	C:\WINDOWS\System32\sechost.dll
0x00007ffab18c0000 - 0x00007ffab19e0000 	C:\WINDOWS\System32\RPCRT4.dll
0x00007ffab2930000 - 0x00007ffab2938000 	C:\WINDOWS\System32\PSAPI.DLL
0x00007ffa9c7e0000 - 0x00007ffa9c7e9000 	C:\WINDOWS\SYSTEM32\WSOCK32.dll
0x00007ffaa9690000 - 0x00007ffaa96c3000 	C:\WINDOWS\SYSTEM32\WINMM.dll
0x00007ffaa8ec0000 - 0x00007ffaa8eca000 	C:\WINDOWS\SYSTEM32\VERSION.dll
0x00007ffab2640000 - 0x00007ffab26af000 	C:\WINDOWS\System32\WS2_32.dll
0x00007ffaaffc0000 - 0x00007ffaaffd8000 	C:\WINDOWS\SYSTEM32\kernel.appcore.dll
0x00007ffa9c790000 - 0x00007ffa9c79a000 	C:\Users\Lenovo\.p2\pool\plugins\org.eclipse.justj.openjdk.hotspot.jre.full.win32.x86_64_17.0.2.v20220201-1208\jre\bin\jimage.dll
0x00007ffaaeac0000 - 0x00007ffaaece1000 	C:\WINDOWS\SYSTEM32\DBGHELP.DLL
0x00007ffaa5110000 - 0x00007ffaa5141000 	C:\WINDOWS\SYSTEM32\dbgcore.DLL
0x00007ffab13d0000 - 0x00007ffab144f000 	C:\WINDOWS\System32\bcryptPrimitives.dll
0x00007ffa8bd40000 - 0x00007ffa8bd65000 	C:\Users\Lenovo\.p2\pool\plugins\org.eclipse.justj.openjdk.hotspot.jre.full.win32.x86_64_17.0.2.v20220201-1208\jre\bin\java.dll
0x00007ffa92a80000 - 0x00007ffa92a98000 	C:\Users\Lenovo\.p2\pool\plugins\org.eclipse.justj.openjdk.hotspot.jre.full.win32.x86_64_17.0.2.v20220201-1208\jre\bin\zip.dll
0x00007ffab29b0000 - 0x00007ffab315f000 	C:\WINDOWS\System32\SHELL32.dll
0x00007ffaaef50000 - 0x00007ffaaf7b8000 	C:\WINDOWS\SYSTEM32\windows.storage.dll
0x00007ffab3490000 - 0x00007ffab3808000 	C:\WINDOWS\System32\combase.dll
0x00007ffaaede0000 - 0x00007ffaaef46000 	C:\WINDOWS\SYSTEM32\wintypes.dll
0x00007ffab17d0000 - 0x00007ffab18ba000 	C:\WINDOWS\System32\SHCORE.dll
0x00007ffab2230000 - 0x00007ffab228d000 	C:\WINDOWS\System32\shlwapi.dll
0x00007ffab0d40000 - 0x00007ffab0d61000 	C:\WINDOWS\SYSTEM32\profapi.dll
0x00007ffa83290000 - 0x00007ffa832b2000 	C:\Users\Lenovo\eclipse-workspace\POOP\src\Proba.dll

dbghelp: loaded successfully - version: 4.0.5 - missing functions: none
symbol engine: initialized successfully - sym options: 0x614 - pdb path: .;C:\Users\Lenovo\.p2\pool\plugins\org.eclipse.justj.openjdk.hotspot.jre.full.win32.x86_64_17.0.2.v20220201-1208\jre\bin;C:\WINDOWS\SYSTEM32;C:\WINDOWS\WinSxS\amd64_microsoft.windows.common-controls_6595b64144ccf1df_6.0.22000.120_none_9d947278b86cc467;C:\Users\Lenovo\.p2\pool\plugins\org.eclipse.justj.openjdk.hotspot.jre.full.win32.x86_64_17.0.2.v20220201-1208\jre\bin\server;C:\Users\Lenovo\eclipse-workspace\POOP\src

VM Arguments:
jvm_args: -Djava.library.path=C:\Users\Lenovo\eclipse-workspace\POOP\src -Dfile.encoding=Cp1252 -XX:+ShowCodeDetailsInExceptionMessages 
java_command: olympicgames.OlympicGames
java_class_path (initial): C:\Users\Lenovo\eclipse-workspace\POOP\bin
Launcher Type: SUN_STANDARD

[Global flags]
     intx CICompilerCount                          = 4                                         {product} {ergonomic}
     uint ConcGCThreads                            = 2                                         {product} {ergonomic}
     uint G1ConcRefinementThreads                  = 8                                         {product} {ergonomic}
   size_t G1HeapRegionSize                         = 2097152                                   {product} {ergonomic}
    uintx GCDrainStackTargetSize                   = 64                                        {product} {ergonomic}
   size_t InitialHeapSize                          = 266338304                                 {product} {ergonomic}
   size_t MarkStackSize                            = 4194304                                   {product} {ergonomic}
   size_t MaxHeapSize                              = 4229955584                                {product} {ergonomic}
   size_t MaxNewSize                               = 2537553920                                {product} {ergonomic}
   size_t MinHeapDeltaBytes                        = 2097152                                   {product} {ergonomic}
   size_t MinHeapSize                              = 8388608                                   {product} {ergonomic}
    uintx NonNMethodCodeHeapSize                   = 5839372                                {pd product} {ergonomic}
    uintx NonProfiledCodeHeapSize                  = 122909434                              {pd product} {ergonomic}
    uintx ProfiledCodeHeapSize                     = 122909434                              {pd product} {ergonomic}
    uintx ReservedCodeCacheSize                    = 251658240                              {pd product} {ergonomic}
     bool SegmentedCodeCache                       = true                                      {product} {ergonomic}
     bool ShowCodeDetailsInExceptionMessages       = true                                   {manageable} {command line}
   size_t SoftMaxHeapSize                          = 4229955584                             {manageable} {ergonomic}
     bool UseCompressedClassPointers               = true                           {product lp64_product} {ergonomic}
     bool UseCompressedOops                        = true                           {product lp64_product} {ergonomic}
     bool UseG1GC                                  = true                                      {product} {ergonomic}
     bool UseLargePagesIndividualAllocation        = false                                  {pd product} {ergonomic}

Logging:
Log output configuration:
 #0: stdout all=warning uptime,level,tags
 #1: stderr all=off uptime,level,tags

Environment Variables:
JAVA_HOME=C:\Program Files\Microsoft\jdk-11.0.14.101-hotspot\
PATH=C:/Users/Lenovo/.p2/pool/plugins/org.eclipse.justj.openjdk.hotspot.jre.full.win32.x86_64_17.0.2.v20220201-1208/jre/bin/server;C:/Users/Lenovo/.p2/pool/plugins/org.eclipse.justj.openjdk.hotspot.jre.full.win32.x86_64_17.0.2.v20220201-1208/jre/bin;C:\Program Files (x86)\Common Files\Oracle\Java\javapath;C:\Program Files (x86)\VMware\VMware Player\bin\;C:\WINDOWS\system32;C:\WINDOWS;C:\WINDOWS\System32\Wbem;C:\WINDOWS\System32\WindowsPowerShell\v1.0\;C:\WINDOWS\System32\OpenSSH\;C:\Program Files\Git\cmd;C:\Program Files\Java\jdk1.8.0_202\bin;C:\swigwin-4.0.2;C:\Users\Lenovo\AppData\Local\Microsoft\WindowsApps;C:\Users\Lenovo\AppData\Local\Programs\Microsoft VS Code\bin;C:\Users\Lenovo\AppData\Local\GitHubDesktop\bin;\MinGW\bin;C:\Users\Lenovo\AppData\Local\Programs\MiKTeX\miktex\bin\x64\;;C:\WINDOWS\system32;
USERNAME=Lenovo
OS=Windows_NT
PROCESSOR_IDENTIFIER=Intel64 Family 6 Model 142 Stepping 11, GenuineIntel



---------------  S Y S T E M  ---------------

OS:
 Windows 11 , 64 bit Build 22000 (10.0.22000.675)
OS uptime: 29 days 4:08 hours
Hyper-V role detected

CPU: total 8 (initial active 8) (4 cores per cpu, 2 threads per core) family 6 model 142 stepping 11 microcode 0xde, cx8, cmov, fxsr, ht, mmx, 3dnowpref, sse, sse2, sse3, ssse3, sse4.1, sse4.2, popcnt, lzcnt, tsc, tscinvbit, avx, avx2, aes, erms, clmul, bmi1, bmi2, adx, fma, vzeroupper, clflush, clflushopt, hv

Memory: 4k page, system-wide physical 16131M (4867M free)
TotalPageFile size 25342M (AvailPageFile size 8149M)
current process WorkingSet (physical memory assigned to process): 116M, peak: 116M
current process commit charge ("private bytes"): 424M, peak: 425M

vm_info: OpenJDK 64-Bit Server VM (17.0.2+8) for windows-amd64 JRE (17.0.2+8), built on Jan 20 2022 04:52:34 by "" with MS VC++ 16.7 (VS2019)

END.
