#
# A fatal error has been detected by the Java Runtime Environment:
#
#  EXCEPTION_ACCESS_VIOLATION (0xc0000005) at pc=0x00007ffa854ada60, pid=12844, tid=29428
#
# JRE version: OpenJDK Runtime Environment Temurin-17.0.2+8 (17.0.2+8) (build 17.0.2+8)
# Java VM: OpenJDK 64-Bit Server VM Temurin-17.0.2+8 (17.0.2+8, mixed mode, tiered, compressed oops, compressed class ptrs, g1 gc, windows-amd64)
# Problematic frame:
# C  [Proba.dll+0xda60]
#
# No core dump will be written. Minidumps are not enabled by default on client versions of Windows
#
# If you would like to submit a bug report, please visit:
#   https://github.com/adoptium/adoptium-support/issues
# The crash happened outside the Java Virtual Machine in native code.
# See problematic frame for where to report the bug.
#

---------------  S U M M A R Y ------------

Command Line: -Djava.library.path=C:\Users\Lenovo\eclipse-workspace\POOP\src -Dfile.encoding=Cp1252 -XX:+ShowCodeDetailsInExceptionMessages olympicgames.OlympicGames

Host: Intel(R) Core(TM) i5-8265U CPU @ 1.60GHz, 8 cores, 15G,  Windows 11 , 64 bit Build 22000 (10.0.22000.675)
Time: Sat Jun 11 22:43:30 2022 Central Europe Daylight Time elapsed time: 5.635993 seconds (0d 0h 0m 5s)

---------------  T H R E A D  ---------------

Current thread (0x0000022fcce8f7a0):  JavaThread "main" [_thread_in_native, id=29428, stack(0x0000009552900000,0x0000009552a00000)]

Stack: [0x0000009552900000,0x0000009552a00000],  sp=0x00000095529ff010,  free space=1020k
Native frames: (J=compiled Java code, j=interpreted, Vv=VM code, C=native code)
C  [Proba.dll+0xda60]

Java frames: (J=compiled Java code, j=interpreted, Vv=VM code)
j  olympicgames.OlympicGames.numOfParticipants(Ljava/lang/Long;Ljava/lang/Long;Ljava/lang/String;III)Ljava/util/HashMap;+0
j  olympicgames.OlympicGames.main([Ljava/lang/String;)V+64
v  ~StubRoutines::call_stub

siginfo: EXCEPTION_ACCESS_VIOLATION (0xc0000005), writing address 0x0000000000056528


Register to memory mapping:

RIP=0x00007ffa854ada60 Proba.dll
RAX=353568 is a compressed pointer to class: 0x0000000800056520
java.lang.Long {0x0000000800056528}
 - instance size:     3
 - klass size:        79
 - access:            public final synchronized 
 - state:             fully_initialized
 - name:              'java/lang/Long'
 - super:             'java/lang/Number'
 - sub:               
 - arrays:            NULL
 - methods:           Array<T>(0x0000022febd25ad8)
 - method ordering:   Array<T>(0x0000022febc00018)
 - default_methods:   Array<T>(0x0000000000000000)
 - local interfaces:  Array<T>(0x0000022febd25a58)
 - trans. interfaces: Array<T>(0x0000022febd29920)
 - constants:         constant pool [506] {0x0000022febd24950} for 'java/lang/Long' cache=0x0000022febf72990
 - class loader data:  loader data: 0x0000022feb771020 of 'bootstrap'
 - source file:       'Long.java'
 - class annotations:       Array<T>(0x0000022febd298c0)
 - class type annotations:  Array<T>(0x0000000000000000)
 - field annotations:       Array<T>(0x0000000000000000)
 - field type annotations:  Array<T>(0x0000000000000000)
 - generic signature: 'Ljava/lang/Number;Ljava/lang/Comparable<Ljava/lang/Long;>;Ljava/lang/constant/Constable;Ljava/lang/constant/ConstantDesc;'
 - inner classes:     Array<T>(0x0000022febd298d0)
 - nest members:     Array<T>(0x0000022febd298f0)
 - permitted subclasses:     Array<T>(0x0000022febc00028)
 - java mirror:       a 'java/lang/Class'{0x0000000713a05410} = 'java/lang/Long'
 - vtable length      11  (start addr: 0x00000008000566e8)
 - itable length      11 (start addr: 0x0000000800056740)
 - ---- static fields (5 words):
 - public static final 'MIN_VALUE' 'J' @120 
 - public static final 'MAX_VALUE' 'J' @128 
 - public static final 'TYPE' 'Ljava/lang/Class;' @112 
 - public static final 'SIZE' 'I' @144 
 - public static final 'BYTES' 'I' @148 
 - private static final 'serialVersionUID' 'J' @136 
 - ---- non-static fields (3 words):
 - private final 'value' 'J' @16 
 - non-static oop maps: 
RBX=0x0000022fec602280 points into unknown readable memory: 0x0000000000000000 | 00 00 00 00 00 00 00 00
RCX=0x000000007ffe0380 points into unknown readable memory: 0x0000000000000000 | 00 00 00 00 00 00 00 00
RDX=0x000000000007000c is an unknown value
RSP=0x00000095529ff010 is pointing into the stack for thread: 0x0000022fcce8f7a0
RBP=0x0000000713b72490 is an oop: java.lang.Long 
{0x0000000713b72490} - klass: 'java/lang/Long'
 - ---- fields (total size 3 words):
 - private final 'value' 'J' @16  2404852383328 (ec5f3e60 22f)
RSI=0x0000000000000120 is an unknown value
RDI=0x0000000713b72370 is an oop: java.lang.Long 
{0x0000000713b72370} - klass: 'java/lang/Long'
 - ---- fields (total size 3 words):
 - private final 'value' 'J' @16  2404852375664 (ec5f2070 22f)
R8 =0x0000000000000007 is an unknown value
R9 =0x000000000000000d is an unknown value
R10=0x0 is NULL
R11=0xfe0000000000003f is an unknown value
R12=0x00000095529ff340 is pointing into the stack for thread: 0x0000022fcce8f7a0
R13=0x0 is NULL
R14=0x00000095529ff240 is pointing into the stack for thread: 0x0000022fcce8f7a0
R15=0x0 is NULL


Registers:
RAX=0x0000000000056520, RBX=0x0000022fec602280, RCX=0x000000007ffe0380, RDX=0x000000000007000c
RSP=0x00000095529ff010, RBP=0x0000000713b72490, RSI=0x0000000000000120, RDI=0x0000000713b72370
R8 =0x0000000000000007, R9 =0x000000000000000d, R10=0x0000000000000000, R11=0xfe0000000000003f
R12=0x00000095529ff340, R13=0x0000000000000000, R14=0x00000095529ff240, R15=0x0000000000000000
RIP=0x00007ffa854ada60, EFLAGS=0x0000000000010202

Top of Stack: (sp=0x00000095529ff010)
0x00000095529ff010:   0000000000000019 00007ffab0f35b1a
0x00000095529ff020:   00000095529ff150 0000000000000000
0x00000095529ff030:   0000022fee8326a0 0000000000000000
0x00000095529ff040:   00000095529ff240 00000095529ff1c0
0x00000095529ff050:   00000095529ff3e0 00007ffa854ad0b7
0x00000095529ff060:   0000001900000000 0000000000000009
0x00000095529ff070:   00000095529ff440 00007ffa00000000
0x00000095529ff080:   0000000000000000 00007ffab39499fd
0x00000095529ff090:   0000000001510090 0000000000000050
0x00000095529ff0a0:   0000022f00000000 00000000ffffffff
0x00000095529ff0b0:   00000095529ff150 0000000000000019
0x00000095529ff0c0:   0000000000000000 0000022fcabc0fc0
0x00000095529ff0d0:   0000022fee8326a0 0000022fcabc0000
0x00000095529ff0e0:   0000000000000050 0000022fcabc02b4
0x00000095529ff0f0:   00000095529ff240 00000095529ff1c0
0x00000095529ff100:   0000009500000001 0000684a6dcba4af 

Instructions: (pc=0x00007ffa854ada60)
0x00007ffa854ad960:   8b ce e8 49 ec ff ff 48 8b 6c 24 50 49 8b c7 4d
0x00007ffa854ad970:   89 75 08 4c 8b 74 24 20 49 89 3f 48 83 c4 28 41
0x00007ffa854ad980:   5f 41 5d 5f 5b c3 48 89 3a 49 8b c7 48 83 c4 28
0x00007ffa854ad990:   41 5f 41 5d 5f 5b c3 cc cc cc cc cc cc cc cc cc
0x00007ffa854ad9a0:   48 89 5c 24 18 55 56 57 41 56 41 57 48 83 ec 20
0x00007ffa854ad9b0:   45 33 ff 4c 8b f1 4c 89 39 4c 89 79 08 4c 89 79
0x00007ffa854ad9c0:   10 48 8b 3a 48 8b 6a 08 48 3b fd 0f 84 bd 00 00
0x00007ffa854ad9d0:   00 48 8b f5 48 b8 ff ff ff ff ff ff ff 0f 48 2b
0x00007ffa854ad9e0:   f7 48 c1 fe 04 48 3b f0 0f 87 b4 00 00 00 48 c1
0x00007ffa854ad9f0:   e6 04 48 81 fe 00 10 00 00 72 2c 48 8d 4e 27 48
0x00007ffa854ada00:   3b ce 0f 86 9a 00 00 00 e8 53 66 00 00 48 85 c0
0x00007ffa854ada10:   74 0e 48 8d 58 27 48 83 e3 e0 48 89 43 f8 eb 1c
0x00007ffa854ada20:   ff 15 4a 89 00 00 cc 48 85 f6 74 0d 48 8b ce e8
0x00007ffa854ada30:   2c 66 00 00 48 8b d8 eb 03 49 8b df 49 89 1e 48
0x00007ffa854ada40:   8d 04 1e 49 89 5e 08 49 89 46 10 0f 1f 44 00 00
0x00007ffa854ada50:   4c 89 3b 4c 89 7b 08 48 8b 47 08 48 85 c0 74 04
0x00007ffa854ada60:   f0 ff 40 08 48 8b 07 48 89 03 48 8b 47 08 48 83
0x00007ffa854ada70:   c7 10 48 89 43 08 48 83 c3 10 48 3b fd 75 d1 48
0x00007ffa854ada80:   8b d3 48 8b cb e8 26 eb ff ff 49 89 5e 08 48 8b
0x00007ffa854ada90:   5c 24 60 49 8b c6 48 83 c4 20 41 5f 41 5e 5f 5e
0x00007ffa854adaa0:   5d c3 e8 e9 37 ff ff cc cc cc cc cc cc cc cc cc
0x00007ffa854adab0:   48 89 5c 24 18 57 48 83 ec 20 48 8b 19 48 8b f9
0x00007ffa854adac0:   48 85 db 0f 84 87 00 00 00 48 89 74 24 38 48 8b
0x00007ffa854adad0:   71 08 48 3b de 74 14 48 8b cb e8 51 fa ff ff 48
0x00007ffa854adae0:   83 c3 60 48 3b de 75 ef 48 8b 1f 48 8b 4f 10 48
0x00007ffa854adaf0:   b8 ab aa aa aa aa aa aa 2a 48 8b 74 24 38 48 2b
0x00007ffa854adb00:   cb 48 f7 e9 48 c1 fa 04 48 8b c2 48 c1 e8 3f 48
0x00007ffa854adb10:   03 d0 48 8d 14 52 48 c1 e2 05 48 81 fa 00 10 00
0x00007ffa854adb20:   00 72 18 48 8b 43 f8 48 83 c2 27 48 2b d8 48 83
0x00007ffa854adb30:   c3 f8 48 83 fb 1f 77 23 48 8b d8 48 8b cb e8 59
0x00007ffa854adb40:   65 00 00 33 c0 48 89 07 48 89 47 08 48 89 47 10
0x00007ffa854adb50:   48 8b 5c 24 40 48 83 c4 20 5f c3 ff 15 0f 88 00 


Stack slot to memory mapping:
stack at sp + 0 slots: 0x0000000000000019 is an unknown value
stack at sp + 1 slots: 0x00007ffab0f35b1a ucrtbase.dll
stack at sp + 2 slots: 0x00000095529ff150 is pointing into the stack for thread: 0x0000022fcce8f7a0
stack at sp + 3 slots: 0x0 is NULL
stack at sp + 4 slots: 0x0000022fee8326a0 points into unknown readable memory: 0x6c6c6162746f6f46 | 46 6f 6f 74 62 61 6c 6c
stack at sp + 5 slots: 0x0 is NULL
stack at sp + 6 slots: 0x00000095529ff240 is pointing into the stack for thread: 0x0000022fcce8f7a0
stack at sp + 7 slots: 0x00000095529ff1c0 is pointing into the stack for thread: 0x0000022fcce8f7a0


---------------  P R O C E S S  ---------------

Threads class SMR info:
_java_thread_list=0x0000022fec5b6d60, length=12, elements={
0x0000022fcce8f7a0, 0x0000022feb8e7760, 0x0000022feb8e8310, 0x0000022fec467210,
0x0000022fec467ad0, 0x0000022fec468480, 0x0000022fec468e30, 0x0000022fec475690,
0x0000022fec46a910, 0x0000022fec46bae0, 0x0000022fec5e9010, 0x0000022fec5efc40
}

Java Threads: ( => current thread )
=>0x0000022fcce8f7a0 JavaThread "main" [_thread_in_native, id=29428, stack(0x0000009552900000,0x0000009552a00000)]
  0x0000022feb8e7760 JavaThread "Reference Handler" daemon [_thread_blocked, id=2240, stack(0x0000009553000000,0x0000009553100000)]
  0x0000022feb8e8310 JavaThread "Finalizer" daemon [_thread_blocked, id=24848, stack(0x0000009553100000,0x0000009553200000)]
  0x0000022fec467210 JavaThread "Signal Dispatcher" daemon [_thread_blocked, id=4692, stack(0x0000009553200000,0x0000009553300000)]
  0x0000022fec467ad0 JavaThread "Attach Listener" daemon [_thread_blocked, id=8388, stack(0x0000009553300000,0x0000009553400000)]
  0x0000022fec468480 JavaThread "Service Thread" daemon [_thread_blocked, id=34940, stack(0x0000009553400000,0x0000009553500000)]
  0x0000022fec468e30 JavaThread "Monitor Deflation Thread" daemon [_thread_blocked, id=36412, stack(0x0000009553500000,0x0000009553600000)]
  0x0000022fec475690 JavaThread "C2 CompilerThread0" daemon [_thread_blocked, id=16572, stack(0x0000009553600000,0x0000009553700000)]
  0x0000022fec46a910 JavaThread "C1 CompilerThread0" daemon [_thread_blocked, id=36988, stack(0x0000009553700000,0x0000009553800000)]
  0x0000022fec46bae0 JavaThread "Sweeper thread" daemon [_thread_blocked, id=19332, stack(0x0000009553800000,0x0000009553900000)]
  0x0000022fec5e9010 JavaThread "Notification Thread" daemon [_thread_blocked, id=35112, stack(0x0000009553900000,0x0000009553a00000)]
  0x0000022fec5efc40 JavaThread "Common-Cleaner" daemon [_thread_blocked, id=30500, stack(0x0000009553b00000,0x0000009553c00000)]

Other Threads:
  0x0000022fec420110 VMThread "VM Thread" [stack: 0x0000009552f00000,0x0000009553000000] [id=24228]
  0x0000022fec5e98f0 WatcherThread [stack: 0x0000009553a00000,0x0000009553b00000] [id=23176]
  0x0000022fcceddbf0 GCTaskThread "GC Thread#0" [stack: 0x0000009552a00000,0x0000009552b00000] [id=38888]
  0x0000022fcceeed80 ConcurrentGCThread "G1 Main Marker" [stack: 0x0000009552b00000,0x0000009552c00000] [id=27220]
  0x0000022fcceef630 ConcurrentGCThread "G1 Conc#0" [stack: 0x0000009552c00000,0x0000009552d00000] [id=20244]
  0x0000022feb7620c0 ConcurrentGCThread "G1 Refine#0" [stack: 0x0000009552d00000,0x0000009552e00000] [id=25196]
  0x0000022feb762980 ConcurrentGCThread "G1 Service" [stack: 0x0000009552e00000,0x0000009552f00000] [id=35652]

Threads with active compile tasks:

VM state: not at safepoint (normal execution)

VM Mutex/Monitor currently owned by a thread: None

Heap address: 0x0000000703e00000, size: 4034 MB, Compressed Oops mode: Zero based, Oop shift amount: 3

CDS archive(s) not mapped
Compressed class space mapped at: 0x0000000800000000-0x0000000840000000, reserved size: 1073741824
Narrow klass base: 0x0000000800000000, Narrow klass shift: 0, Narrow klass range: 0x40000000

GC Precious Log:
 CPUs: 8 total, 8 available
 Memory: 16131M
 Large Page Support: Disabled
 NUMA Support: Disabled
 Compressed Oops: Enabled (Zero based)
 Heap Region Size: 2M
 Heap Min Capacity: 8M
 Heap Initial Capacity: 254M
 Heap Max Capacity: 4034M
 Pre-touch: Disabled
 Parallel Workers: 8
 Concurrent Workers: 2
 Concurrent Refinement Workers: 8
 Periodic GC: Disabled

Heap:
 garbage-first heap   total 260096K, used 0K [0x0000000703e00000, 0x0000000800000000)
  region size 2048K, 1 young (2048K), 0 survivors (0K)
 Metaspace       used 3850K, committed 4032K, reserved 1056768K
  class space    used 314K, committed 384K, reserved 1048576K

Heap Regions: E=young(eden), S=young(survivor), O=old, HS=humongous(starts), HC=humongous(continues), CS=collection set, F=free, OA=open archive, CA=closed archive, TAMS=top-at-mark-start (previous, next)
|   0|0x0000000703e00000, 0x0000000703e00000, 0x0000000704000000|  0%| F|  |TAMS 0x0000000703e00000, 0x0000000703e00000| Untracked 
|   1|0x0000000704000000, 0x0000000704000000, 0x0000000704200000|  0%| F|  |TAMS 0x0000000704000000, 0x0000000704000000| Untracked 
|   2|0x0000000704200000, 0x0000000704200000, 0x0000000704400000|  0%| F|  |TAMS 0x0000000704200000, 0x0000000704200000| Untracked 
|   3|0x0000000704400000, 0x0000000704400000, 0x0000000704600000|  0%| F|  |TAMS 0x0000000704400000, 0x0000000704400000| Untracked 
|   4|0x0000000704600000, 0x0000000704600000, 0x0000000704800000|  0%| F|  |TAMS 0x0000000704600000, 0x0000000704600000| Untracked 
|   5|0x0000000704800000, 0x0000000704800000, 0x0000000704a00000|  0%| F|  |TAMS 0x0000000704800000, 0x0000000704800000| Untracked 
|   6|0x0000000704a00000, 0x0000000704a00000, 0x0000000704c00000|  0%| F|  |TAMS 0x0000000704a00000, 0x0000000704a00000| Untracked 
|   7|0x0000000704c00000, 0x0000000704c00000, 0x0000000704e00000|  0%| F|  |TAMS 0x0000000704c00000, 0x0000000704c00000| Untracked 
|   8|0x0000000704e00000, 0x0000000704e00000, 0x0000000705000000|  0%| F|  |TAMS 0x0000000704e00000, 0x0000000704e00000| Untracked 
|   9|0x0000000705000000, 0x0000000705000000, 0x0000000705200000|  0%| F|  |TAMS 0x0000000705000000, 0x0000000705000000| Untracked 
|  10|0x0000000705200000, 0x0000000705200000, 0x0000000705400000|  0%| F|  |TAMS 0x0000000705200000, 0x0000000705200000| Untracked 
|  11|0x0000000705400000, 0x0000000705400000, 0x0000000705600000|  0%| F|  |TAMS 0x0000000705400000, 0x0000000705400000| Untracked 
|  12|0x0000000705600000, 0x0000000705600000, 0x0000000705800000|  0%| F|  |TAMS 0x0000000705600000, 0x0000000705600000| Untracked 
|  13|0x0000000705800000, 0x0000000705800000, 0x0000000705a00000|  0%| F|  |TAMS 0x0000000705800000, 0x0000000705800000| Untracked 
|  14|0x0000000705a00000, 0x0000000705a00000, 0x0000000705c00000|  0%| F|  |TAMS 0x0000000705a00000, 0x0000000705a00000| Untracked 
|  15|0x0000000705c00000, 0x0000000705c00000, 0x0000000705e00000|  0%| F|  |TAMS 0x0000000705c00000, 0x0000000705c00000| Untracked 
|  16|0x0000000705e00000, 0x0000000705e00000, 0x0000000706000000|  0%| F|  |TAMS 0x0000000705e00000, 0x0000000705e00000| Untracked 
|  17|0x0000000706000000, 0x0000000706000000, 0x0000000706200000|  0%| F|  |TAMS 0x0000000706000000, 0x0000000706000000| Untracked 
|  18|0x0000000706200000, 0x0000000706200000, 0x0000000706400000|  0%| F|  |TAMS 0x0000000706200000, 0x0000000706200000| Untracked 
|  19|0x0000000706400000, 0x0000000706400000, 0x0000000706600000|  0%| F|  |TAMS 0x0000000706400000, 0x0000000706400000| Untracked 
|  20|0x0000000706600000, 0x0000000706600000, 0x0000000706800000|  0%| F|  |TAMS 0x0000000706600000, 0x0000000706600000| Untracked 
|  21|0x0000000706800000, 0x0000000706800000, 0x0000000706a00000|  0%| F|  |TAMS 0x0000000706800000, 0x0000000706800000| Untracked 
|  22|0x0000000706a00000, 0x0000000706a00000, 0x0000000706c00000|  0%| F|  |TAMS 0x0000000706a00000, 0x0000000706a00000| Untracked 
|  23|0x0000000706c00000, 0x0000000706c00000, 0x0000000706e00000|  0%| F|  |TAMS 0x0000000706c00000, 0x0000000706c00000| Untracked 
|  24|0x0000000706e00000, 0x0000000706e00000, 0x0000000707000000|  0%| F|  |TAMS 0x0000000706e00000, 0x0000000706e00000| Untracked 
|  25|0x0000000707000000, 0x0000000707000000, 0x0000000707200000|  0%| F|  |TAMS 0x0000000707000000, 0x0000000707000000| Untracked 
|  26|0x0000000707200000, 0x0000000707200000, 0x0000000707400000|  0%| F|  |TAMS 0x0000000707200000, 0x0000000707200000| Untracked 
|  27|0x0000000707400000, 0x0000000707400000, 0x0000000707600000|  0%| F|  |TAMS 0x0000000707400000, 0x0000000707400000| Untracked 
|  28|0x0000000707600000, 0x0000000707600000, 0x0000000707800000|  0%| F|  |TAMS 0x0000000707600000, 0x0000000707600000| Untracked 
|  29|0x0000000707800000, 0x0000000707800000, 0x0000000707a00000|  0%| F|  |TAMS 0x0000000707800000, 0x0000000707800000| Untracked 
|  30|0x0000000707a00000, 0x0000000707a00000, 0x0000000707c00000|  0%| F|  |TAMS 0x0000000707a00000, 0x0000000707a00000| Untracked 
|  31|0x0000000707c00000, 0x0000000707c00000, 0x0000000707e00000|  0%| F|  |TAMS 0x0000000707c00000, 0x0000000707c00000| Untracked 
|  32|0x0000000707e00000, 0x0000000707e00000, 0x0000000708000000|  0%| F|  |TAMS 0x0000000707e00000, 0x0000000707e00000| Untracked 
|  33|0x0000000708000000, 0x0000000708000000, 0x0000000708200000|  0%| F|  |TAMS 0x0000000708000000, 0x0000000708000000| Untracked 
|  34|0x0000000708200000, 0x0000000708200000, 0x0000000708400000|  0%| F|  |TAMS 0x0000000708200000, 0x0000000708200000| Untracked 
|  35|0x0000000708400000, 0x0000000708400000, 0x0000000708600000|  0%| F|  |TAMS 0x0000000708400000, 0x0000000708400000| Untracked 
|  36|0x0000000708600000, 0x0000000708600000, 0x0000000708800000|  0%| F|  |TAMS 0x0000000708600000, 0x0000000708600000| Untracked 
|  37|0x0000000708800000, 0x0000000708800000, 0x0000000708a00000|  0%| F|  |TAMS 0x0000000708800000, 0x0000000708800000| Untracked 
|  38|0x0000000708a00000, 0x0000000708a00000, 0x0000000708c00000|  0%| F|  |TAMS 0x0000000708a00000, 0x0000000708a00000| Untracked 
|  39|0x0000000708c00000, 0x0000000708c00000, 0x0000000708e00000|  0%| F|  |TAMS 0x0000000708c00000, 0x0000000708c00000| Untracked 
|  40|0x0000000708e00000, 0x0000000708e00000, 0x0000000709000000|  0%| F|  |TAMS 0x0000000708e00000, 0x0000000708e00000| Untracked 
|  41|0x0000000709000000, 0x0000000709000000, 0x0000000709200000|  0%| F|  |TAMS 0x0000000709000000, 0x0000000709000000| Untracked 
|  42|0x0000000709200000, 0x0000000709200000, 0x0000000709400000|  0%| F|  |TAMS 0x0000000709200000, 0x0000000709200000| Untracked 
|  43|0x0000000709400000, 0x0000000709400000, 0x0000000709600000|  0%| F|  |TAMS 0x0000000709400000, 0x0000000709400000| Untracked 
|  44|0x0000000709600000, 0x0000000709600000, 0x0000000709800000|  0%| F|  |TAMS 0x0000000709600000, 0x0000000709600000| Untracked 
|  45|0x0000000709800000, 0x0000000709800000, 0x0000000709a00000|  0%| F|  |TAMS 0x0000000709800000, 0x0000000709800000| Untracked 
|  46|0x0000000709a00000, 0x0000000709a00000, 0x0000000709c00000|  0%| F|  |TAMS 0x0000000709a00000, 0x0000000709a00000| Untracked 
|  47|0x0000000709c00000, 0x0000000709c00000, 0x0000000709e00000|  0%| F|  |TAMS 0x0000000709c00000, 0x0000000709c00000| Untracked 
|  48|0x0000000709e00000, 0x0000000709e00000, 0x000000070a000000|  0%| F|  |TAMS 0x0000000709e00000, 0x0000000709e00000| Untracked 
|  49|0x000000070a000000, 0x000000070a000000, 0x000000070a200000|  0%| F|  |TAMS 0x000000070a000000, 0x000000070a000000| Untracked 
|  50|0x000000070a200000, 0x000000070a200000, 0x000000070a400000|  0%| F|  |TAMS 0x000000070a200000, 0x000000070a200000| Untracked 
|  51|0x000000070a400000, 0x000000070a400000, 0x000000070a600000|  0%| F|  |TAMS 0x000000070a400000, 0x000000070a400000| Untracked 
|  52|0x000000070a600000, 0x000000070a600000, 0x000000070a800000|  0%| F|  |TAMS 0x000000070a600000, 0x000000070a600000| Untracked 
|  53|0x000000070a800000, 0x000000070a800000, 0x000000070aa00000|  0%| F|  |TAMS 0x000000070a800000, 0x000000070a800000| Untracked 
|  54|0x000000070aa00000, 0x000000070aa00000, 0x000000070ac00000|  0%| F|  |TAMS 0x000000070aa00000, 0x000000070aa00000| Untracked 
|  55|0x000000070ac00000, 0x000000070ac00000, 0x000000070ae00000|  0%| F|  |TAMS 0x000000070ac00000, 0x000000070ac00000| Untracked 
|  56|0x000000070ae00000, 0x000000070ae00000, 0x000000070b000000|  0%| F|  |TAMS 0x000000070ae00000, 0x000000070ae00000| Untracked 
|  57|0x000000070b000000, 0x000000070b000000, 0x000000070b200000|  0%| F|  |TAMS 0x000000070b000000, 0x000000070b000000| Untracked 
|  58|0x000000070b200000, 0x000000070b200000, 0x000000070b400000|  0%| F|  |TAMS 0x000000070b200000, 0x000000070b200000| Untracked 
|  59|0x000000070b400000, 0x000000070b400000, 0x000000070b600000|  0%| F|  |TAMS 0x000000070b400000, 0x000000070b400000| Untracked 
|  60|0x000000070b600000, 0x000000070b600000, 0x000000070b800000|  0%| F|  |TAMS 0x000000070b600000, 0x000000070b600000| Untracked 
|  61|0x000000070b800000, 0x000000070b800000, 0x000000070ba00000|  0%| F|  |TAMS 0x000000070b800000, 0x000000070b800000| Untracked 
|  62|0x000000070ba00000, 0x000000070ba00000, 0x000000070bc00000|  0%| F|  |TAMS 0x000000070ba00000, 0x000000070ba00000| Untracked 
|  63|0x000000070bc00000, 0x000000070bc00000, 0x000000070be00000|  0%| F|  |TAMS 0x000000070bc00000, 0x000000070bc00000| Untracked 
|  64|0x000000070be00000, 0x000000070be00000, 0x000000070c000000|  0%| F|  |TAMS 0x000000070be00000, 0x000000070be00000| Untracked 
|  65|0x000000070c000000, 0x000000070c000000, 0x000000070c200000|  0%| F|  |TAMS 0x000000070c000000, 0x000000070c000000| Untracked 
|  66|0x000000070c200000, 0x000000070c200000, 0x000000070c400000|  0%| F|  |TAMS 0x000000070c200000, 0x000000070c200000| Untracked 
|  67|0x000000070c400000, 0x000000070c400000, 0x000000070c600000|  0%| F|  |TAMS 0x000000070c400000, 0x000000070c400000| Untracked 
|  68|0x000000070c600000, 0x000000070c600000, 0x000000070c800000|  0%| F|  |TAMS 0x000000070c600000, 0x000000070c600000| Untracked 
|  69|0x000000070c800000, 0x000000070c800000, 0x000000070ca00000|  0%| F|  |TAMS 0x000000070c800000, 0x000000070c800000| Untracked 
|  70|0x000000070ca00000, 0x000000070ca00000, 0x000000070cc00000|  0%| F|  |TAMS 0x000000070ca00000, 0x000000070ca00000| Untracked 
|  71|0x000000070cc00000, 0x000000070cc00000, 0x000000070ce00000|  0%| F|  |TAMS 0x000000070cc00000, 0x000000070cc00000| Untracked 
|  72|0x000000070ce00000, 0x000000070ce00000, 0x000000070d000000|  0%| F|  |TAMS 0x000000070ce00000, 0x000000070ce00000| Untracked 
|  73|0x000000070d000000, 0x000000070d000000, 0x000000070d200000|  0%| F|  |TAMS 0x000000070d000000, 0x000000070d000000| Untracked 
|  74|0x000000070d200000, 0x000000070d200000, 0x000000070d400000|  0%| F|  |TAMS 0x000000070d200000, 0x000000070d200000| Untracked 
|  75|0x000000070d400000, 0x000000070d400000, 0x000000070d600000|  0%| F|  |TAMS 0x000000070d400000, 0x000000070d400000| Untracked 
|  76|0x000000070d600000, 0x000000070d600000, 0x000000070d800000|  0%| F|  |TAMS 0x000000070d600000, 0x000000070d600000| Untracked 
|  77|0x000000070d800000, 0x000000070d800000, 0x000000070da00000|  0%| F|  |TAMS 0x000000070d800000, 0x000000070d800000| Untracked 
|  78|0x000000070da00000, 0x000000070da00000, 0x000000070dc00000|  0%| F|  |TAMS 0x000000070da00000, 0x000000070da00000| Untracked 
|  79|0x000000070dc00000, 0x000000070dc00000, 0x000000070de00000|  0%| F|  |TAMS 0x000000070dc00000, 0x000000070dc00000| Untracked 
|  80|0x000000070de00000, 0x000000070de00000, 0x000000070e000000|  0%| F|  |TAMS 0x000000070de00000, 0x000000070de00000| Untracked 
|  81|0x000000070e000000, 0x000000070e000000, 0x000000070e200000|  0%| F|  |TAMS 0x000000070e000000, 0x000000070e000000| Untracked 
|  82|0x000000070e200000, 0x000000070e200000, 0x000000070e400000|  0%| F|  |TAMS 0x000000070e200000, 0x000000070e200000| Untracked 
|  83|0x000000070e400000, 0x000000070e400000, 0x000000070e600000|  0%| F|  |TAMS 0x000000070e400000, 0x000000070e400000| Untracked 
|  84|0x000000070e600000, 0x000000070e600000, 0x000000070e800000|  0%| F|  |TAMS 0x000000070e600000, 0x000000070e600000| Untracked 
|  85|0x000000070e800000, 0x000000070e800000, 0x000000070ea00000|  0%| F|  |TAMS 0x000000070e800000, 0x000000070e800000| Untracked 
|  86|0x000000070ea00000, 0x000000070ea00000, 0x000000070ec00000|  0%| F|  |TAMS 0x000000070ea00000, 0x000000070ea00000| Untracked 
|  87|0x000000070ec00000, 0x000000070ec00000, 0x000000070ee00000|  0%| F|  |TAMS 0x000000070ec00000, 0x000000070ec00000| Untracked 
|  88|0x000000070ee00000, 0x000000070ee00000, 0x000000070f000000|  0%| F|  |TAMS 0x000000070ee00000, 0x000000070ee00000| Untracked 
|  89|0x000000070f000000, 0x000000070f000000, 0x000000070f200000|  0%| F|  |TAMS 0x000000070f000000, 0x000000070f000000| Untracked 
|  90|0x000000070f200000, 0x000000070f200000, 0x000000070f400000|  0%| F|  |TAMS 0x000000070f200000, 0x000000070f200000| Untracked 
|  91|0x000000070f400000, 0x000000070f400000, 0x000000070f600000|  0%| F|  |TAMS 0x000000070f400000, 0x000000070f400000| Untracked 
|  92|0x000000070f600000, 0x000000070f600000, 0x000000070f800000|  0%| F|  |TAMS 0x000000070f600000, 0x000000070f600000| Untracked 
|  93|0x000000070f800000, 0x000000070f800000, 0x000000070fa00000|  0%| F|  |TAMS 0x000000070f800000, 0x000000070f800000| Untracked 
|  94|0x000000070fa00000, 0x000000070fa00000, 0x000000070fc00000|  0%| F|  |TAMS 0x000000070fa00000, 0x000000070fa00000| Untracked 
|  95|0x000000070fc00000, 0x000000070fc00000, 0x000000070fe00000|  0%| F|  |TAMS 0x000000070fc00000, 0x000000070fc00000| Untracked 
|  96|0x000000070fe00000, 0x000000070fe00000, 0x0000000710000000|  0%| F|  |TAMS 0x000000070fe00000, 0x000000070fe00000| Untracked 
|  97|0x0000000710000000, 0x0000000710000000, 0x0000000710200000|  0%| F|  |TAMS 0x0000000710000000, 0x0000000710000000| Untracked 
|  98|0x0000000710200000, 0x0000000710200000, 0x0000000710400000|  0%| F|  |TAMS 0x0000000710200000, 0x0000000710200000| Untracked 
|  99|0x0000000710400000, 0x0000000710400000, 0x0000000710600000|  0%| F|  |TAMS 0x0000000710400000, 0x0000000710400000| Untracked 
| 100|0x0000000710600000, 0x0000000710600000, 0x0000000710800000|  0%| F|  |TAMS 0x0000000710600000, 0x0000000710600000| Untracked 
| 101|0x0000000710800000, 0x0000000710800000, 0x0000000710a00000|  0%| F|  |TAMS 0x0000000710800000, 0x0000000710800000| Untracked 
| 102|0x0000000710a00000, 0x0000000710a00000, 0x0000000710c00000|  0%| F|  |TAMS 0x0000000710a00000, 0x0000000710a00000| Untracked 
| 103|0x0000000710c00000, 0x0000000710c00000, 0x0000000710e00000|  0%| F|  |TAMS 0x0000000710c00000, 0x0000000710c00000| Untracked 
| 104|0x0000000710e00000, 0x0000000710e00000, 0x0000000711000000|  0%| F|  |TAMS 0x0000000710e00000, 0x0000000710e00000| Untracked 
| 105|0x0000000711000000, 0x0000000711000000, 0x0000000711200000|  0%| F|  |TAMS 0x0000000711000000, 0x0000000711000000| Untracked 
| 106|0x0000000711200000, 0x0000000711200000, 0x0000000711400000|  0%| F|  |TAMS 0x0000000711200000, 0x0000000711200000| Untracked 
| 107|0x0000000711400000, 0x0000000711400000, 0x0000000711600000|  0%| F|  |TAMS 0x0000000711400000, 0x0000000711400000| Untracked 
| 108|0x0000000711600000, 0x0000000711600000, 0x0000000711800000|  0%| F|  |TAMS 0x0000000711600000, 0x0000000711600000| Untracked 
| 109|0x0000000711800000, 0x0000000711800000, 0x0000000711a00000|  0%| F|  |TAMS 0x0000000711800000, 0x0000000711800000| Untracked 
| 110|0x0000000711a00000, 0x0000000711a00000, 0x0000000711c00000|  0%| F|  |TAMS 0x0000000711a00000, 0x0000000711a00000| Untracked 
| 111|0x0000000711c00000, 0x0000000711c00000, 0x0000000711e00000|  0%| F|  |TAMS 0x0000000711c00000, 0x0000000711c00000| Untracked 
| 112|0x0000000711e00000, 0x0000000711e00000, 0x0000000712000000|  0%| F|  |TAMS 0x0000000711e00000, 0x0000000711e00000| Untracked 
| 113|0x0000000712000000, 0x0000000712000000, 0x0000000712200000|  0%| F|  |TAMS 0x0000000712000000, 0x0000000712000000| Untracked 
| 114|0x0000000712200000, 0x0000000712200000, 0x0000000712400000|  0%| F|  |TAMS 0x0000000712200000, 0x0000000712200000| Untracked 
| 115|0x0000000712400000, 0x0000000712400000, 0x0000000712600000|  0%| F|  |TAMS 0x0000000712400000, 0x0000000712400000| Untracked 
| 116|0x0000000712600000, 0x0000000712600000, 0x0000000712800000|  0%| F|  |TAMS 0x0000000712600000, 0x0000000712600000| Untracked 
| 117|0x0000000712800000, 0x0000000712800000, 0x0000000712a00000|  0%| F|  |TAMS 0x0000000712800000, 0x0000000712800000| Untracked 
| 118|0x0000000712a00000, 0x0000000712a00000, 0x0000000712c00000|  0%| F|  |TAMS 0x0000000712a00000, 0x0000000712a00000| Untracked 
| 119|0x0000000712c00000, 0x0000000712c00000, 0x0000000712e00000|  0%| F|  |TAMS 0x0000000712c00000, 0x0000000712c00000| Untracked 
| 120|0x0000000712e00000, 0x0000000712e00000, 0x0000000713000000|  0%| F|  |TAMS 0x0000000712e00000, 0x0000000712e00000| Untracked 
| 121|0x0000000713000000, 0x0000000713000000, 0x0000000713200000|  0%| F|  |TAMS 0x0000000713000000, 0x0000000713000000| Untracked 
| 122|0x0000000713200000, 0x0000000713200000, 0x0000000713400000|  0%| F|  |TAMS 0x0000000713200000, 0x0000000713200000| Untracked 
| 123|0x0000000713400000, 0x0000000713400000, 0x0000000713600000|  0%| F|  |TAMS 0x0000000713400000, 0x0000000713400000| Untracked 
| 124|0x0000000713600000, 0x0000000713600000, 0x0000000713800000|  0%| F|  |TAMS 0x0000000713600000, 0x0000000713600000| Untracked 
| 125|0x0000000713800000, 0x0000000713800000, 0x0000000713a00000|  0%| F|  |TAMS 0x0000000713800000, 0x0000000713800000| Untracked 
| 126|0x0000000713a00000, 0x0000000713bc2a48, 0x0000000713c00000| 88%| E|  |TAMS 0x0000000713a00000, 0x0000000713a00000| Complete 

Card table byte_map: [0x0000022fe0080000,0x0000022fe0870000] _byte_map_base: 0x0000022fdc861000

Marking Bits (Prev, Next): (CMBitMap*) 0x0000022fccede0a0, (CMBitMap*) 0x0000022fccede0e0
 Prev Bits: [0x0000022fe1060000, 0x0000022fe4f68000)
 Next Bits: [0x0000022fe4f70000, 0x0000022fe8e78000)

Polling page: 0x0000022fcae70000

Metaspace:

Usage:
  Non-class:      3.45 MB used.
      Class:    314.24 KB used.
       Both:      3.76 MB used.

Virtual space:
  Non-class space:        8.00 MB reserved,       3.56 MB ( 45%) committed,  1 nodes.
      Class space:        1.00 GB reserved,     384.00 KB ( <1%) committed,  1 nodes.
             Both:        1.01 GB reserved,       3.94 MB ( <1%) committed. 

Chunk freelists:
   Non-Class:  4.00 MB
       Class:  3.62 MB
        Both:  7.62 MB

MaxMetaspaceSize: unlimited
CompressedClassSpaceSize: 1.00 GB
Initial GC threshold: 21.00 MB
Current GC threshold: 21.00 MB
CDS: off
MetaspaceReclaimPolicy: balanced
 - commit_granule_bytes: 65536.
 - commit_granule_words: 8192.
 - virtual_space_node_default_size: 1048576.
 - enlarge_chunks_in_place: 1.
 - new_chunks_are_fully_committed: 0.
 - uncommit_free_chunks: 1.
 - use_allocation_guard: 0.
 - handle_deallocations: 1.


Internal statistics:

num_allocs_failed_limit: 0.
num_arena_births: 4.
num_arena_deaths: 0.
num_vsnodes_births: 2.
num_vsnodes_deaths: 0.
num_space_committed: 63.
num_space_uncommitted: 0.
num_chunks_returned_to_freelist: 0.
num_chunks_taken_from_freelist: 6.
num_chunk_merges: 0.
num_chunk_splits: 2.
num_chunks_enlarged: 0.
num_purges: 0.
num_inconsistent_stats: 0.

CodeHeap 'non-profiled nmethods': size=120000Kb used=13Kb max_used=13Kb free=119986Kb
 bounds [0x0000022fd8020000, 0x0000022fd8290000, 0x0000022fdf550000]
CodeHeap 'profiled nmethods': size=120000Kb used=80Kb max_used=80Kb free=119919Kb
 bounds [0x0000022fd0af0000, 0x0000022fd0d60000, 0x0000022fd8020000]
CodeHeap 'non-nmethods': size=5760Kb used=1033Kb max_used=1038Kb free=4726Kb
 bounds [0x0000022fd0550000, 0x0000022fd07c0000, 0x0000022fd0af0000]
 total_blobs=350 nmethods=62 adapters=201
 compilation: enabled
              stopped_count=0, restarted_count=0
 full_count=0

Compilation events (20 events):
Event: 0.092 Thread 0x0000022fec46a910   52       1       java.lang.module.ModuleDescriptor$Exports::source (5 bytes)
Event: 0.092 Thread 0x0000022fec46a910 nmethod 52 0x0000022fd8022690 code [0x0000022fd8022820, 0x0000022fd80228f8]
Event: 0.092 Thread 0x0000022fec46a910   55       3       java.util.HashMap::get (19 bytes)
Event: 0.092 Thread 0x0000022fec46a910 nmethod 55 0x0000022fd0b02a10 code [0x0000022fd0b02bc0, 0x0000022fd0b02d88]
Event: 0.093 Thread 0x0000022fec46a910   56       3       java.util.ImmutableCollections$Set12$1::hasNext (13 bytes)
Event: 0.093 Thread 0x0000022fec46a910 nmethod 56 0x0000022fd0b02e90 code [0x0000022fd0b03020, 0x0000022fd0b03198]
Event: 0.093 Thread 0x0000022fec46a910   53       1       java.lang.module.ModuleDescriptor::isAutomatic (5 bytes)
Event: 0.093 Thread 0x0000022fec46a910 nmethod 53 0x0000022fd8022990 code [0x0000022fd8022b20, 0x0000022fd8022bf8]
Event: 0.093 Thread 0x0000022fec46a910   57       1       java.lang.module.ResolvedModule::configuration (5 bytes)
Event: 0.093 Thread 0x0000022fec46a910 nmethod 57 0x0000022fd8022c90 code [0x0000022fd8022e20, 0x0000022fd8022ef8]
Event: 0.093 Thread 0x0000022fec46a910   58       1       java.lang.module.ModuleDescriptor$Exports::targets (5 bytes)
Event: 0.093 Thread 0x0000022fec46a910 nmethod 58 0x0000022fd8022f90 code [0x0000022fd8023120, 0x0000022fd80231f8]
Event: 0.093 Thread 0x0000022fec46a910   59       3       java.util.ImmutableCollections$Set12::iterator (9 bytes)
Event: 0.093 Thread 0x0000022fec46a910 nmethod 59 0x0000022fd0b03210 code [0x0000022fd0b033c0, 0x0000022fd0b036b8]
Event: 0.093 Thread 0x0000022fec46a910   60       1       java.util.ImmutableCollections$Set12::isEmpty (2 bytes)
Event: 0.093 Thread 0x0000022fec46a910 nmethod 60 0x0000022fd8023290 code [0x0000022fd8023420, 0x0000022fd80234f8]
Event: 0.097 Thread 0x0000022fec46a910   61       3       java.lang.AbstractStringBuilder::ensureCapacityInternal (39 bytes)
Event: 0.097 Thread 0x0000022fec46a910 nmethod 61 0x0000022fd0b03790 code [0x0000022fd0b03940, 0x0000022fd0b03b78]
Event: 0.100 Thread 0x0000022fec46a910   62       3       java.lang.String::isEmpty (14 bytes)
Event: 0.100 Thread 0x0000022fec46a910 nmethod 62 0x0000022fd0b03c90 code [0x0000022fd0b03e20, 0x0000022fd0b03f98]

GC Heap History (0 events):
No events

Deoptimization events (0 events):
No events

Classes unloaded (0 events):
No events

Classes redefined (0 events):
No events

Internal exceptions (0 events):
No events

VM Operations (2 events):
Event: 1.049 Executing VM operation: Cleanup
Event: 1.049 Executing VM operation: Cleanup done

Events (20 events):
Event: 0.119 loading class java/nio/CharBuffer
Event: 0.120 loading class java/lang/Readable
Event: 0.120 loading class java/lang/Readable done
Event: 0.120 loading class java/nio/CharBuffer done
Event: 0.120 loading class java/nio/HeapCharBuffer
Event: 0.120 loading class java/nio/HeapCharBuffer done
Event: 0.120 loading class java/nio/charset/CoderResult
Event: 0.120 loading class java/nio/charset/CoderResult done
Event: 0.120 loading class java/util/concurrent/ConcurrentHashMap$ValuesView
Event: 0.120 loading class java/util/concurrent/ConcurrentHashMap$CollectionView
Event: 0.120 loading class java/util/concurrent/ConcurrentHashMap$CollectionView done
Event: 0.121 loading class java/util/concurrent/ConcurrentHashMap$ValuesView done
Event: 0.121 loading class java/util/concurrent/ConcurrentHashMap$ValueIterator
Event: 0.121 loading class java/util/Enumeration
Event: 0.121 loading class java/util/Enumeration done
Event: 0.121 loading class java/util/concurrent/ConcurrentHashMap$BaseIterator
Event: 0.121 loading class java/util/concurrent/ConcurrentHashMap$Traverser
Event: 0.121 loading class java/util/concurrent/ConcurrentHashMap$Traverser done
Event: 0.121 loading class java/util/concurrent/ConcurrentHashMap$BaseIterator done
Event: 0.121 loading class java/util/concurrent/ConcurrentHashMap$ValueIterator done


Dynamic libraries:
0x00007ff71d320000 - 0x00007ff71d32e000 	C:\Users\Lenovo\.p2\pool\plugins\org.eclipse.justj.openjdk.hotspot.jre.full.win32.x86_64_17.0.2.v20220201-1208\jre\bin\javaw.exe
0x00007ffab3920000 - 0x00007ffab3b29000 	C:\WINDOWS\SYSTEM32\ntdll.dll
0x00007ffab2710000 - 0x00007ffab27cd000 	C:\WINDOWS\System32\KERNEL32.DLL
0x00007ffab1050000 - 0x00007ffab13c9000 	C:\WINDOWS\System32\KERNELBASE.dll
0x00007ffab0f30000 - 0x00007ffab1041000 	C:\WINDOWS\System32\ucrtbase.dll
0x00007ffa9ac70000 - 0x00007ffa9ac88000 	C:\Users\Lenovo\.p2\pool\plugins\org.eclipse.justj.openjdk.hotspot.jre.full.win32.x86_64_17.0.2.v20220201-1208\jre\bin\jli.dll
0x00007ffa8e470000 - 0x00007ffa8e489000 	C:\Users\Lenovo\.p2\pool\plugins\org.eclipse.justj.openjdk.hotspot.jre.full.win32.x86_64_17.0.2.v20220201-1208\jre\bin\VCRUNTIME140.dll
0x00007ffab1e50000 - 0x00007ffab1ffc000 	C:\WINDOWS\System32\USER32.dll
0x00007ffa93c20000 - 0x00007ffa93ec5000 	C:\WINDOWS\WinSxS\amd64_microsoft.windows.common-controls_6595b64144ccf1df_6.0.22000.120_none_9d947278b86cc467\COMCTL32.dll
0x00007ffab1660000 - 0x00007ffab1686000 	C:\WINDOWS\System32\win32u.dll
0x00007ffab2880000 - 0x00007ffab2923000 	C:\WINDOWS\System32\msvcrt.dll
0x00007ffab3890000 - 0x00007ffab38b9000 	C:\WINDOWS\System32\GDI32.dll
0x00007ffab0e10000 - 0x00007ffab0f22000 	C:\WINDOWS\System32\gdi32full.dll
0x00007ffab15c0000 - 0x00007ffab165d000 	C:\WINDOWS\System32\msvcp_win.dll
0x00007ffab3160000 - 0x00007ffab3191000 	C:\WINDOWS\System32\IMM32.DLL
0x00007ffa9c040000 - 0x00007ffa9c04c000 	C:\Users\Lenovo\.p2\pool\plugins\org.eclipse.justj.openjdk.hotspot.jre.full.win32.x86_64_17.0.2.v20220201-1208\jre\bin\vcruntime140_1.dll
0x00007ffa72f30000 - 0x00007ffa72fc1000 	C:\Users\Lenovo\.p2\pool\plugins\org.eclipse.justj.openjdk.hotspot.jre.full.win32.x86_64_17.0.2.v20220201-1208\jre\bin\msvcp140.dll
0x00007ffa2bc60000 - 0x00007ffa2c8a7000 	C:\Users\Lenovo\.p2\pool\plugins\org.eclipse.justj.openjdk.hotspot.jre.full.win32.x86_64_17.0.2.v20220201-1208\jre\bin\server\jvm.dll
0x00007ffab27d0000 - 0x00007ffab287e000 	C:\WINDOWS\System32\ADVAPI32.dll
0x00007ffab2390000 - 0x00007ffab242e000 	C:\WINDOWS\System32\sechost.dll
0x00007ffab18c0000 - 0x00007ffab19e0000 	C:\WINDOWS\System32\RPCRT4.dll
0x00007ffab2930000 - 0x00007ffab2938000 	C:\WINDOWS\System32\PSAPI.DLL
0x00007ffa9c7e0000 - 0x00007ffa9c7e9000 	C:\WINDOWS\SYSTEM32\WSOCK32.dll
0x00007ffaa9690000 - 0x00007ffaa96c3000 	C:\WINDOWS\SYSTEM32\WINMM.dll
0x00007ffab2640000 - 0x00007ffab26af000 	C:\WINDOWS\System32\WS2_32.dll
0x00007ffaa8ec0000 - 0x00007ffaa8eca000 	C:\WINDOWS\SYSTEM32\VERSION.dll
0x00007ffaaffc0000 - 0x00007ffaaffd8000 	C:\WINDOWS\SYSTEM32\kernel.appcore.dll
0x00007ffa9c790000 - 0x00007ffa9c79a000 	C:\Users\Lenovo\.p2\pool\plugins\org.eclipse.justj.openjdk.hotspot.jre.full.win32.x86_64_17.0.2.v20220201-1208\jre\bin\jimage.dll
0x00007ffaaeac0000 - 0x00007ffaaece1000 	C:\WINDOWS\SYSTEM32\DBGHELP.DLL
0x00007ffaa5110000 - 0x00007ffaa5141000 	C:\WINDOWS\SYSTEM32\dbgcore.DLL
0x00007ffab13d0000 - 0x00007ffab144f000 	C:\WINDOWS\System32\bcryptPrimitives.dll
0x00007ffa8bd40000 - 0x00007ffa8bd65000 	C:\Users\Lenovo\.p2\pool\plugins\org.eclipse.justj.openjdk.hotspot.jre.full.win32.x86_64_17.0.2.v20220201-1208\jre\bin\java.dll
0x00007ffa92a80000 - 0x00007ffa92a98000 	C:\Users\Lenovo\.p2\pool\plugins\org.eclipse.justj.openjdk.hotspot.jre.full.win32.x86_64_17.0.2.v20220201-1208\jre\bin\zip.dll
0x00007ffab29b0000 - 0x00007ffab315f000 	C:\WINDOWS\System32\SHELL32.dll
0x00007ffaaef50000 - 0x00007ffaaf7b8000 	C:\WINDOWS\SYSTEM32\windows.storage.dll
0x00007ffab3490000 - 0x00007ffab3808000 	C:\WINDOWS\System32\combase.dll
0x00007ffaaede0000 - 0x00007ffaaef46000 	C:\WINDOWS\SYSTEM32\wintypes.dll
0x00007ffab17d0000 - 0x00007ffab18ba000 	C:\WINDOWS\System32\SHCORE.dll
0x00007ffab2230000 - 0x00007ffab228d000 	C:\WINDOWS\System32\shlwapi.dll
0x00007ffab0d40000 - 0x00007ffab0d61000 	C:\WINDOWS\SYSTEM32\profapi.dll
0x00007ffa854a0000 - 0x00007ffa854c2000 	C:\Users\Lenovo\eclipse-workspace\POOP\src\Proba.dll

dbghelp: loaded successfully - version: 4.0.5 - missing functions: none
symbol engine: initialized successfully - sym options: 0x614 - pdb path: .;C:\Users\Lenovo\.p2\pool\plugins\org.eclipse.justj.openjdk.hotspot.jre.full.win32.x86_64_17.0.2.v20220201-1208\jre\bin;C:\WINDOWS\SYSTEM32;C:\WINDOWS\WinSxS\amd64_microsoft.windows.common-controls_6595b64144ccf1df_6.0.22000.120_none_9d947278b86cc467;C:\Users\Lenovo\.p2\pool\plugins\org.eclipse.justj.openjdk.hotspot.jre.full.win32.x86_64_17.0.2.v20220201-1208\jre\bin\server;C:\Users\Lenovo\eclipse-workspace\POOP\src

VM Arguments:
jvm_args: -Djava.library.path=C:\Users\Lenovo\eclipse-workspace\POOP\src -Dfile.encoding=Cp1252 -XX:+ShowCodeDetailsInExceptionMessages 
java_command: olympicgames.OlympicGames
java_class_path (initial): C:\Users\Lenovo\eclipse-workspace\POOP\bin
Launcher Type: SUN_STANDARD

[Global flags]
     intx CICompilerCount                          = 4                                         {product} {ergonomic}
     uint ConcGCThreads                            = 2                                         {product} {ergonomic}
     uint G1ConcRefinementThreads                  = 8                                         {product} {ergonomic}
   size_t G1HeapRegionSize                         = 2097152                                   {product} {ergonomic}
    uintx GCDrainStackTargetSize                   = 64                                        {product} {ergonomic}
   size_t InitialHeapSize                          = 266338304                                 {product} {ergonomic}
   size_t MarkStackSize                            = 4194304                                   {product} {ergonomic}
   size_t MaxHeapSize                              = 4229955584                                {product} {ergonomic}
   size_t MaxNewSize                               = 2537553920                                {product} {ergonomic}
   size_t MinHeapDeltaBytes                        = 2097152                                   {product} {ergonomic}
   size_t MinHeapSize                              = 8388608                                   {product} {ergonomic}
    uintx NonNMethodCodeHeapSize                   = 5839372                                {pd product} {ergonomic}
    uintx NonProfiledCodeHeapSize                  = 122909434                              {pd product} {ergonomic}
    uintx ProfiledCodeHeapSize                     = 122909434                              {pd product} {ergonomic}
    uintx ReservedCodeCacheSize                    = 251658240                              {pd product} {ergonomic}
     bool SegmentedCodeCache                       = true                                      {product} {ergonomic}
     bool ShowCodeDetailsInExceptionMessages       = true                                   {manageable} {command line}
   size_t SoftMaxHeapSize                          = 4229955584                             {manageable} {ergonomic}
     bool UseCompressedClassPointers               = true                           {product lp64_product} {ergonomic}
     bool UseCompressedOops                        = true                           {product lp64_product} {ergonomic}
     bool UseG1GC                                  = true                                      {product} {ergonomic}
     bool UseLargePagesIndividualAllocation        = false                                  {pd product} {ergonomic}

Logging:
Log output configuration:
 #0: stdout all=warning uptime,level,tags
 #1: stderr all=off uptime,level,tags

Environment Variables:
JAVA_HOME=C:\Program Files\Microsoft\jdk-11.0.14.101-hotspot\
PATH=C:/Users/Lenovo/.p2/pool/plugins/org.eclipse.justj.openjdk.hotspot.jre.full.win32.x86_64_17.0.2.v20220201-1208/jre/bin/server;C:/Users/Lenovo/.p2/pool/plugins/org.eclipse.justj.openjdk.hotspot.jre.full.win32.x86_64_17.0.2.v20220201-1208/jre/bin;C:\Program Files (x86)\Common Files\Oracle\Java\javapath;C:\Program Files (x86)\VMware\VMware Player\bin\;C:\WINDOWS\system32;C:\WINDOWS;C:\WINDOWS\System32\Wbem;C:\WINDOWS\System32\WindowsPowerShell\v1.0\;C:\WINDOWS\System32\OpenSSH\;C:\Program Files\Git\cmd;C:\Program Files\Java\jdk1.8.0_202\bin;C:\swigwin-4.0.2;C:\Users\Lenovo\AppData\Local\Microsoft\WindowsApps;C:\Users\Lenovo\AppData\Local\Programs\Microsoft VS Code\bin;C:\Users\Lenovo\AppData\Local\GitHubDesktop\bin;\MinGW\bin;C:\Users\Lenovo\AppData\Local\Programs\MiKTeX\miktex\bin\x64\;;C:\WINDOWS\system32;
USERNAME=Lenovo
OS=Windows_NT
PROCESSOR_IDENTIFIER=Intel64 Family 6 Model 142 Stepping 11, GenuineIntel



---------------  S Y S T E M  ---------------

OS:
 Windows 11 , 64 bit Build 22000 (10.0.22000.675)
OS uptime: 29 days 4:14 hours
Hyper-V role detected

CPU: total 8 (initial active 8) (4 cores per cpu, 2 threads per core) family 6 model 142 stepping 11 microcode 0xde, cx8, cmov, fxsr, ht, mmx, 3dnowpref, sse, sse2, sse3, ssse3, sse4.1, sse4.2, popcnt, lzcnt, tsc, tscinvbit, avx, avx2, aes, erms, clmul, bmi1, bmi2, adx, fma, vzeroupper, clflush, clflushopt, hv

Memory: 4k page, system-wide physical 16131M (4831M free)
TotalPageFile size 25342M (AvailPageFile size 8059M)
current process WorkingSet (physical memory assigned to process): 116M, peak: 116M
current process commit charge ("private bytes"): 424M, peak: 425M

vm_info: OpenJDK 64-Bit Server VM (17.0.2+8) for windows-amd64 JRE (17.0.2+8), built on Jan 20 2022 04:52:34 by "" with MS VC++ 16.7 (VS2019)

END.
